------------------------------
  Elements     Atomic Weight  
------------------------------
  1.	H          1.00800002
  2.	O         15.99899960
  3.	C         12.01099968
  4.	N         14.00699997
  5.	AR        39.94800186
------------------------------


----------------------------------------------------------------------------------------------------------------------
                                                Molecular        Temperature        Elements
  Species                  Phase  Charge         weight         Low      High       H       O       C       N      AR
----------------------------------------------------------------------------------------------------------------------
    1. H2                    G      0            2.016000    200.00   3500.00       2       0       0       0       0
    2. H                     G      0            1.008000    200.00   3500.00       1       0       0       0       0
    3. O                     G      0           15.999000    200.00   3500.00       0       1       0       0       0
    4. O2                    G      0           31.997999    200.00   3500.00       0       2       0       0       0
    5. OH                    G      0           17.007000    200.00   3500.00       1       1       0       0       0
    6. H2O                   G      0           18.015000    200.00   3500.00       2       1       0       0       0
    7. HO2                   G      0           33.005999    200.00   3500.00       1       2       0       0       0
    8. H2O2                  G      0           34.013999    200.00   3500.00       2       2       0       0       0
    9. C                     G      0           12.011000    200.00   3500.00       0       0       1       0       0
   10. CH                    G      0           13.019000    200.00   3500.00       1       0       1       0       0
   11. CH2                   G      0           14.027000    200.00   3500.00       2       0       1       0       0
   12. CH2(S)                G      0           14.027000    200.00   3500.00       2       0       1       0       0
   13. CH3                   G      0           15.035000    200.00   3500.00       3       0       1       0       0
   14. CH4                   G      0           16.043000    200.00   3500.00       4       0       1       0       0
   15. CO                    G      0           28.009999    200.00   3500.00       0       1       1       0       0
   16. CO2                   G      0           44.008999    200.00   3500.00       0       2       1       0       0
   17. HCO                   G      0           29.017999    200.00   3500.00       1       1       1       0       0
   18. CH2O                  G      0           30.025999    200.00   3500.00       2       1       1       0       0
   19. CH2OH                 G      0           31.033999    200.00   3500.00       3       1       1       0       0
   20. CH3O                  G      0           31.033999    300.00   3000.00       3       1       1       0       0
   21. CH3OH                 G      0           32.041999    200.00   3500.00       4       1       1       0       0
   22. C2H                   G      0           25.029999    200.00   3500.00       1       0       2       0       0
   23. C2H2                  G      0           26.037999    200.00   3500.00       2       0       2       0       0
   24. C2H3                  G      0           27.045999    200.00   3500.00       3       0       2       0       0
   25. C2H4                  G      0           28.053999    200.00   3500.00       4       0       2       0       0
   26. C2H5                  G      0           29.061999    200.00   3500.00       5       0       2       0       0
   27. C2H6                  G      0           30.069999    200.00   3500.00       6       0       2       0       0
   28. HCCO                  G      0           41.028999    300.00   4000.00       1       1       2       0       0
   29. CH2CO                 G      0           42.036999    200.00   3500.00       2       1       2       0       0
   30. HCCOH                 G      0           42.036999    300.00   5000.00       2       1       2       0       0
   31. N                     G      0           14.007000    200.00   6000.00       0       0       0       1       0
   32. NH                    G      0           15.015000    200.00   6000.00       1       0       0       1       0
   33. NH2                   G      0           16.023000    200.00   6000.00       2       0       0       1       0
   34. NH3                   G      0           17.031000    200.00   6000.00       3       0       0       1       0
   35. NNH                   G      0           29.022000    200.00   6000.00       1       0       0       2       0
   36. NO                    G      0           30.006000    200.00   6000.00       0       1       0       1       0
   37. NO2                   G      0           46.004999    200.00   6000.00       0       2       0       1       0
   38. N2O                   G      0           44.013000    200.00   6000.00       0       1       0       2       0
   39. HNO                   G      0           31.014000    200.00   6000.00       1       1       0       1       0
   40. CN                    G      0           26.018000    200.00   6000.00       0       0       1       1       0
   41. HCN                   G      0           27.026000    200.00   6000.00       1       0       1       1       0
   42. H2CN                  G      0           28.034000    300.00   4000.00       2       0       1       1       0
   43. HCNN                  G      0           41.033000    300.00   5000.00       1       0       1       2       0
   44. HCNO                  G      0           43.024999    300.00   5000.00       1       1       1       1       0
   45. HOCN                  G      0           43.024999    300.00   5000.00       1       1       1       1       0
   46. HNCO                  G      0           43.024999    300.00   5000.00       1       1       1       1       0
   47. NCO                   G      0           42.016999    200.00   6000.00       0       1       1       1       0
   48. N2                    G      0           28.014000    300.00   5000.00       0       0       0       2       0
   49. AR                    G      0           39.948002    300.00   5000.00       0       0       0       0       1
   50. C3H7                  G      0           43.088999    300.00   5000.00       7       0       3       0       0
   51. C3H8                  G      0           44.096999    300.00   5000.00       8       0       3       0       0
   52. CH2CHO                G      0           43.044999    300.00   5000.00       3       1       2       0       0
   53. CH3CHO                G      0           44.052999    200.00   6000.00       4       1       2       0       0
----------------------------------------------------------------------------------------------------------------------

---------------------------------------------------------------------------------------
                                  CHEMICAL REACTIONS                                 

                         Units: [kmol, m3, s] and [cal/mol]                          
---------------------------------------------------------------------------------------


      1. 2O +M  = O2 +M 
         k:       1.200000e+011	   -1.00          0.00
         H2                  	enhanced by	   2.400
         H2O                 	enhanced by	  15.400
         CH4                 	enhanced by	   2.000
         CO                  	enhanced by	   1.750
         CO2                 	enhanced by	   3.600
         C2H6                	enhanced by	   3.000
         AR                  	enhanced by	   0.830


      2. H + O +M  = OH +M 
         k:       5.000000e+011	   -1.00          0.00
         H2                  	enhanced by	   2.000
         H2O                 	enhanced by	   6.000
         CH4                 	enhanced by	   2.000
         CO                  	enhanced by	   1.500
         CO2                 	enhanced by	   2.000
         C2H6                	enhanced by	   3.000
         AR                  	enhanced by	   0.700


      3. H2 + O  = H + OH 
         k:       3.870000e+001	    2.70       6260.00


      4. O + HO2  = O2 + OH 
         k:       2.000000e+010	    0.00          0.00


      5. O + H2O2  = OH + HO2 
         k:       9.630000e+003	    2.00       4000.00


      6. O + CH  = H + CO 
         k:       5.700000e+010	    0.00          0.00


      7. O + CH2  = H + HCO 
         k:       8.000000e+010	    0.00          0.00


      8. O + CH2(S)  = H2 + CO 
         k:       1.500000e+010	    0.00          0.00


      9. O + CH2(S)  = H + HCO 
         k:       1.500000e+010	    0.00          0.00


     10. O + CH3  = H + CH2O 
         k:       5.060000e+010	    0.00          0.00


     11. O + CH4  = OH + CH3 
         k:       1.020000e+006	    1.50       8600.00


     12. O + CO (+M)  = CO2 (+M) 
         Fall-off (Lindemann)
         k0:      6.020000e+008	    0.00       3000.00
         kInf:    1.800000e+007	    0.00       2385.00
         H2                  	enhanced by	   2.000
         O2                  	enhanced by	   6.000
         H2O                 	enhanced by	   6.000
         CH4                 	enhanced by	   2.000
         CO                  	enhanced by	   1.500
         CO2                 	enhanced by	   3.500
         C2H6                	enhanced by	   3.000
         AR                  	enhanced by	   0.500


     13. O + HCO  = OH + CO 
         k:       3.000000e+010	    0.00          0.00


     14. O + HCO  = H + CO2 
         k:       3.000000e+010	    0.00          0.00


     15. O + CH2O  = OH + HCO 
         k:       3.900000e+010	    0.00       3540.00


     16. O + CH2OH  = OH + CH2O 
         k:       1.000000e+010	    0.00          0.00


     17. O + CH3O  = OH + CH2O 
         k:       1.000000e+010	    0.00          0.00


     18. O + CH3OH  = OH + CH2OH 
         k:       3.880000e+002	    2.50       3100.00


     19. O + CH3OH  = OH + CH3O 
         k:       1.300000e+002	    2.50       5000.00


     20. O + C2H  = CH + CO 
         k:       5.000000e+010	    0.00          0.00


     21. O + C2H2  = H + HCCO 
         k:       1.350000e+004	    2.00       1900.00


     22. O + C2H2  = OH + C2H 
         k:       4.600000e+016	   -1.41      28950.00


     23. O + C2H2  = CH2 + CO 
         k:       6.940000e+003	    2.00       1900.00


     24. O + C2H3  = H + CH2CO 
         k:       3.000000e+010	    0.00          0.00


     25. O + C2H4  = CH3 + HCO 
         k:       1.250000e+004	    1.83        220.00


     26. O + C2H5  = CH3 + CH2O 
         k:       2.240000e+010	    0.00          0.00


     27. O + C2H6  = OH + C2H5 
         k:       8.980000e+004	    1.92       5690.00


     28. O + HCCO  = H + 2CO 
         k:       1.000000e+011	    0.00          0.00


     29. O + CH2CO  = OH + HCCO 
         k:       1.000000e+010	    0.00       8000.00


     30. O + CH2CO  = CH2 + CO2 
         k:       1.750000e+009	    0.00       1350.00


     31. O2 + CO  = O + CO2 
         k:       2.500000e+009	    0.00      47800.00


     32. O2 + CH2O  = HO2 + HCO 
         k:       1.000000e+011	    0.00      40000.00


     33. H + O2 +M  = HO2 +M 
         k:       2.800000e+012	   -0.86          0.00
         O2                  	enhanced by	   0.000
         H2O                 	enhanced by	   0.000
         CO                  	enhanced by	   0.750
         CO2                 	enhanced by	   1.500
         C2H6                	enhanced by	   1.500
         N2                  	enhanced by	   0.000
         AR                  	enhanced by	   0.000


     34. H + 2O2  = O2 + HO2 
         k:       2.080000e+013	   -1.24          0.00


     35. H + O2 + H2O  = H2O + HO2 
         k:       1.126000e+013	   -0.76          0.00


     36. H + O2 + N2  = HO2 + N2 
         k:       2.600000e+013	   -1.24          0.00


     37. H + O2 + AR  = HO2 + AR 
         k:       7.000000e+011	   -0.80          0.00


     38. H + O2  = O + OH 
         k:       2.650000e+013	   -0.67      17041.00


     39. 2H +M  = H2 +M 
         k:       1.000000e+012	   -1.00          0.00
         H2                  	enhanced by	   0.000
         H2O                 	enhanced by	   0.000
         CH4                 	enhanced by	   2.000
         CO2                 	enhanced by	   0.000
         C2H6                	enhanced by	   3.000
         AR                  	enhanced by	   0.630


     40. H2 + 2H  = 2H2 
         k:       9.000000e+010	   -0.60          0.00


     41. 2H + H2O  = H2 + H2O 
         k:       6.000000e+013	   -1.25          0.00


     42. 2H + CO2  = H2 + CO2 
         k:       5.500000e+014	   -2.00          0.00


     43. H + OH +M  = H2O +M 
         k:       2.200000e+016	   -2.00          0.00
         H2                  	enhanced by	   0.730
         H2O                 	enhanced by	   3.650
         CH4                 	enhanced by	   2.000
         C2H6                	enhanced by	   3.000
         AR                  	enhanced by	   0.380


     44. H + HO2  = O + H2O 
         k:       3.970000e+009	    0.00        671.00


     45. H + HO2  = H2 + O2 
         k:       4.480000e+010	    0.00       1068.00


     46. H + HO2  = 2OH 
         k:       8.400000e+010	    0.00        635.00


     47. H + H2O2  = H2 + HO2 
         k:       1.210000e+004	    2.00       5200.00


     48. H + H2O2  = OH + H2O 
         k:       1.000000e+010	    0.00       3600.00


     49. H + CH  = H2 + C 
         k:       1.650000e+011	    0.00          0.00


     50. H + CH2 (+M)  = CH3 (+M) 
         Fall-off (Troe)
         k0:      1.040000e+020	   -2.76       1600.00
         kInf:    6.000000e+011	    0.00          0.00
         Troe Parameters
         a    5.62e-001
         T*** 9.10e+001
         T*   5.84e+003
         T**  8.55e+003
         H2                  	enhanced by	   2.000
         H2O                 	enhanced by	   6.000
         CH4                 	enhanced by	   2.000
         CO                  	enhanced by	   1.500
         CO2                 	enhanced by	   2.000
         C2H6                	enhanced by	   3.000
         AR                  	enhanced by	   0.700


     51. H + CH2(S)  = H2 + CH 
         k:       3.000000e+010	    0.00          0.00


     52. H + CH3 (+M)  = CH4 (+M) 
         Fall-off (Troe)
         k0:      2.620000e+027	   -4.76       2440.00
         kInf:    1.390000e+013	   -0.53        536.00
         Troe Parameters
         a    7.83e-001
         T*** 7.40e+001
         T*   2.94e+003
         T**  6.96e+003
         H2                  	enhanced by	   2.000
         H2O                 	enhanced by	   6.000
         CH4                 	enhanced by	   3.000
         CO                  	enhanced by	   1.500
         CO2                 	enhanced by	   2.000
         C2H6                	enhanced by	   3.000
         AR                  	enhanced by	   0.700


     53. H + CH4  = H2 + CH3 
         k:       6.600000e+005	    1.62      10840.00


     54. H + HCO (+M)  = CH2O (+M) 
         Fall-off (Troe)
         k0:      2.470000e+018	   -2.57        425.00
         kInf:    1.090000e+009	    0.48       -260.00
         Troe Parameters
         a    7.82e-001
         T*** 2.71e+002
         T*   2.76e+003
         T**  6.57e+003
         H2                  	enhanced by	   2.000
         H2O                 	enhanced by	   6.000
         CH4                 	enhanced by	   2.000
         CO                  	enhanced by	   1.500
         CO2                 	enhanced by	   2.000
         C2H6                	enhanced by	   3.000
         AR                  	enhanced by	   0.700


     55. H + HCO  = H2 + CO 
         k:       7.340000e+010	    0.00          0.00


     56. H + CH2O (+M)  = CH2OH (+M) 
         Fall-off (Troe)
         k0:      1.270000e+026	   -4.82       6530.00
         kInf:    5.400000e+008	    0.45       3600.00
         Troe Parameters
         a    7.19e-001
         T*** 1.03e+002
         T*   1.29e+003
         T**  4.16e+003
         H2                  	enhanced by	   2.000
         H2O                 	enhanced by	   6.000
         CH4                 	enhanced by	   2.000
         CO                  	enhanced by	   1.500
         CO2                 	enhanced by	   2.000
         C2H6                	enhanced by	   3.000


     57. H + CH2O (+M)  = CH3O (+M) 
         Fall-off (Troe)
         k0:      2.200000e+024	   -4.80       5560.00
         kInf:    5.400000e+008	    0.45       2600.00
         Troe Parameters
         a    7.58e-001
         T*** 9.40e+001
         T*   1.56e+003
         T**  4.20e+003
         H2                  	enhanced by	   2.000
         H2O                 	enhanced by	   6.000
         CH4                 	enhanced by	   2.000
         CO                  	enhanced by	   1.500
         CO2                 	enhanced by	   2.000
         C2H6                	enhanced by	   3.000


     58. H + CH2O  = H2 + HCO 
         k:       5.740000e+004	    1.90       2742.00


     59. H + CH2OH (+M)  = CH3OH (+M) 
         Fall-off (Troe)
         k0:      4.360000e+025	   -4.65       5080.00
         kInf:    1.055000e+009	    0.50         86.00
         Troe Parameters
         a    6.00e-001
         T*** 1.00e+002
         T*   9.00e+004
         T**  1.00e+004
         H2                  	enhanced by	   2.000
         H2O                 	enhanced by	   6.000
         CH4                 	enhanced by	   2.000
         CO                  	enhanced by	   1.500
         CO2                 	enhanced by	   2.000
         C2H6                	enhanced by	   3.000


     60. H + CH2OH  = H2 + CH2O 
         k:       2.000000e+010	    0.00          0.00


     61. H + CH2OH  = OH + CH3 
         k:       1.650000e+008	    0.65       -284.00


     62. H + CH2OH  = H2O + CH2(S) 
         k:       3.280000e+010	   -0.09        610.00


     63. H + CH3O (+M)  = CH3OH (+M) 
         Fall-off (Troe)
         k0:      4.660000e+035	   -7.44      14080.00
         kInf:    2.430000e+009	    0.52         50.00
         Troe Parameters
         a    7.00e-001
         T*** 1.00e+002
         T*   9.00e+004
         T**  1.00e+004
         H2                  	enhanced by	   2.000
         H2O                 	enhanced by	   6.000
         CH4                 	enhanced by	   2.000
         CO                  	enhanced by	   1.500
         CO2                 	enhanced by	   2.000
         C2H6                	enhanced by	   3.000


     64. H + CH3O  = H + CH2OH 
         k:       4.150000e+004	    1.63       1924.00


     65. H + CH3O  = H2 + CH2O 
         k:       2.000000e+010	    0.00          0.00


     66. H + CH3O  = OH + CH3 
         k:       1.500000e+009	    0.50       -110.00


     67. H + CH3O  = H2O + CH2(S) 
         k:       2.620000e+011	   -0.23       1070.00


     68. H + CH3OH  = H2 + CH2OH 
         k:       1.700000e+004	    2.10       4870.00


     69. H + CH3OH  = H2 + CH3O 
         k:       4.200000e+003	    2.10       4870.00


     70. H + C2H (+M)  = C2H2 (+M) 
         Fall-off (Troe)
         k0:      3.750000e+027	   -4.80       1900.00
         kInf:    1.000000e+014	   -1.00          0.00
         Troe Parameters
         a    6.46e-001
         T*** 1.32e+002
         T*   1.32e+003
         T**  5.57e+003
         H2                  	enhanced by	   2.000
         H2O                 	enhanced by	   6.000
         CH4                 	enhanced by	   2.000
         CO                  	enhanced by	   1.500
         CO2                 	enhanced by	   2.000
         C2H6                	enhanced by	   3.000
         AR                  	enhanced by	   0.700


     71. H + C2H2 (+M)  = C2H3 (+M) 
         Fall-off (Troe)
         k0:      3.800000e+034	   -7.27       7220.00
         kInf:    5.600000e+009	    0.00       2400.00
         Troe Parameters
         a    7.51e-001
         T*** 9.85e+001
         T*   1.30e+003
         T**  4.17e+003
         H2                  	enhanced by	   2.000
         H2O                 	enhanced by	   6.000
         CH4                 	enhanced by	   2.000
         CO                  	enhanced by	   1.500
         CO2                 	enhanced by	   2.000
         C2H6                	enhanced by	   3.000
         AR                  	enhanced by	   0.700


     72. H + C2H3 (+M)  = C2H4 (+M) 
         Fall-off (Troe)
         k0:      1.400000e+024	   -3.86       3320.00
         kInf:    6.080000e+009	    0.27        280.00
         Troe Parameters
         a    7.82e-001
         T*** 2.08e+002
         T*   2.66e+003
         T**  6.10e+003
         H2                  	enhanced by	   2.000
         H2O                 	enhanced by	   6.000
         CH4                 	enhanced by	   2.000
         CO                  	enhanced by	   1.500
         CO2                 	enhanced by	   2.000
         C2H6                	enhanced by	   3.000
         AR                  	enhanced by	   0.700


     73. H + C2H3  = H2 + C2H2 
         k:       3.000000e+010	    0.00          0.00


     74. H + C2H4 (+M)  = C2H5 (+M) 
         Fall-off (Troe)
         k0:      6.000000e+035	   -7.62       6970.00
         kInf:    5.400000e+008	    0.45       1820.00
         Troe Parameters
         a    9.75e-001
         T*** 2.10e+002
         T*   9.84e+002
         T**  4.37e+003
         H2                  	enhanced by	   2.000
         H2O                 	enhanced by	   6.000
         CH4                 	enhanced by	   2.000
         CO                  	enhanced by	   1.500
         CO2                 	enhanced by	   2.000
         C2H6                	enhanced by	   3.000
         AR                  	enhanced by	   0.700


     75. H + C2H4  = H2 + C2H3 
         k:       1.325000e+003	    2.53      12240.00


     76. H + C2H5 (+M)  = C2H6 (+M) 
         Fall-off (Troe)
         k0:      1.990000e+035	   -7.08       6685.00
         kInf:    5.210000e+014	   -0.99       1580.00
         Troe Parameters
         a    8.42e-001
         T*** 1.25e+002
         T*   2.22e+003
         T**  6.88e+003
         H2                  	enhanced by	   2.000
         H2O                 	enhanced by	   6.000
         CH4                 	enhanced by	   2.000
         CO                  	enhanced by	   1.500
         CO2                 	enhanced by	   2.000
         C2H6                	enhanced by	   3.000
         AR                  	enhanced by	   0.700


     77. H + C2H5  = H2 + C2H4 
         k:       2.000000e+009	    0.00          0.00


     78. H + C2H6  = H2 + C2H5 
         k:       1.150000e+005	    1.90       7530.00


     79. H + HCCO  = CH2(S) + CO 
         k:       1.000000e+011	    0.00          0.00


     80. H + CH2CO  = H2 + HCCO 
         k:       5.000000e+010	    0.00       8000.00


     81. H + CH2CO  = CH3 + CO 
         k:       1.130000e+010	    0.00       3428.00


     82. H + HCCOH  = H + CH2CO 
         k:       1.000000e+010	    0.00          0.00


     83. H2 + CO (+M)  = CH2O (+M) 
         Fall-off (Troe)
         k0:      5.070000e+021	   -3.42      84350.00
         kInf:    4.300000e+004	    1.50      79600.00
         Troe Parameters
         a    9.32e-001
         T*** 1.97e+002
         T*   1.54e+003
         T**  1.03e+004
         H2                  	enhanced by	   2.000
         H2O                 	enhanced by	   6.000
         CH4                 	enhanced by	   2.000
         CO                  	enhanced by	   1.500
         CO2                 	enhanced by	   2.000
         C2H6                	enhanced by	   3.000
         AR                  	enhanced by	   0.700


     84. H2 + OH  = H + H2O 
         k:       2.160000e+005	    1.51       3430.00


     85. 2OH (+M)  = H2O2 (+M) 
         Fall-off (Troe)
         k0:      2.300000e+012	   -0.90      -1700.00
         kInf:    7.400000e+010	   -0.37          0.00
         Troe Parameters
         a    7.35e-001
         T*** 9.40e+001
         T*   1.76e+003
         T**  5.18e+003
         H2                  	enhanced by	   2.000
         H2O                 	enhanced by	   6.000
         CH4                 	enhanced by	   2.000
         CO                  	enhanced by	   1.500
         CO2                 	enhanced by	   2.000
         C2H6                	enhanced by	   3.000
         AR                  	enhanced by	   0.700


     86. 2OH  = O + H2O 
         k:       3.570000e+001	    2.40      -2110.00


     87. OH + HO2  = O2 + H2O 
         k:       1.450000e+010	    0.00       -500.00


     88. OH + H2O2  = H2O + HO2 
         k:       2.000000e+009	    0.00        427.00


     89. OH + H2O2  = H2O + HO2 
         k:       1.700000e+015	    0.00      29410.00


     90. OH + C  = H + CO 
         k:       5.000000e+010	    0.00          0.00


     91. OH + CH  = H + HCO 
         k:       3.000000e+010	    0.00          0.00


     92. OH + CH2  = H + CH2O 
         k:       2.000000e+010	    0.00          0.00


     93. OH + CH2  = H2O + CH 
         k:       1.130000e+004	    2.00       3000.00


     94. OH + CH2(S)  = H + CH2O 
         k:       3.000000e+010	    0.00          0.00


     95. OH + CH3 (+M)  = CH3OH (+M) 
         Fall-off (Troe)
         k0:      4.000000e+030	   -5.92       3140.00
         kInf:    2.790000e+015	   -1.43       1330.00
         Troe Parameters
         a    4.12e-001
         T*** 1.95e+002
         T*   5.90e+003
         T**  6.39e+003
         H2                  	enhanced by	   2.000
         H2O                 	enhanced by	   6.000
         CH4                 	enhanced by	   2.000
         CO                  	enhanced by	   1.500
         CO2                 	enhanced by	   2.000
         C2H6                	enhanced by	   3.000


     96. OH + CH3  = H2O + CH2 
         k:       5.600000e+004	    1.60       5420.00


     97. OH + CH3  = H2O + CH2(S) 
         k:       6.440000e+014	   -1.34       1417.00


     98. OH + CH4  = H2O + CH3 
         k:       1.000000e+005	    1.60       3120.00


     99. OH + CO  = H + CO2 
         k:       4.760000e+004	    1.23         70.00


    100. OH + HCO  = H2O + CO 
         k:       5.000000e+010	    0.00          0.00


    101. OH + CH2O  = H2O + HCO 
         k:       3.430000e+006	    1.18       -447.00


    102. OH + CH2OH  = H2O + CH2O 
         k:       5.000000e+009	    0.00          0.00


    103. OH + CH3O  = H2O + CH2O 
         k:       5.000000e+009	    0.00          0.00


    104. OH + CH3OH  = H2O + CH2OH 
         k:       1.440000e+003	    2.00       -840.00


    105. OH + CH3OH  = H2O + CH3O 
         k:       6.300000e+003	    2.00       1500.00


    106. OH + C2H  = H + HCCO 
         k:       2.000000e+010	    0.00          0.00


    107. OH + C2H2  = H + CH2CO 
         k:       2.180000e-007	    4.50      -1000.00


    108. OH + C2H2  = H + HCCOH 
         k:       5.040000e+002	    2.30      13500.00


    109. OH + C2H2  = H2O + C2H 
         k:       3.370000e+004	    2.00      14000.00


    110. OH + C2H2  = CH3 + CO 
         k:       4.830000e-007	    4.00      -2000.00


    111. OH + C2H3  = H2O + C2H2 
         k:       5.000000e+009	    0.00          0.00


    112. OH + C2H4  = H2O + C2H3 
         k:       3.600000e+003	    2.00       2500.00


    113. OH + C2H6  = H2O + C2H5 
         k:       3.540000e+003	    2.12        870.00


    114. OH + CH2CO  = H2O + HCCO 
         k:       7.500000e+009	    0.00       2000.00


    115. 2HO2  = O2 + H2O2 
         k:       1.300000e+008	    0.00      -1630.00


    116. 2HO2  = O2 + H2O2 
         k:       4.200000e+011	    0.00      12000.00


    117. HO2 + CH2  = OH + CH2O 
         k:       2.000000e+010	    0.00          0.00


    118. HO2 + CH3  = O2 + CH4 
         k:       1.000000e+009	    0.00          0.00


    119. HO2 + CH3  = OH + CH3O 
         k:       3.780000e+010	    0.00          0.00


    120. HO2 + CO  = OH + CO2 
         k:       1.500000e+011	    0.00      23600.00


    121. HO2 + CH2O  = H2O2 + HCO 
         k:       5.600000e+003	    2.00      12000.00


    122. O2 + C  = O + CO 
         k:       5.800000e+010	    0.00        576.00


    123. C + CH2  = H + C2H 
         k:       5.000000e+010	    0.00          0.00


    124. C + CH3  = H + C2H2 
         k:       5.000000e+010	    0.00          0.00


    125. O2 + CH  = O + HCO 
         k:       6.710000e+010	    0.00          0.00


    126. H2 + CH  = H + CH2 
         k:       1.080000e+011	    0.00       3110.00


    127. H2O + CH  = H + CH2O 
         k:       5.710000e+009	    0.00       -755.00


    128. CH + CH2  = H + C2H2 
         k:       4.000000e+010	    0.00          0.00


    129. CH + CH3  = H + C2H3 
         k:       3.000000e+010	    0.00          0.00


    130. CH + CH4  = H + C2H4 
         k:       6.000000e+010	    0.00          0.00


    131. CH + CO (+M)  = HCCO (+M) 
         Fall-off (Troe)
         k0:      2.690000e+022	   -3.74       1936.00
         kInf:    5.000000e+010	    0.00          0.00
         Troe Parameters
         a    5.76e-001
         T*** 2.37e+002
         T*   1.65e+003
         T**  5.07e+003
         H2                  	enhanced by	   2.000
         H2O                 	enhanced by	   6.000
         CH4                 	enhanced by	   2.000
         CO                  	enhanced by	   1.500
         CO2                 	enhanced by	   2.000
         C2H6                	enhanced by	   3.000
         AR                  	enhanced by	   0.700


    132. CH + CO2  = CO + HCO 
         k:       1.900000e+011	    0.00      15792.00


    133. CH + CH2O  = H + CH2CO 
         k:       9.460000e+010	    0.00       -515.00


    134. CH + HCCO  = CO + C2H2 
         k:       5.000000e+010	    0.00          0.00


    135. O2 + CH2  => H + OH + CO 
         k:       5.000000e+009	    0.00       1500.00


    136. H2 + CH2  = H + CH3 
         k:       5.000000e+002	    2.00       7230.00


    137. 2CH2  = H2 + C2H2 
         k:       1.600000e+012	    0.00      11944.00


    138. CH2 + CH3  = H + C2H4 
         k:       4.000000e+010	    0.00          0.00


    139. CH2 + CH4  = 2CH3 
         k:       2.460000e+003	    2.00       8270.00


    140. CH2 + CO (+M)  = CH2CO (+M) 
         Fall-off (Troe)
         k0:      2.690000e+027	   -5.11       7095.00
         kInf:    8.100000e+008	    0.50       4510.00
         Troe Parameters
         a    5.91e-001
         T*** 2.75e+002
         T*   1.23e+003
         T**  5.19e+003
         H2                  	enhanced by	   2.000
         H2O                 	enhanced by	   6.000
         CH4                 	enhanced by	   2.000
         CO                  	enhanced by	   1.500
         CO2                 	enhanced by	   2.000
         C2H6                	enhanced by	   3.000
         AR                  	enhanced by	   0.700


    141. CH2 + HCCO  = CO + C2H3 
         k:       3.000000e+010	    0.00          0.00


    142. CH2(S) + N2  = CH2 + N2 
         k:       1.500000e+010	    0.00        600.00


    143. CH2(S) + AR  = CH2 + AR 
         k:       9.000000e+009	    0.00        600.00


    144. O2 + CH2(S)  = H + OH + CO 
         k:       2.800000e+010	    0.00          0.00


    145. O2 + CH2(S)  = H2O + CO 
         k:       1.200000e+010	    0.00          0.00


    146. H2 + CH2(S)  = H + CH3 
         k:       7.000000e+010	    0.00          0.00


    147. H2O + CH2(S) (+M)  = CH3OH (+M) 
         Fall-off (Troe)
         k0:      1.880000e+032	   -6.36       5040.00
         kInf:    4.820000e+014	   -1.16       1145.00
         Troe Parameters
         a    6.03e-001
         T*** 2.08e+002
         T*   3.92e+003
         T**  1.02e+004
         H2                  	enhanced by	   2.000
         H2O                 	enhanced by	   6.000
         CH4                 	enhanced by	   2.000
         CO                  	enhanced by	   1.500
         CO2                 	enhanced by	   2.000
         C2H6                	enhanced by	   3.000


    148. H2O + CH2(S)  = H2O + CH2 
         k:       3.000000e+010	    0.00          0.00


    149. CH2(S) + CH3  = H + C2H4 
         k:       1.200000e+010	    0.00       -570.00


    150. CH2(S) + CH4  = 2CH3 
         k:       1.600000e+010	    0.00       -570.00


    151. CH2(S) + CO  = CH2 + CO 
         k:       9.000000e+009	    0.00          0.00


    152. CH2(S) + CO2  = CH2 + CO2 
         k:       7.000000e+009	    0.00          0.00


    153. CH2(S) + CO2  = CO + CH2O 
         k:       1.400000e+010	    0.00          0.00


    154. CH2(S) + C2H6  = CH3 + C2H5 
         k:       4.000000e+010	    0.00       -550.00


    155. O2 + CH3  = O + CH3O 
         k:       3.560000e+010	    0.00      30480.00


    156. O2 + CH3  = OH + CH2O 
         k:       2.310000e+009	    0.00      20315.00


    157. H2O2 + CH3  = HO2 + CH4 
         k:       2.450000e+001	    2.47       5180.00


    158. 2CH3 (+M)  = C2H6 (+M) 
         Fall-off (Troe)
         k0:      3.400000e+035	   -7.03       2762.00
         kInf:    6.770000e+013	   -1.18        654.00
         Troe Parameters
         a    6.19e-001
         T*** 7.32e+001
         T*   1.18e+003
         T**  1.00e+004
         H2                  	enhanced by	   2.000
         H2O                 	enhanced by	   6.000
         CH4                 	enhanced by	   2.000
         CO                  	enhanced by	   1.500
         CO2                 	enhanced by	   2.000
         C2H6                	enhanced by	   3.000
         AR                  	enhanced by	   0.700


    159. 2CH3  = H + C2H5 
         k:       6.840000e+009	    0.10      10600.00


    160. CH3 + HCO  = CH4 + CO 
         k:       2.648000e+010	    0.00          0.00


    161. CH3 + CH2O  = CH4 + HCO 
         k:       3.320000e+000	    2.81       5860.00


    162. CH3 + CH3OH  = CH4 + CH2OH 
         k:       3.000000e+004	    1.50       9940.00


    163. CH3 + CH3OH  = CH4 + CH3O 
         k:       1.000000e+004	    1.50       9940.00


    164. CH3 + C2H4  = CH4 + C2H3 
         k:       2.270000e+002	    2.00       9200.00


    165. CH3 + C2H6  = CH4 + C2H5 
         k:       6.140000e+003	    1.74      10450.00


    166. H2O + HCO  = H + H2O + CO 
         k:       1.500000e+015	   -1.00      17000.00


    167. HCO +M  = H + CO +M 
         k:       1.870000e+014	   -1.00      17000.00
         H2                  	enhanced by	   2.000
         H2O                 	enhanced by	   0.000
         CH4                 	enhanced by	   2.000
         CO                  	enhanced by	   1.500
         CO2                 	enhanced by	   2.000
         C2H6                	enhanced by	   3.000


    168. O2 + HCO  = HO2 + CO 
         k:       1.345000e+010	    0.00        400.00


    169. O2 + CH2OH  = HO2 + CH2O 
         k:       1.800000e+010	    0.00        900.00


    170. O2 + CH3O  = HO2 + CH2O 
         k:       4.280000e-016	    7.60      -3530.00


    171. O2 + C2H  = CO + HCO 
         k:       1.000000e+010	    0.00       -755.00


    172. H2 + C2H  = H + C2H2 
         k:       5.680000e+007	    0.90       1993.00


    173. O2 + C2H3  = HCO + CH2O 
         k:       4.580000e+013	   -1.39       1015.00


    174. C2H4 (+M)  = H2 + C2H2 (+M) 
         Fall-off (Troe)
         k0:      1.580000e+048	   -9.30      97800.00
         kInf:    8.000000e+012	    0.44      86770.00
         Troe Parameters
         a    7.35e-001
         T*** 1.80e+002
         T*   1.04e+003
         T**  5.42e+003
         H2                  	enhanced by	   2.000
         H2O                 	enhanced by	   6.000
         CH4                 	enhanced by	   2.000
         CO                  	enhanced by	   1.500
         CO2                 	enhanced by	   2.000
         C2H6                	enhanced by	   3.000
         AR                  	enhanced by	   0.700


    175. O2 + C2H5  = HO2 + C2H4 
         k:       8.400000e+008	    0.00       3875.00


    176. O2 + HCCO  = OH + 2CO 
         k:       3.200000e+009	    0.00        854.00


    177. 2HCCO  = 2CO + C2H2 
         k:       1.000000e+010	    0.00          0.00


    178. N + NO  = O + N2 
         k:       2.700000e+010	    0.00        355.00


    179. O2 + N  = O + NO 
         k:       9.000000e+006	    1.00       6500.00


    180. OH + N  = H + NO 
         k:       3.360000e+010	    0.00        385.00


    181. O + N2O  = O2 + N2 
         k:       1.400000e+009	    0.00      10810.00


    182. O + N2O  = 2NO 
         k:       2.900000e+010	    0.00      23150.00


    183. H + N2O  = OH + N2 
         k:       3.870000e+011	    0.00      18880.00


    184. OH + N2O  = HO2 + N2 
         k:       2.000000e+009	    0.00      21060.00


    185. N2O (+M)  = O + N2 (+M) 
         Fall-off (Lindemann)
         k0:      6.370000e+011	    0.00      56640.00
         kInf:    7.910000e+010	    0.00      56020.00
         H2                  	enhanced by	   2.000
         H2O                 	enhanced by	   6.000
         CH4                 	enhanced by	   2.000
         CO                  	enhanced by	   1.500
         CO2                 	enhanced by	   2.000
         C2H6                	enhanced by	   3.000
         AR                  	enhanced by	   0.625


    186. HO2 + NO  = OH + NO2 
         k:       2.110000e+009	    0.00       -480.00


    187. O + NO +M  = NO2 +M 
         k:       1.060000e+014	   -1.41          0.00
         H2                  	enhanced by	   2.000
         H2O                 	enhanced by	   6.000
         CH4                 	enhanced by	   2.000
         CO                  	enhanced by	   1.500
         CO2                 	enhanced by	   2.000
         C2H6                	enhanced by	   3.000
         AR                  	enhanced by	   0.700


    188. O + NO2  = O2 + NO 
         k:       3.900000e+009	    0.00       -240.00


    189. H + NO2  = OH + NO 
         k:       1.320000e+011	    0.00        360.00


    190. O + NH  = H + NO 
         k:       4.000000e+010	    0.00          0.00


    191. H + NH  = H2 + N 
         k:       3.200000e+010	    0.00        330.00


    192. OH + NH  = H + HNO 
         k:       2.000000e+010	    0.00          0.00


    193. OH + NH  = H2O + N 
         k:       2.000000e+006	    1.20          0.00


    194. O2 + NH  = O + HNO 
         k:       4.610000e+002	    2.00       6500.00


    195. O2 + NH  = OH + NO 
         k:       1.280000e+003	    1.50        100.00


    196. N + NH  = H + N2 
         k:       1.500000e+010	    0.00          0.00


    197. H2O + NH  = H2 + HNO 
         k:       2.000000e+010	    0.00      13850.00


    198. NH + NO  = OH + N2 
         k:       2.160000e+010	   -0.23          0.00


    199. NH + NO  = H + N2O 
         k:       3.650000e+011	   -0.45          0.00


    200. O + NH2  = OH + NH 
         k:       3.000000e+009	    0.00          0.00


    201. O + NH2  = H + HNO 
         k:       3.900000e+010	    0.00          0.00


    202. H + NH2  = H2 + NH 
         k:       4.000000e+010	    0.00       3650.00


    203. OH + NH2  = H2O + NH 
         k:       9.000000e+004	    1.50       -460.00


    204. NNH  = H + N2 
         k:       3.300000e+008	    0.00          0.00


    205. NNH +M  = H + N2 +M 
         k:       1.300000e+011	   -0.11       4980.00
         H2                  	enhanced by	   2.000
         H2O                 	enhanced by	   6.000
         CH4                 	enhanced by	   2.000
         CO                  	enhanced by	   1.500
         CO2                 	enhanced by	   2.000
         C2H6                	enhanced by	   3.000
         AR                  	enhanced by	   0.700


    206. O2 + NNH  = HO2 + N2 
         k:       5.000000e+009	    0.00          0.00


    207. O + NNH  = OH + N2 
         k:       2.500000e+010	    0.00          0.00


    208. O + NNH  = NH + NO 
         k:       7.000000e+010	    0.00          0.00


    209. H + NNH  = H2 + N2 
         k:       5.000000e+010	    0.00          0.00


    210. OH + NNH  = H2O + N2 
         k:       2.000000e+010	    0.00          0.00


    211. CH3 + NNH  = CH4 + N2 
         k:       2.500000e+010	    0.00          0.00


    212. H + NO +M  = HNO +M 
         k:       4.480000e+013	   -1.32        740.00
         H2                  	enhanced by	   2.000
         H2O                 	enhanced by	   6.000
         CH4                 	enhanced by	   2.000
         CO                  	enhanced by	   1.500
         CO2                 	enhanced by	   2.000
         C2H6                	enhanced by	   3.000
         AR                  	enhanced by	   0.700


    213. O + HNO  = OH + NO 
         k:       2.500000e+010	    0.00          0.00


    214. H + HNO  = H2 + NO 
         k:       9.000000e+008	    0.72        660.00


    215. OH + HNO  = H2O + NO 
         k:       1.300000e+004	    1.90       -950.00


    216. O2 + HNO  = HO2 + NO 
         k:       1.000000e+010	    0.00      13000.00


    217. O + CN  = CO + N 
         k:       7.700000e+010	    0.00          0.00


    218. OH + CN  = H + NCO 
         k:       4.000000e+010	    0.00          0.00


    219. H2O + CN  = OH + HCN 
         k:       8.000000e+009	    0.00       7460.00


    220. O2 + CN  = O + NCO 
         k:       6.140000e+009	    0.00       -440.00


    221. H2 + CN  = H + HCN 
         k:       2.950000e+002	    2.45       2240.00


    222. O + NCO  = CO + NO 
         k:       2.350000e+010	    0.00          0.00


    223. H + NCO  = CO + NH 
         k:       5.400000e+010	    0.00          0.00


    224. OH + NCO  = H + CO + NO 
         k:       2.500000e+009	    0.00          0.00


    225. N + NCO  = CO + N2 
         k:       2.000000e+010	    0.00          0.00


    226. O2 + NCO  = CO2 + NO 
         k:       2.000000e+009	    0.00      20000.00


    227. NCO +M  = CO + N +M 
         k:       3.100000e+011	    0.00      54050.00
         H2                  	enhanced by	   2.000
         H2O                 	enhanced by	   6.000
         CH4                 	enhanced by	   2.000
         CO                  	enhanced by	   1.500
         CO2                 	enhanced by	   2.000
         C2H6                	enhanced by	   3.000
         AR                  	enhanced by	   0.700


    228. NO + NCO  = CO + N2O 
         k:       1.900000e+014	   -1.52        740.00


    229. NO + NCO  = CO2 + N2 
         k:       3.800000e+015	   -2.00        800.00


    230. HCN +M  = H + CN +M 
         k:       1.040000e+026	   -3.30     126600.00
         H2                  	enhanced by	   2.000
         H2O                 	enhanced by	   6.000
         CH4                 	enhanced by	   2.000
         CO                  	enhanced by	   1.500
         CO2                 	enhanced by	   2.000
         C2H6                	enhanced by	   3.000
         AR                  	enhanced by	   0.700


    231. O + HCN  = H + NCO 
         k:       2.030000e+001	    2.64       4980.00


    232. O + HCN  = CO + NH 
         k:       5.070000e+000	    2.64       4980.00


    233. O + HCN  = OH + CN 
         k:       3.910000e+006	    1.58      26600.00


    234. OH + HCN  = H + HOCN 
         k:       1.100000e+003	    2.03      13370.00


    235. OH + HCN  = H + HNCO 
         k:       4.400000e+000	    2.26       6400.00


    236. OH + HCN  = CO + NH2 
         k:       1.600000e-001	    2.56       9000.00


    237. H + HCN (+M)  = H2CN (+M) 
         Fall-off (Lindemann)
         k0:      1.400000e+020	   -3.40       1900.00
         kInf:    3.300000e+010	    0.00          0.00
         H2                  	enhanced by	   2.000
         H2O                 	enhanced by	   6.000
         CH4                 	enhanced by	   2.000
         CO                  	enhanced by	   1.500
         CO2                 	enhanced by	   2.000
         C2H6                	enhanced by	   3.000
         AR                  	enhanced by	   0.700


    238. N + H2CN  = CH2 + N2 
         k:       6.000000e+010	    0.00        400.00


    239. C + N2  = N + CN 
         k:       6.300000e+010	    0.00      46020.00


    240. CH + N2  = N + HCN 
         k:       3.120000e+006	    0.88      20130.00


    241. CH + N2 (+M)  = HCNN (+M) 
         Fall-off (Troe)
         k0:      1.300000e+019	   -3.16        740.00
         kInf:    3.100000e+009	    0.15          0.00
         Troe Parameters
         a    6.67e-001
         T*** 2.35e+002
         T*   2.12e+003
         T**  4.54e+003
         H2                  	enhanced by	   2.000
         H2O                 	enhanced by	   6.000
         CH4                 	enhanced by	   2.000
         CO                  	enhanced by	   1.500
         CO2                 	enhanced by	   2.000
         C2H6                	enhanced by	   3.000
         AR                  	enhanced by	   1.000


    242. CH2 + N2  = NH + HCN 
         k:       1.000000e+010	    0.00      74000.00


    243. CH2(S) + N2  = NH + HCN 
         k:       1.000000e+008	    0.00      65000.00


    244. C + NO  = O + CN 
         k:       1.900000e+010	    0.00          0.00


    245. C + NO  = CO + N 
         k:       2.900000e+010	    0.00          0.00


    246. CH + NO  = O + HCN 
         k:       4.100000e+010	    0.00          0.00


    247. CH + NO  = H + NCO 
         k:       1.620000e+010	    0.00          0.00


    248. CH + NO  = HCO + N 
         k:       2.460000e+010	    0.00          0.00


    249. CH2 + NO  = H + HNCO 
         k:       3.100000e+014	   -1.38       1270.00


    250. CH2 + NO  = OH + HCN 
         k:       2.900000e+011	   -0.69        760.00


    251. CH2 + NO  = H + HCNO 
         k:       3.800000e+010	   -0.36        580.00


    252. CH2(S) + NO  = H + HNCO 
         k:       3.100000e+014	   -1.38       1270.00


    253. CH2(S) + NO  = OH + HCN 
         k:       2.900000e+011	   -0.69        760.00


    254. CH2(S) + NO  = H + HCNO 
         k:       3.800000e+010	   -0.36        580.00


    255. CH3 + NO  = H2O + HCN 
         k:       9.600000e+010	    0.00      28800.00


    256. CH3 + NO  = OH + H2CN 
         k:       1.000000e+009	    0.00      21750.00


    257. O + HCNN  = H + CO + N2 
         k:       2.200000e+010	    0.00          0.00


    258. O + HCNN  = NO + HCN 
         k:       2.000000e+009	    0.00          0.00


    259. O2 + HCNN  = O + HCO + N2 
         k:       1.200000e+010	    0.00          0.00


    260. OH + HCNN  = H + HCO + N2 
         k:       1.200000e+010	    0.00          0.00


    261. H + HCNN  = CH2 + N2 
         k:       1.000000e+011	    0.00          0.00


    262. O + HNCO  = CO2 + NH 
         k:       9.800000e+004	    1.41       8500.00


    263. O + HNCO  = CO + HNO 
         k:       1.500000e+005	    1.57      44000.00


    264. O + HNCO  = OH + NCO 
         k:       2.200000e+003	    2.11      11400.00


    265. H + HNCO  = CO + NH2 
         k:       2.250000e+004	    1.70       3800.00


    266. H + HNCO  = H2 + NCO 
         k:       1.050000e+002	    2.50      13300.00


    267. OH + HNCO  = H2O + NCO 
         k:       3.300000e+004	    1.50       3600.00


    268. OH + HNCO  = CO2 + NH2 
         k:       3.300000e+003	    1.50       3600.00


    269. HNCO +M  = CO + NH +M 
         k:       1.180000e+013	    0.00      84720.00
         H2                  	enhanced by	   2.000
         H2O                 	enhanced by	   6.000
         CH4                 	enhanced by	   2.000
         CO                  	enhanced by	   1.500
         CO2                 	enhanced by	   2.000
         C2H6                	enhanced by	   3.000
         AR                  	enhanced by	   0.700


    270. H + HCNO  = H + HNCO 
         k:       2.100000e+012	   -0.69       2850.00


    271. H + HCNO  = OH + HCN 
         k:       2.700000e+008	    0.18       2120.00


    272. H + HCNO  = CO + NH2 
         k:       1.700000e+011	   -0.75       2890.00


    273. H + HOCN  = H + HNCO 
         k:       2.000000e+004	    2.00       2000.00


    274. HCCO + NO  = CO + HCNO 
         k:       9.000000e+009	    0.00          0.00


    275. CH3 + N  = H + H2CN 
         k:       6.100000e+011	   -0.31        290.00


    276. CH3 + N  = H2 + HCN 
         k:       3.700000e+009	    0.15        -90.00


    277. H + NH3  = H2 + NH2 
         k:       5.400000e+002	    2.40       9915.00


    278. OH + NH3  = H2O + NH2 
         k:       5.000000e+004	    1.60        955.00


    279. O + NH3  = OH + NH2 
         k:       9.400000e+003	    1.94       6460.00


    280. CO2 + NH  = CO + HNO 
         k:       1.000000e+010	    0.00      14350.00


    281. NO2 + CN  = NO + NCO 
         k:       6.160000e+012	   -0.75        345.00


    282. NO2 + NCO  = CO2 + N2O 
         k:       3.250000e+009	    0.00       -705.00


    283. CO2 + N  = CO + NO 
         k:       3.000000e+009	    0.00      11300.00


    284. O + CH3  => H2 + H + CO 
         k:       3.370000e+010	    0.00          0.00


    285. O + C2H4  = H + CH2CHO 
         k:       6.700000e+003	    1.83        220.00


    286. O + C2H5  = H + CH3CHO 
         k:       1.096000e+011	    0.00          0.00


    287. OH + HO2  = O2 + H2O 
         k:       5.000000e+012	    0.00      17330.00


    288. OH + CH3  => H2 + CH2O 
         k:       8.000000e+006	    0.50      -1755.00


    289. H2 + CH (+M)  = CH3 (+M) 
         Fall-off (Troe)
         k0:      4.820000e+019	   -2.80        590.00
         kInf:    1.970000e+009	    0.43       -370.00
         Troe Parameters
         a    5.78e-001
         T*** 1.22e+002
         T*   2.54e+003
         T**  9.37e+003
         H2                  	enhanced by	   2.000
         H2O                 	enhanced by	   6.000
         CH4                 	enhanced by	   2.000
         CO                  	enhanced by	   1.500
         CO2                 	enhanced by	   2.000
         C2H6                	enhanced by	   3.000
         AR                  	enhanced by	   0.700


    290. O2 + CH2  => 2H + CO2 
         k:       5.800000e+009	    0.00       1500.00


    291. O2 + CH2  = O + CH2O 
         k:       2.400000e+009	    0.00       1500.00


    292. 2CH2  => 2H + C2H2 
         k:       2.000000e+011	    0.00      10989.00


    293. H2O + CH2(S)  => H2 + CH2O 
         k:       6.820000e+007	    0.25       -935.00


    294. O2 + C2H3  = O + CH2CHO 
         k:       3.030000e+008	    0.29         11.00


    295. O2 + C2H3  = HO2 + C2H2 
         k:       1.337000e+003	    1.61       -384.00


    296. O + CH3CHO  = OH + CH2CHO 
         k:       2.920000e+009	    0.00       1808.00


    297. O + CH3CHO  => OH + CH3 + CO 
         k:       2.920000e+009	    0.00       1808.00


    298. O2 + CH3CHO  => HO2 + CH3 + CO 
         k:       3.010000e+010	    0.00      39150.00


    299. H + CH3CHO  = H2 + CH2CHO 
         k:       2.050000e+006	    1.16       2405.00


    300. H + CH3CHO  => H2 + CH3 + CO 
         k:       2.050000e+006	    1.16       2405.00


    301. OH + CH3CHO  => H2O + CH3 + CO 
         k:       2.343000e+007	    0.73      -1113.00


    302. HO2 + CH3CHO  => H2O2 + CH3 + CO 
         k:       3.010000e+009	    0.00      11923.00


    303. CH3 + CH3CHO  => CH3 + CH4 + CO 
         k:       2.720000e+003	    1.77       5920.00


    304. H + CH2CO (+M)  = CH2CHO (+M) 
         Fall-off (Troe)
         k0:      1.012000e+036	   -7.63       3854.00
         kInf:    4.865000e+008	    0.42      -1755.00
         Troe Parameters
         a    4.65e-001
         T*** 2.01e+002
         T*   1.77e+003
         T**  5.33e+003
         H2                  	enhanced by	   2.000
         H2O                 	enhanced by	   6.000
         CH4                 	enhanced by	   2.000
         CO                  	enhanced by	   1.500
         CO2                 	enhanced by	   2.000
         C2H6                	enhanced by	   3.000
         AR                  	enhanced by	   0.700


    305. O + CH2CHO  => H + CH2 + CO2 
         k:       1.500000e+011	    0.00          0.00


    306. O2 + CH2CHO  => OH + CO + CH2O 
         k:       1.810000e+007	    0.00          0.00


    307. O2 + CH2CHO  => OH + 2HCO 
         k:       2.350000e+007	    0.00          0.00


    308. H + CH2CHO  = CH3 + HCO 
         k:       2.200000e+010	    0.00          0.00


    309. H + CH2CHO  = H2 + CH2CO 
         k:       1.100000e+010	    0.00          0.00


    310. OH + CH2CHO  = H2O + CH2CO 
         k:       1.200000e+010	    0.00          0.00


    311. OH + CH2CHO  = HCO + CH2OH 
         k:       3.010000e+010	    0.00          0.00


    312. CH3 + C2H5 (+M)  = C3H8 (+M) 
         Fall-off (Troe)
         k0:      2.710000e+068	  -16.82      13065.00
         kInf:    9.430000e+009	    0.00          0.00
         Troe Parameters
         a    1.53e-001
         T*** 2.91e+002
         T*   2.74e+003
         T**  7.75e+003
         H2                  	enhanced by	   2.000
         H2O                 	enhanced by	   6.000
         CH4                 	enhanced by	   2.000
         CO                  	enhanced by	   1.500
         CO2                 	enhanced by	   2.000
         C2H6                	enhanced by	   3.000
         AR                  	enhanced by	   0.700


    313. O + C3H8  = OH + C3H7 
         k:       1.930000e+002	    2.68       3716.00


    314. H + C3H8  = H2 + C3H7 
         k:       1.320000e+003	    2.54       6756.00


    315. OH + C3H8  = H2O + C3H7 
         k:       3.160000e+004	    1.80        934.00


    316. H2O2 + C3H7  = HO2 + C3H8 
         k:       3.780000e-001	    2.72       1500.00


    317. CH3 + C3H8  = CH4 + C3H7 
         k:       9.030000e-004	    3.65       7154.00


    318. CH3 + C2H4 (+M)  = C3H7 (+M) 
         Fall-off (Troe)
         k0:      3.000000e+057	  -14.60      18170.00
         kInf:    2.550000e+003	    1.60       5700.00
         Troe Parameters
         a    1.89e-001
         T*** 2.77e+002
         T*   8.75e+003
         T**  7.89e+003
         H2                  	enhanced by	   2.000
         H2O                 	enhanced by	   6.000
         CH4                 	enhanced by	   2.000
         CO                  	enhanced by	   1.500
         CO2                 	enhanced by	   2.000
         C2H6                	enhanced by	   3.000
         AR                  	enhanced by	   0.700


    319. O + C3H7  = CH2O + C2H5 
         k:       9.640000e+010	    0.00          0.00


    320. H + C3H7 (+M)  = C3H8 (+M) 
         Fall-off (Troe)
         k0:      4.420000e+055	  -13.55      11357.00
         kInf:    3.613000e+010	    0.00          0.00
         Troe Parameters
         a    3.15e-001
         T*** 3.69e+002
         T*   3.29e+003
         T**  6.67e+003
         H2                  	enhanced by	   2.000
         H2O                 	enhanced by	   6.000
         CH4                 	enhanced by	   2.000
         CO                  	enhanced by	   1.500
         CO2                 	enhanced by	   2.000
         C2H6                	enhanced by	   3.000
         AR                  	enhanced by	   0.700


    321. H + C3H7  = CH3 + C2H5 
         k:       4.060000e+003	    2.19        890.00


    322. OH + C3H7  = CH2OH + C2H5 
         k:       2.410000e+010	    0.00          0.00


    323. HO2 + C3H7  = O2 + C3H8 
         k:       2.550000e+007	    0.26       -943.00


    324. HO2 + C3H7  => OH + CH2O + C2H5 
         k:       2.410000e+010	    0.00          0.00


    325. CH3 + C3H7  = 2C2H5 
         k:       1.927000e+010	   -0.32          0.00


