------------------------------
  Elements     Atomic Weight  
------------------------------
  1.	H          1.00800002
  2.	O         15.99899960
  3.	C         12.01099968
  4.	N         14.00699997
  5.	AR        39.94800186
------------------------------


----------------------------------------------------------------------------------------------------------------------
                                                Molecular        Temperature        Elements
  Species                  Phase  Charge         weight         Low      High       H       O       C       N      AR
----------------------------------------------------------------------------------------------------------------------
    1. H                     G      0            1.008000    200.00   6000.00       1       0       0       0       0
    2. H2                    G      0            2.016000    200.00   6000.00       2       0       0       0       0
    3. O                     G      0           15.999000    200.00   6000.00       0       1       0       0       0
    4. O2                    G      0           31.997999    200.00   6000.00       0       2       0       0       0
    5. O3                    G      0           47.996999    300.00   5000.00       0       3       0       0       0
    6. OH                    G      0           17.007000    200.00   6000.00       1       1       0       0       0
    7. H2O                   G      0           18.015000    200.00   6000.00       2       1       0       0       0
    8. HO2                   G      0           33.005999    200.00   6000.00       1       2       0       0       0
    9. H2O2                  G      0           34.013999    200.00   6000.00       2       2       0       0       0
   10. CH                    G      0           13.019000    200.00   6000.00       1       0       1       0       0
   11. CH2                   G      0           14.027000    300.00   4000.00       2       0       1       0       0
   12. CH2(S)                G      0           14.027000    300.00   4000.00       2       0       1       0       0
   13. CH3                   G      0           15.035000    200.00   6000.00       3       0       1       0       0
   14. CH4                   G      0           16.043000    200.00   6000.00       4       0       1       0       0
   15. CO                    G      0           28.009999    200.00   6000.00       0       1       1       0       0
   16. CO2                   G      0           44.008999    200.00   6000.00       0       2       1       0       0
   17. HCO                   G      0           29.017999    200.00   6000.00       1       1       1       0       0
   18. HCOO                  G      0           45.016999    300.00   5000.00       1       2       1       0       0
   19. CH2O                  G      0           30.025999    200.00   6000.00       2       1       1       0       0
   20. CH2OH                 G      0           31.033999    200.00   6000.00       3       1       1       0       0
   21. CH2OOH                G      0           47.032999    300.00   5000.00       3       2       1       0       0
   22. CH3O                  G      0           31.033999    200.00   6000.00       3       1       1       0       0
   23. CH3OH                 G      0           32.041999    200.00   6000.00       4       1       1       0       0
   24. CH3CO                 G      0           43.044999    200.00   6000.00       3       1       2       0       0
   25. CH3HCO                G      0           44.052999    200.00   6000.00       4       1       2       0       0
   26. CH3O2                 G      0           47.032999    300.00   5000.00       3       2       1       0       0
   27. CH3OOH                G      0           48.040999    200.00   6000.00       4       2       1       0       0
   28. CH3NO                 G      0           45.040999    300.00   5000.00       3       1       1       1       0
   29. CH3NO2                G      0           61.039999    300.00   5000.00       3       2       1       1       0
   30. CH3ONO                G      0           61.039999    300.00   5000.00       3       2       1       1       0
   31. CH3ONO2               G      0           77.038998    300.00   5000.00       3       3       1       1       0
   32. H2CNO2                G      0           60.031999    300.00   5000.00       2       2       1       1       0
   33. HCN                   G      0           27.026000    300.00   4000.00       1       0       1       1       0
   34. C2H2                  G      0           26.037999    200.00   6000.00       2       0       2       0       0
   35. C2H3                  G      0           27.045999    300.00   4000.00       3       0       2       0       0
   36. C2H4                  G      0           28.053999    300.00   5000.00       4       0       2       0       0
   37. C2H5                  G      0           29.061999    300.00   4000.00       5       0       2       0       0
   38. C2H6                  G      0           30.069999    300.00   5000.00       6       0       2       0       0
   39. HCCO                  G      0           41.028999    200.00   6000.00       1       1       2       0       0
   40. HCCOH                 G      0           42.036999    200.00   6000.00       2       1       2       0       0
   41. CH2CO                 G      0           42.036999    200.00   6000.00       2       1       2       0       0
   42. N                     G      0           14.007000    200.00   6000.00       0       0       0       1       0
   43. N2                    G      0           28.014000    200.00   6000.00       0       0       0       2       0
   44. NO                    G      0           30.006000    200.00   6000.00       0       1       0       1       0
   45. NO2                   G      0           46.004999    200.00   6000.00       0       2       0       1       0
   46. NO3                   G      0           62.003999    200.00   6000.00       0       3       0       1       0
   47. HNO                   G      0           31.014000    300.00   5000.00       1       1       0       1       0
   48. HONO                  G      0           47.012999    200.00   6000.00       1       2       0       1       0
   49. HONO2                 G      0           63.011999    300.00   5000.00       1       3       0       1       0
   50. N2O                   G      0           44.013000    200.00   6000.00       0       1       0       2       0
   51. AR                    G      0           39.948002    200.00   6000.00       0       0       0       0       1
   52. C                     G      0           12.011000    200.00   6000.00       0       0       1       0       0
   53. C2                    G      0           24.021999    200.00   6000.00       0       0       2       0       0
   54. C2H                   G      0           25.029999    300.00   4000.00       1       0       2       0       0
   55. C2O                   G      0           40.020999    200.00   6000.00       0       1       2       0       0
   56. CH2HCO                G      0           43.044999    300.00   5000.00       3       1       2       0       0
   57. C2H2OH                G      0           43.044999    300.00   3000.00       3       1       2       0       0
   58. OCHCHO                G      0           58.035999    300.00   3000.00       2       2       2       0       0
   59. C2H5CHO               G      0           58.079999    273.15   5000.00       6       1       3       0       0
   60. C2H5CO                G      0           57.071999    298.15   5000.00       5       1       3       0       0
   61. NH                    G      0           15.015000    200.00   6000.00       1       0       0       1       0
   62. NH2                   G      0           16.023000    200.00   6000.00       2       0       0       1       0
   63. NH3                   G      0           17.031000    200.00   6000.00       3       0       0       1       0
   64. NNH                   G      0           29.022000    200.00   6000.00       1       0       0       2       0
   65. N2H2                  G      0           30.030000    200.00   6000.00       2       0       0       2       0
   66. H2NO                  G      0           32.022000    300.00   4000.00       2       1       0       1       0
   67. CN                    G      0           26.018000    200.00   6000.00       0       0       1       1       0
   68. C2N2                  G      0           52.035999    200.00   6000.00       0       0       2       2       0
   69. NCN                   G      0           40.025000    200.00   6000.00       0       0       1       2       0
   70. CH3CN                 G      0           41.052999    300.00   3000.00       3       0       2       1       0
   71. CH2CN                 G      0           40.044999    300.00   3000.00       2       0       2       1       0
   72. H2CN                  G      0           28.034000    200.00   6000.00       2       0       1       1       0
   73. NCO                   G      0           42.016999    300.00   4000.00       0       1       1       1       0
   74. HOCN                  G      0           43.024999    300.00   4000.00       1       1       1       1       0
   75. HNCO                  G      0           43.024999    300.00   4000.00       1       1       1       1       0
   76. HCNO                  G      0           43.024999    250.00   4000.00       1       1       1       1       0
----------------------------------------------------------------------------------------------------------------------

---------------------------------------------------------------------------------------
                                  CHEMICAL REACTIONS                                 

                         Units: [kmol, m3, s] and [cal/mol]                          
---------------------------------------------------------------------------------------


      1. O + OH  = H + O2 
         k:       2.000000e+011	   -0.40          0.00


      2. H2 + O  = H + OH 
         k:       5.000000e+001	    2.67       6290.00


      3. H2 + OH  = H + H2O 
         k:       2.100000e+005	    1.52       3450.00


      4. 2OH  = O + H2O 
         k:       4.300000e+000	    2.70      -2486.00


      5. 2H +M  = H2 +M 
         k:       1.000000e+012	   -1.00          0.00
         H2O                 	enhanced by	   0.000


      6. 2H + H2O  = H2 + H2O 
         k:       6.000000e+013	   -1.25          0.00


      7. H + O +M  = OH +M 
         k:       6.200000e+010	   -0.60          0.00
         H2O                 	enhanced by	   5.000


      8. H + OH +M  = H2O +M 
         k:       1.600000e+016	   -2.00          0.00
         H2O                 	enhanced by	   5.000


      9. 2O +M  = O2 +M 
         k:       1.900000e+007	    0.00      -1788.00
         H2O                 	enhanced by	   5.000


     10. H + O2 +M  = HO2 +M 
         k:       2.100000e+012	   -1.00          0.00
         H2O                 	enhanced by	  10.000
         N2                  	enhanced by	   0.000


     11. H + O2 + N2  = HO2 + N2 
         k:       6.700000e+013	   -1.42          0.00


     12. H + HO2  = H2 + O2 
         k:       4.300000e+010	    0.00       1411.00


     13. H + HO2  = 2OH 
         k:       1.700000e+011	    0.00        874.00


     14. H + HO2  = O + H2O 
         k:       3.000000e+010	    0.00       1721.00


     15. O + HO2  = O2 + OH 
         k:       3.300000e+010	    0.00          0.00


     16. OH + HO2  = O2 + H2O 
         k:       1.900000e+013	   -1.00          0.00


     17. 2HO2  = O2 + H2O2 
         k:       4.200000e+011	    0.00      11982.00


     18. 2HO2  = O2 + H2O2 
         k:       1.300000e+008	    0.00      -1629.00


     19. H2O2 +M  = 2OH +M 
         k:       1.300000e+014	    0.00      45500.00
         H2O                 	enhanced by	   5.000


     20. H + H2O2  = H2 + HO2 
         k:       1.700000e+009	    0.00       3755.00


     21. H + H2O2  = OH + H2O 
         k:       1.000000e+010	    0.00       3576.00


     22. O + H2O2  = OH + HO2 
         k:       6.600000e+008	    0.00       3974.00


     23. OH + H2O2  = H2O + HO2 
         k:       7.800000e+009	    0.00       1330.00


     24. OH + H2O2  = H2O + HO2 
         k:       5.800000e+011	    0.00       9560.00


     25. O + CO +M  = CO2 +M 
         k:       6.200000e+008	    0.00       3000.00
         H2O                 	enhanced by	   5.000


     26. OH + CO  = H + CO2 
         k:       1.500000e+004	    1.30       -758.00


     27. O2 + CO  = O + CO2 
         k:       2.500000e+009	    0.00      47700.00


     28. HO2 + CO  = OH + CO2 
         k:       5.800000e+010	    0.00      22934.00


     29. CH2O +M  = H + HCO +M 
         k:       3.300000e+013	    0.00      81000.00
         H2O                 	enhanced by	   5.000


     30. H + CH2O  = H2 + HCO 
         k:       1.300000e+005	    1.62       2166.00


     31. O + CH2O  = OH + HCO 
         k:       1.800000e+010	    0.00       3080.00


     32. OH + CH2O  = H2O + HCO 
         k:       3.400000e+006	    1.18       -447.00


     33. HO2 + CH2O  = H2O2 + HCO 
         k:       3.000000e+009	    0.00      13000.00


     34. O2 + CH2O  = HO2 + HCO 
         k:       6.000000e+010	    0.00      40660.00


     35. HCO +M  = H + CO +M 
         k:       1.900000e+014	   -1.00      17000.00
         H2O                 	enhanced by	   5.000


     36. H + HCO  = H2 + CO 
         k:       1.200000e+010	    0.25          0.00


     37. O + HCO  = OH + CO 
         k:       3.000000e+010	    0.00          0.00


     38. O + HCO  = H + CO2 
         k:       3.000000e+010	    0.00          0.00


     39. OH + HCO  = H2O + CO 
         k:       1.000000e+011	    0.00          0.00


     40. O2 + HCO  = HO2 + CO 
         k:       7.600000e+009	    0.00        400.00


     41. H + CH3 (+M)  = CH4 (+M) 
         Fall-off (Troe)
         k0:      1.750000e+027	   -4.76       2440.00
         kInf:    1.300000e+013	   -0.63        383.00
         Troe Parameters
         a    7.83e-001
         T*** 7.40e+001
         T*   2.94e+003
         T**  6.96e+003
         H2O                 	enhanced by	   8.570
         N2                  	enhanced by	   1.430


     42. H + CH4  = H2 + CH3 
         k:       1.300000e+001	    3.00       8040.00


     43. O + CH4  = OH + CH3 
         k:       1.000000e+006	    1.50       8600.00


     44. OH + CH4  = H2O + CH3 
         k:       1.600000e+003	    2.10       2460.00


     45. HO2 + CH4  = H2O2 + CH3 
         k:       1.800000e+008	    0.00      18700.00


     46. O2 + CH4  = HO2 + CH3 
         k:       7.900000e+010	    0.00      56000.00


     47. H + CH3  = H2 + CH2 
         k:       9.000000e+010	    0.00      15100.00


     48. H2 + CH2(S)  = H + CH3 
         k:       7.200000e+010	    0.00          0.00


     49. O + CH3  = H + CH2O 
         k:       8.400000e+010	    0.00          0.00


     50. OH + CH3  = H2O + CH2 
         k:       7.500000e+003	    2.00       5000.00


     51. H2O + CH2(S)  = OH + CH3 
         k:       3.000000e+012	   -0.60          0.00


     52. H + CH2OH  = OH + CH3 
         k:       1.000000e+011	    0.00          0.00


     53. H + CH3O  = OH + CH3 
         k:       1.000000e+011	    0.00          0.00


     54. OH + CH3 (+M)  = CH3OH (+M) 
         Fall-off (Troe)
         k0:      1.890000e+032	   -6.30       3100.00
         kInf:    6.300000e+010	    0.00          0.00
         Troe Parameters
         a    2.10e-001
         T*** 8.35e+001
         T*   5.40e+003
         T**  8.37e+003
         N2                  	enhanced by	   1.430
         H2O                 	enhanced by	   8.580


     55. HO2 + CH3  = OH + CH3O 
         k:       8.000000e+009	    0.00          0.00


     56. O2 + CH3  = O + CH3O 
         k:       2.900000e+010	    0.00      30480.00


     57. O2 + CH3  = OH + CH2O 
         k:       3.600000e+007	    0.00       8940.00


     58. 2CH3 (+M)  = C2H6 (+M) 
         Fall-off (Troe)
         k0:      1.260000e+044	   -9.67       6220.00
         kInf:    2.100000e+013	   -0.97        620.00
         Troe Parameters
         a    5.32e-001
         T*** 1.51e+002
         T*   1.04e+003
         T**  4.97e+003
         N2                  	enhanced by	   1.430
         H2O                 	enhanced by	   8.590
         H2                  	enhanced by	   2.000
         CO                  	enhanced by	   2.000
         CO2                 	enhanced by	   3.000


     59. CH3 + CH2O  = CH4 + HCO 
         k:       7.800000e-011	    6.10       1967.00


     60. CH3 + HCO  = CH4 + CO 
         k:       1.200000e+011	    0.00          0.00


     61. H + CH2  = H2 + CH 
         k:       1.000000e+015	   -1.56          0.00


     62. O + CH2  = 2H + CO 
         k:       5.000000e+010	    0.00          0.00


     63. O + CH2  = H2 + CO 
         k:       3.000000e+010	    0.00          0.00


     64. OH + CH2  = H2O + CH 
         k:       1.100000e+004	    2.00       3000.00


     65. OH + CH2  = H + CH2O 
         k:       2.500000e+010	    0.00          0.00


     66. O2 + CH2  = H2O + CO 
         k:       2.200000e+019	   -3.30       2867.00


     67. O2 + CH2  = 2H + CO2 
         k:       3.300000e+018	   -3.30       2867.00


     68. O2 + CH2  = O + CH2O 
         k:       3.300000e+018	   -3.30       2867.00


     69. O2 + CH2  = H2 + CO2 
         k:       2.600000e+018	   -3.30       2867.00


     70. O2 + CH2  = H + OH + CO 
         k:       1.600000e+018	   -3.30       2867.00


     71. CH2 + CO2  = CO + CH2O 
         k:       1.100000e+008	    0.00       1000.00


     72. CH2 + CH4  = 2CH3 
         k:       4.300000e+009	    0.00      10030.00


     73. CH2 + CH3  = H + C2H4 
         k:       4.200000e+010	    0.00          0.00


     74. 2CH2  = 2H + C2H2 
         k:       4.000000e+010	    0.00          0.00


     75. CH2 + HCCO  = CO + C2H3 
         k:       3.000000e+010	    0.00          0.00


     76. CH2(S) +M  = CH2 +M 
         k:       1.000000e+010	    0.00          0.00
         H                   	enhanced by	   0.000
         H2O                 	enhanced by	   0.000
         N2                  	enhanced by	   0.000
         AR                  	enhanced by	   0.000


     77. CH2(S) + N2  = CH2 + N2 
         k:       1.300000e+010	    0.00        430.00


     78. CH2(S) + AR  = CH2 + AR 
         k:       1.500000e+010	    0.00        884.00


     79. H + CH2(S)  = H + CH2 
         k:       2.000000e+011	    0.00          0.00


     80. H2O + CH2(S)  = H2O + CH2 
         k:       3.000000e+010	    0.00          0.00


     81. H + CH2(S)  = H2 + CH 
         k:       3.000000e+010	    0.00          0.00


     82. O + CH2(S)  = 2H + CO 
         k:       3.000000e+010	    0.00          0.00


     83. OH + CH2(S)  = H + CH2O 
         k:       3.000000e+010	    0.00          0.00


     84. O2 + CH2(S)  = H + OH + CO 
         k:       7.000000e+010	    0.00          0.00


     85. CH2(S) + CO2  = CO + CH2O 
         k:       3.000000e+009	    0.00          0.00


     86. CH2(S) + CH4  = 2CH3 
         k:       4.300000e+010	    0.00          0.00


     87. CH2(S) + CH3  = H + C2H4 
         k:       2.000000e+010	    0.00          0.00


     88. CH2(S) + CH2CO  = CO + C2H4 
         k:       1.600000e+011	    0.00          0.00


     89. CH2(S) + C2H6  = CH3 + C2H5 
         k:       1.200000e+011	    0.00          0.00


     90. H + CH  = H2 + C 
         k:       1.500000e+011	    0.00          0.00


     91. O + CH  = H + CO 
         k:       5.700000e+010	    0.00          0.00


     92. OH + CH  = H + HCO 
         k:       3.000000e+010	    0.00          0.00


     93. OH + CH  = H2O + C 
         k:       4.000000e+004	    2.00       3000.00


     94. O2 + CH  = O + HCO 
         k:       3.300000e+010	    0.00          0.00


     95. H2O + CH  = H + CH2O 
         k:       5.700000e+009	    0.00       -751.00


     96. CH + CO2  = CO + HCO 
         k:       3.400000e+009	    0.00        690.00


     97. CH + CH4  = H + C2H4 
         k:       6.000000e+010	    0.00          0.00


     98. CH + CH3  = H + C2H3 
         k:       3.000000e+010	    0.00          0.00


     99. CH + CH2  = H + C2H2 
         k:       4.000000e+010	    0.00          0.00


    100. CH + CH2O  = H + CH2CO 
         k:       9.500000e+010	    0.00       -515.00


    101. CH + HCCO  = CO + C2H2 
         k:       5.000000e+010	    0.00          0.00


    102. OH + C  = H + CO 
         k:       5.000000e+010	    0.00          0.00


    103. O2 + C  = O + CO 
         k:       2.000000e+010	    0.00          0.00


    104. CH3 + C  = H + C2H2 
         k:       5.000000e+010	    0.00          0.00


    105. CH2 + C  = H + C2H 
         k:       5.000000e+010	    0.00          0.00


    106. H + CH3OH  = H2 + CH2OH 
         k:       1.700000e+004	    2.10       4868.00


    107. H + CH3OH  = H2 + CH3O 
         k:       4.200000e+003	    2.10       4868.00


    108. O + CH3OH  = OH + CH2OH 
         k:       3.900000e+002	    2.50       3080.00


    109. OH + CH3OH  = H2O + CH2OH 
         k:       5.300000e+001	    2.53        960.00


    110. OH + CH3OH  = H2O + CH3O 
         k:       1.320000e+001	    2.53        960.00


    111. HO2 + CH3OH  = H2O2 + CH2OH 
         k:       9.600000e+007	    0.00      12578.00


    112. H + CH2O (+M)  = CH3O (+M) 
         Fall-off (Troe)
         k0:      1.540000e+024	   -4.80       5560.00
         kInf:    5.400000e+008	    0.45       2600.00
         Troe Parameters
         a    7.58e-001
         T*** 9.40e+001
         T*   1.56e+003
         T**  4.20e+003
         N2                  	enhanced by	   1.430
         H2O                 	enhanced by	   8.580


    113. H + CH3O  = H2 + CH2O 
         k:       2.000000e+010	    0.00          0.00


    114. O + CH3O  = OH + CH2O 
         k:       1.000000e+010	    0.00          0.00


    115. OH + CH3O  = H2O + CH2O 
         k:       1.000000e+010	    0.00          0.00


    116. O2 + CH3O  = HO2 + CH2O 
         k:       6.300000e+007	    0.00       2600.00


    117. H + CH2O (+M)  = CH2OH (+M) 
         Fall-off (Troe)
         k0:      9.100000e+025	   -4.82       6530.00
         kInf:    5.400000e+008	    0.45       3600.00
         Troe Parameters
         a    7.19e-001
         T*** 1.03e+002
         T*   1.29e+003
         T**  4.16e+003
         N2                  	enhanced by	   1.430
         H2O                 	enhanced by	   8.580
         CO                  	enhanced by	   2.000
         CO2                 	enhanced by	   3.000
         H2                  	enhanced by	   2.000


    118. H + CH2OH  = H2 + CH2O 
         k:       2.000000e+010	    0.00          0.00


    119. O + CH2OH  = OH + CH2O 
         k:       1.000000e+010	    0.00          0.00


    120. OH + CH2OH  = H2O + CH2O 
         k:       1.000000e+010	    0.00          0.00


    121. O2 + CH2OH  = HO2 + CH2O 
         k:       1.600000e+012	   -1.00          0.00


    122. O2 + CH2OH  = HO2 + CH2O 
         k:       7.200000e+010	    0.00       3577.00


    123. H + C2H6  = H2 + C2H5 
         k:       5.400000e-001	    3.50       5210.00


    124. O + C2H6  = OH + C2H5 
         k:       3.000000e+004	    2.00       5115.00


    125. OH + C2H6  = H2O + C2H5 
         k:       7.200000e+003	    2.00        864.00


    126. HO2 + C2H6  = H2O2 + C2H5 
         k:       1.300000e+010	    0.00      20460.00


    127. O2 + C2H6  = HO2 + C2H5 
         k:       5.000000e+010	    0.00      55000.00


    128. CH3 + C2H6  = CH4 + C2H5 
         k:       5.500000e-004	    4.00       8300.00


    129. H + C2H4 (+M)  = C2H5 (+M) 
         Fall-off (Troe)
         k0:      1.112000e+028	   -5.00       4448.00
         kInf:    1.100000e+009	    0.45       1822.00
         Troe Parameters
         a    5.00e-001
         T*** 9.50e+001
         T*   9.50e+001
         T**  2.00e+002
         H2O                 	enhanced by	   5.000


    130. H + C2H5 (+M)  = C2H6 (+M) 
         Fall-off (Troe)
         k0:      2.000000e+035	   -7.08       6685.00
         kInf:    5.200000e+014	   -0.99       1580.00
         Troe Parameters
         a    8.42e-001
         T*** 1.25e+002
         T*   2.22e+003
         T**  6.88e+003
         N2                  	enhanced by	   1.000
         H2O                 	enhanced by	   6.000
         AR                  	enhanced by	   0.700


    131. H + C2H5  = 2CH3 
         k:       4.900000e+009	    0.35          0.00


    132. O + C2H5  = CH3 + CH2O 
         k:       4.200000e+010	    0.00          0.00


    133. O + C2H5  = H + CH3HCO 
         k:       5.300000e+010	    0.00          0.00


    134. O + C2H5  = OH + C2H4 
         k:       3.000000e+010	    0.00          0.00


    135. OH + C2H5  = H2O + C2H4 
         k:       2.400000e+010	    0.00          0.00


    136. O2 + C2H5  = HO2 + C2H4 
         k:       1.000000e+007	    0.00      -2190.00


    137. CH2O + C2H5  = HCO + C2H6 
         k:       5.500000e+000	    2.81       5860.00


    138. HCO + C2H5  = CO + C2H6 
         k:       1.200000e+011	    0.00          0.00


    139. CH3 + C2H5  = CH4 + C2H4 
         k:       1.100000e+009	    0.00          0.00


    140. 2C2H5  = C2H4 + C2H6 
         k:       1.500000e+009	    0.00          0.00


    141. H + C2H3 (+M)  = C2H4 (+M) 
         Fall-off (Troe)
         k0:      9.800000e+023	   -3.86       3320.00
         kInf:    6.100000e+009	    0.27        280.00
         Troe Parameters
         a    7.82e-001
         T*** 2.08e+002
         T*   2.66e+003
         T**  6.10e+003
         H2                  	enhanced by	   2.850
         CO                  	enhanced by	   2.100
         CO2                 	enhanced by	   2.850
         H2O                 	enhanced by	   7.140
         CH4                 	enhanced by	   2.850
         C2H6                	enhanced by	   4.290
         N2                  	enhanced by	   1.430


    142. C2H4 +M  = H2 + C2H2 +M 
         k:       3.500000e+013	    0.00      71500.00
         N2                  	enhanced by	   1.500
         H2O                 	enhanced by	  10.000


    143. H + C2H4  = H2 + C2H3 
         k:       5.400000e+011	    0.00      14900.00


    144. O + C2H4  = H + CH2HCO 
         k:       4.700000e+003	    1.88        180.00


    145. O + C2H4  = CH3 + HCO 
         k:       8.100000e+003	    1.88        180.00


    146. O + C2H4  = H2 + CH2CO 
         k:       6.800000e+002	    1.88        180.00


    147. OH + C2H4  = H2O + C2H3 
         k:       2.000000e+010	    0.00       5940.00


    148. HO2 + C2H4  = OH + CH3HCO 
         k:       2.200000e+009	    0.00      17200.00


    149. O2 + C2H4  = OH + CH2HCO 
         k:       2.000000e+005	    1.50      39000.00


    150. CH3 + C2H4  = CH4 + C2H3 
         k:       5.000000e+008	    0.00      15000.00


    151. H + C2H2 (+M)  = C2H3 (+M) 
         Fall-off (Troe)
         k0:      2.254000e+034	   -7.27       6577.00
         kInf:    3.100000e+008	    0.58       2590.00
         Troe Parameters
         a    5.00e-001
         T*** 6.75e+002
         T*   6.75e+002
         T**  0.00e+000
         H2                  	enhanced by	   2.000
         CO                  	enhanced by	   2.000
         CO2                 	enhanced by	   3.000
         H2O                 	enhanced by	   5.000


    152. H + C2H3  = H2 + C2H2 
         k:       4.000000e+010	    0.00          0.00


    153. O + C2H3  = H + CH2CO 
         k:       3.000000e+010	    0.00          0.00


    154. OH + C2H3  = H2O + C2H2 
         k:       2.000000e+010	    0.00          0.00


    155. O2 + C2H3  = HCO + CH2O 
         k:       1.100000e+020	   -3.29       3890.00


    156. O2 + C2H3  = O + CH2HCO 
         k:       2.500000e+012	   -0.78       3135.00


    157. O2 + C2H3  = HO2 + C2H2 
         k:       5.200000e+012	   -1.26       3310.00


    158. CH2O + C2H3  = HCO + C2H4 
         k:       5.400000e+000	    2.81       5860.00


    159. HCO + C2H3  = CO + C2H4 
         k:       9.000000e+010	    0.00          0.00


    160. CH3 + C2H3  = CH4 + C2H2 
         k:       2.100000e+010	    0.00          0.00


    161. 2C2H3  = C2H2 + C2H4 
         k:       1.500000e+010	    0.00          0.00


    162. C2H2 +M  = H + C2H +M 
         k:       9.100000e+027	   -3.70     127138.00
         H2                  	enhanced by	   2.000
         CO                  	enhanced by	   2.000
         CO2                 	enhanced by	   3.000
         H2O                 	enhanced by	   5.000


    163. H2 + C2H  = H + C2H2 
         k:       4.100000e+002	    2.39        864.00


    164. O + C2H2  = CH2 + CO 
         k:       6.100000e+003	    2.00       1900.00


    165. O + C2H2  = H + HCCO 
         k:       1.400000e+004	    2.00       1900.00


    166. O + C2H2  = OH + C2H 
         k:       3.200000e+012	   -0.60      15000.00


    167. OH + C2H2  = H2O + C2H 
         k:       3.400000e+004	    2.00      14000.00


    168. OH + C2H2  = H + HCCOH 
         k:       5.000000e+002	    2.30      13500.00


    169. OH + C2H2  = H + CH2CO 
         k:       2.200000e-007	    4.50      -1000.00


    170. OH + C2H2  = CH3 + CO 
         k:       4.800000e-007	    4.00      -2000.00


    171. OH + C2H2 (+M)  = C2H2OH (+M) 
         Fall-off (Lindemann)
         k0:      1.810000e+017	   -2.00          0.00
         kInf:    1.500000e+005	    1.70       1000.00
         H2                  	enhanced by	   2.000
         CO                  	enhanced by	   2.000
         CO2                 	enhanced by	   3.000
         H2O                 	enhanced by	   5.000


    172. HO2 + C2H2  = O + CH2HCO 
         k:       1.000000e+009	    0.00      10000.00


    173. HO2 + C2H2  = HCO + CH2O 
         k:       1.000000e+009	    0.00      10000.00


    174. O2 + C2H2  = 2HCO 
         k:       2.000000e+005	    1.50      30100.00


    175. H2 + C2  = H + C2H 
         k:       4.000000e+002	    2.40       1000.00


    176. O + C2H  = CH + CO 
         k:       5.000000e+010	    0.00          0.00


    177. OH + C2H  = H + HCCO 
         k:       2.000000e+010	    0.00          0.00


    178. OH + C2H  = H2O + C2 
         k:       4.000000e+004	    2.00       8000.00


    179. O2 + C2H  = H + 2CO 
         k:       2.500000e+010	    0.00          0.00


    180. CH4 + C2H  = CH3 + C2H2 
         k:       7.200000e+009	    0.00        976.00


    181. OH + C2  = H + C2O 
         k:       5.000000e+010	    0.00          0.00


    182. O2 + C2  = 2CO 
         k:       5.000000e+010	    0.00          0.00


    183. CH3HCO  = CH3 + HCO 
         k:       7.100000e+015	    0.00      81280.00


    184. H + CH3HCO  = H2 + CH3CO 
         k:       4.100000e+006	    1.16       2400.00


    185. O + CH3HCO  = OH + CH3CO 
         k:       5.800000e+009	    0.00       1800.00


    186. OH + CH3HCO  = H2O + CH3CO 
         k:       2.300000e+007	    0.73      -1110.00


    187. HO2 + CH3HCO  = H2O2 + CH3CO 
         k:       3.000000e+009	    0.00      12000.00


    188. O2 + CH3HCO  = HO2 + CH3CO 
         k:       3.000000e+010	    0.00      39000.00


    189. CH3 + CH3HCO  = CH4 + CH3CO 
         k:       2.000000e-009	    5.60       2464.00


    190. CH2HCO  = CH3 + CO 
         k:       1.000000e+013	    0.00      42000.00


    191. H + CH2HCO  = CH3 + HCO 
         k:       1.000000e+011	    0.00          0.00


    192. H + CH2HCO  = H + CH3CO 
         k:       3.000000e+010	    0.00          0.00


    193. O + CH2HCO  = HCO + CH2O 
         k:       5.000000e+010	    0.00          0.00


    194. OH + CH2HCO  = H2O + CH2CO 
         k:       2.000000e+010	    0.00          0.00


    195. OH + CH2HCO  = HCO + CH2OH 
         k:       1.000000e+010	    0.00          0.00


    196. O2 + CH2HCO  = OH + CO + CH2O 
         k:       2.200000e+008	    0.00       1500.00


    197. CH3 + CH2HCO  = C2H5CHO 
         k:       5.000000e+010	    0.00          0.00


    198. CH2 + CH2HCO  = HCO + C2H4 
         k:       5.000000e+010	    0.00          0.00


    199. CH + CH2HCO  = HCO + C2H3 
         k:       1.000000e+011	    0.00          0.00


    200. HCO + C2H5  = C2H5CHO 
         k:       1.800000e+010	    0.00          0.00


    201. H + C2H5CHO  = H2 + C2H5CO 
         k:       8.000000e+010	    0.00          0.00


    202. O + C2H5CHO  = OH + C2H5CO 
         k:       7.800000e+009	    0.00       1730.00


    203. OH + C2H5CHO  = H2O + C2H5CO 
         k:       1.200000e+010	    0.00          0.00


    204. CO + C2H5  = C2H5CO 
         k:       1.500000e+008	    0.00       4800.00


    205. H + C2H2OH  = H + CH2HCO 
         k:       5.000000e+010	    0.00          0.00


    206. O + C2H2OH  = H + OCHCHO 
         k:       5.000000e+010	    0.00          0.00


    207. O2 + C2H2OH  = OH + OCHCHO 
         k:       1.000000e+009	    0.00       5000.00


    208. CH3CO (+M)  = CH3 + CO (+M) 
         Fall-off (Troe)
         k0:      2.100000e+012	    0.00      14000.00
         kInf:    2.800000e+013	    0.00      17100.00
         Troe Parameters
         a    5.00e-001
         T*** 1.00e-030
         T*   1.00e+030
         T**  0.00e+000
         H2                  	enhanced by	   2.000
         CO                  	enhanced by	   2.000
         CO2                 	enhanced by	   3.000
         H2O                 	enhanced by	   5.000


    209. H + CH3CO  = CH3 + HCO 
         k:       2.100000e+010	    0.00          0.00


    210. H + CH3CO  = H2 + CH2CO 
         k:       1.200000e+010	    0.00          0.00


    211. O + CH3CO  = CH3 + CO2 
         k:       1.500000e+011	    0.00          0.00


    212. O + CH3CO  = OH + CH2CO 
         k:       4.000000e+010	    0.00          0.00


    213. OH + CH3CO  = H2O + CH2CO 
         k:       1.200000e+010	    0.00          0.00


    214. CH2 + CO (+M)  = CH2CO (+M) 
         Fall-off (Troe)
         k0:      1.880000e+027	   -5.11       7095.00
         kInf:    8.100000e+008	    0.50       4510.00
         Troe Parameters
         a    5.91e-001
         T*** 2.75e+002
         T*   1.23e+003
         T**  5.19e+003
         H2                  	enhanced by	   2.000
         CO                  	enhanced by	   2.000
         CO2                 	enhanced by	   3.000
         H2O                 	enhanced by	   8.580
         N2                  	enhanced by	   1.430


    215. H + CH2CO  = CH3 + CO 
         k:       5.900000e+003	    2.00       1300.00


    216. H + CH2CO  = H2 + HCCO 
         k:       3.000000e+004	    2.00      10000.00


    217. O + CH2CO  = CH2 + CO2 
         k:       1.800000e+009	    0.00       1350.00


    218. O + CH2CO  = OH + HCCO 
         k:       2.000000e+004	    2.00      10000.00


    219. OH + CH2CO  = H2O + HCCO 
         k:       1.000000e+004	    2.00       3000.00


    220. OH + CH2CO  = CO + CH2OH 
         k:       7.200000e+009	    0.00          0.00


    221. OH + CH2CO  = CH3 + CO2 
         k:       3.000000e+009	    0.00          0.00


    222. H + HCCOH  = H2 + HCCO 
         k:       3.000000e+004	    2.00       1000.00


    223. OH + HCCOH  = H2O + HCCO 
         k:       1.000000e+004	    2.00       1000.00


    224. O + HCCOH  = OH + HCCO 
         k:       2.000000e+004	    3.00       1900.00


    225. OCHCHO +M  = 2HCO +M 
         k:       1.000000e+014	    0.00      58000.00


    226. H + OCHCHO  = HCO + CH2O 
         k:       3.000000e+010	    0.00          0.00


    227. CH + CO (+M)  = HCCO (+M) 
         Fall-off (Troe)
         k0:      1.880000e+022	   -3.74       1936.00
         kInf:    5.000000e+010	    0.00          0.00
         Troe Parameters
         a    5.76e-001
         T*** 2.37e+002
         T*   1.65e+003
         T**  5.07e+003
         N2                  	enhanced by	   1.430
         H2O                 	enhanced by	   8.580
         CO                  	enhanced by	   2.000
         CO2                 	enhanced by	   3.000
         H2                  	enhanced by	   2.000


    228. H + HCCO  = CH2(S) + CO 
         k:       1.000000e+011	    0.00          0.00


    229. O + HCCO  = H + 2CO 
         k:       1.000000e+011	    0.00          0.00


    230. OH + HCCO  = H2O + C2O 
         k:       6.000000e+010	    0.00          0.00


    231. O2 + HCCO  = H + CO + CO2 
         k:       1.400000e+004	    1.70       1000.00


    232. O2 + HCCO  = OH + 2CO 
         k:       2.900000e+004	    1.70       1000.00


    233. 2HCCO  = 2CO + C2H2 
         k:       1.000000e+010	    0.00          0.00


    234. H + C2O  = CH + CO 
         k:       1.000000e+010	    0.00          0.00


    235. O + C2O  = 2CO 
         k:       5.000000e+010	    0.00          0.00


    236. OH + C2O  = H + 2CO 
         k:       2.000000e+010	    0.00          0.00


    237. O2 + C2O  = O + 2CO 
         k:       2.000000e+010	    0.00          0.00


    238. H + NO +M  = HNO +M 
         k:       4.000000e+014	   -1.75          0.00
         H2O                 	enhanced by	   4.100
         H2                  	enhanced by	   1.250
         N2                  	enhanced by	   1.000


    239. O + NO +M  = NO2 +M 
         k:       7.500000e+013	   -1.41          0.00
         N2                  	enhanced by	   1.700
         O2                  	enhanced by	   1.500
         H2O                 	enhanced by	  10.000


    240. OH + NO +M  = HONO +M 
         k:       5.100000e+017	   -2.51        -68.00
         H2O                 	enhanced by	   5.000


    241. HO2 + NO  = OH + NO2 
         k:       2.100000e+009	    0.00       -479.00


    242. H + NO2  = OH + NO 
         k:       8.400000e+010	    0.00          0.00


    243. O + NO2  = O2 + NO 
         k:       3.900000e+009	    0.00       -238.00


    244. O + NO2 (+M)  = NO3 (+M) 
         Fall-off (Lindemann)
         k0:      1.000000e+022	   -4.08       2470.00
         kInf:    1.300000e+010	    0.00          0.00
         N2                  	enhanced by	   1.500
         O2                  	enhanced by	   1.500
         H2O                 	enhanced by	  18.600


    245. 2NO2  = O2 + 2NO 
         k:       1.600000e+009	    0.00      26123.00


    246. 2NO2  = NO + NO3 
         k:       9.600000e+006	    0.73      20900.00


    247. H + NO3  = OH + NO2 
         k:       6.000000e+010	    0.00          0.00


    248. O + NO3  = O2 + NO2 
         k:       1.000000e+010	    0.00          0.00


    249. OH + NO3  = HO2 + NO2 
         k:       1.400000e+010	    0.00          0.00


    250. HO2 + NO3  = O2 + OH + NO2 
         k:       1.500000e+009	    0.00          0.00


    251. NO2 + NO3  = O2 + NO + NO2 
         k:       5.000000e+007	    0.00       2940.00


    252. H + HNO  = H2 + NO 
         k:       4.500000e+008	    0.72        655.00


    253. O + HNO  = OH + NO 
         k:       1.000000e+010	    0.00          0.00


    254. OH + HNO  = H2O + NO 
         k:       3.600000e+010	    0.00          0.00


    255. O2 + HNO  = HO2 + NO 
         k:       1.000000e+010	    0.00      25000.00


    256. NO2 + HNO  = NO + HONO 
         k:       6.000000e+008	    0.00       2000.00


    257. 2HNO  = H2O + N2O 
         k:       9.000000e+005	    0.00       3100.00


    258. HNO + NH2  = NO + NH3 
         k:       3.630000e+003	    1.63      -1252.00


    259. H2NO +M  = H + HNO +M 
         k:       2.500000e+012	    0.00      50000.00
         H2O                 	enhanced by	   5.000
         N2                  	enhanced by	   2.000


    260. H + H2NO  = H2 + HNO 
         k:       3.000000e+004	    2.00       2000.00


    261. H + H2NO  = OH + NH2 
         k:       5.000000e+010	    0.00          0.00


    262. O + H2NO  = OH + HNO 
         k:       3.000000e+004	    2.00       2000.00


    263. O + H2NO  = O2 + NH2 
         k:       2.000000e+011	    0.00          0.00


    264. OH + H2NO  = H2O + HNO 
         k:       2.000000e+004	    2.00       1000.00


    265. NO + H2NO  = 2HNO 
         k:       2.000000e+001	    2.00      13000.00


    266. NO2 + H2NO  = HNO + HONO 
         k:       6.000000e+008	    0.00       2000.00


    267. H + HONO  = H2 + NO2 
         k:       1.200000e+010	    0.00       7352.00


    268. O + HONO  = OH + NO2 
         k:       1.200000e+010	    0.00       5961.00


    269. OH + HONO  = H2O + NO2 
         k:       4.000000e+009	    0.00          0.00


    270. NH3 +M  = H + NH2 +M 
         k:       2.200000e+013	    0.00      93470.00


    271. H + NH3  = H2 + NH2 
         k:       6.400000e+002	    2.39      10171.00


    272. O + NH3  = OH + NH2 
         k:       9.400000e+003	    1.94       6460.00


    273. OH + NH3  = H2O + NH2 
         k:       2.000000e+003	    2.04        566.00


    274. HO2 + NH3  = H2O2 + NH2 
         k:       3.000000e+008	    0.00      22000.00


    275. H + NH2  = H2 + NH 
         k:       4.000000e+010	    0.00       3650.00


    276. O + NH2  = H + HNO 
         k:       6.600000e+011	   -0.50          0.00


    277. O + NH2  = OH + NH 
         k:       6.800000e+009	    0.00          0.00


    278. OH + NH2  = H2O + NH 
         k:       4.000000e+003	    2.00       1000.00


    279. HO2 + NH2  = OH + H2NO 
         k:       5.000000e+010	    0.00          0.00


    280. HO2 + NH2  = O2 + NH3 
         k:       1.000000e+010	    0.00          0.00


    281. NO + NH2  = OH + NNH 
         k:       8.900000e+009	   -0.35          0.00


    282. NO + NH2  = H2O + N2 
         k:       1.720000e+016	   -2.29       1058.00


    283. NO2 + NH2  = H2O + N2O 
         k:       3.200000e+015	   -2.20          0.00


    284. NO2 + NH2  = NO + H2NO 
         k:       3.500000e+009	    0.00          0.00


    285. NH2 + H2NO  = HNO + NH3 
         k:       3.000000e+009	    0.00       1000.00


    286. HONO + NH2  = NO2 + NH3 
         k:       7.110000e-002	    3.02      -4941.00


    287. 2NH2  = H2 + N2H2 
         k:       8.500000e+008	    0.00          0.00


    288. NH + NH2  = H + N2H2 
         k:       5.000000e+010	    0.00          0.00


    289. N + NH2  = 2H + N2 
         k:       7.200000e+010	    0.00          0.00


    290. H + NH  = H2 + N 
         k:       3.000000e+010	    0.00          0.00


    291. O + NH  = H + NO 
         k:       9.200000e+010	    0.00          0.00


    292. OH + NH  = H + HNO 
         k:       2.000000e+010	    0.00          0.00


    293. OH + NH  = H2O + N 
         k:       5.000000e+008	    0.50       2000.00


    294. O2 + NH  = O + HNO 
         k:       4.600000e+002	    2.00       6500.00


    295. O2 + NH  = OH + NO 
         k:       1.300000e+003	    1.50        100.00


    296. NO + NH  = H + N2O 
         k:       3.190000e+011	   -0.46          0.00


    297. NO + NH  = OH + N2 
         k:       2.200000e+010	   -0.23          0.00


    298. NO2 + NH  = OH + N2O 
         k:       1.000000e+010	    0.00          0.00


    299. 2NH  = 2H + N2 
         k:       2.500000e+010	    0.00          0.00


    300. N + NH  = H + N2 
         k:       3.000000e+010	    0.00          0.00


    301. OH + N  = H + NO 
         k:       3.800000e+010	    0.00          0.00


    302. O2 + N  = O + NO 
         k:       6.400000e+006	    1.00       6280.00


    303. N + NO  = O + N2 
         k:       3.300000e+009	    0.30          0.00


    304. N2H2 +M  = H + NNH +M 
         k:       5.000000e+013	    0.00      50000.00
         H2O                 	enhanced by	  15.000
         O2                  	enhanced by	   2.000
         N2                  	enhanced by	   2.000
         H2                  	enhanced by	   2.000


    305. H + N2H2  = H2 + NNH 
         k:       5.000000e+010	    0.00       1000.00


    306. O + N2H2  = NO + NH2 
         k:       1.000000e+010	    0.00          0.00


    307. O + N2H2  = OH + NNH 
         k:       2.000000e+010	    0.00       1000.00


    308. OH + N2H2  = H2O + NNH 
         k:       1.000000e+010	    0.00       1000.00


    309. NO + N2H2  = N2O + NH2 
         k:       3.000000e+009	    0.00          0.00


    310. NH2 + N2H2  = NH3 + NNH 
         k:       1.000000e+010	    0.00       1000.00


    311. NH + N2H2  = NH2 + NNH 
         k:       1.000000e+010	    0.00       1000.00


    312. NNH  = H + N2 
         k:       1.000000e+007	    0.00          0.00


    313. H + NNH  = H2 + N2 
         k:       1.000000e+011	    0.00          0.00


    314. O + NNH  = OH + N2 
         k:       8.000000e+010	    0.00          0.00


    315. O + NNH  = H + N2O 
         k:       1.000000e+011	    0.00          0.00


    316. O + NNH  = NO + NH 
         k:       5.000000e+010	    0.00          0.00


    317. OH + NNH  = H2O + N2 
         k:       5.000000e+010	    0.00          0.00


    318. O2 + NNH  = HO2 + N2 
         k:       2.000000e+011	    0.00          0.00


    319. O2 + NNH  = H + O2 + N2 
         k:       5.000000e+010	    0.00          0.00


    320. NO + NNH  = N2 + HNO 
         k:       5.000000e+010	    0.00          0.00


    321. NH2 + NNH  = N2 + NH3 
         k:       5.000000e+010	    0.00          0.00


    322. NH + NNH  = N2 + NH2 
         k:       5.000000e+010	    0.00          0.00


    323. N2O +M  = O + N2 +M 
         k:       4.000000e+011	    0.00      56100.00
         N2                  	enhanced by	   1.700
         O2                  	enhanced by	   1.400
         H2O                 	enhanced by	  12.000
         CO                  	enhanced by	   1.500
         CO2                 	enhanced by	   3.000


    324. H + N2O  = OH + N2 
         k:       3.300000e+007	    0.00       4729.00


    325. H + N2O  = OH + N2 
         k:       4.400000e+011	    0.00      19254.00


    326. O + N2O  = 2NO 
         k:       6.600000e+010	    0.00      26630.00


    327. O + N2O  = O2 + N2 
         k:       1.000000e+011	    0.00      28000.00


    328. OH + N2O  = HO2 + N2 
         k:       1.300000e-005	    4.72      36561.00


    329. OH + N2O  = NO + HNO 
         k:       1.200000e-007	    4.33      25081.00


    330. NO + N2O  = N2 + NO2 
         k:       5.300000e+002	    2.23      46281.00


    331. H2 + CN  = H + HCN 
         k:       3.000000e+002	    2.45       2237.00


    332. O + HCN  = H + NCO 
         k:       1.400000e+001	    2.64       4980.00


    333. O + HCN  = CO + NH 
         k:       3.500000e+000	    2.64       4980.00


    334. O + HCN  = OH + CN 
         k:       2.700000e+006	    1.58      29200.00


    335. OH + HCN  = H2O + CN 
         k:       3.900000e+003	    1.83      10300.00


    336. OH + HCN  = H + HOCN 
         k:       5.900000e+001	    2.40      12500.00


    337. OH + HCN  = H + HNCO 
         k:       2.000000e-006	    4.00       1000.00


    338. OH + HCN  = CO + NH2 
         k:       7.800000e-007	    4.00       4000.00


    339. HCN + CN  = H + C2N2 
         k:       1.500000e+004	    1.71       1530.00


    340. O + CN  = CO + N 
         k:       7.700000e+010	    0.00          0.00


    341. OH + CN  = H + NCO 
         k:       4.000000e+010	    0.00          0.00


    342. O2 + CN  = O + NCO 
         k:       7.500000e+009	    0.00       -389.00


    343. CO2 + CN  = CO + NCO 
         k:       3.700000e+003	    2.16      26884.00


    344. NO2 + CN  = NO + NCO 
         k:       5.300000e+012	   -0.75        344.00


    345. NO2 + CN  = CO + N2O 
         k:       4.900000e+011	   -0.75        344.00


    346. NO2 + CN  = CO2 + N2 
         k:       3.700000e+011	   -0.75        344.00


    347. HNO + CN  = HCN + NO 
         k:       1.800000e+010	    0.00          0.00


    348. HONO + CN  = HCN + NO2 
         k:       1.200000e+010	    0.00          0.00


    349. N2O + CN  = NO + NCN 
         k:       3.900000e+000	    2.60       3696.00


    350. CN + HNCO  = HCN + NCO 
         k:       1.500000e+010	    0.00          0.00


    351. CN + NCO  = CO + NCN 
         k:       1.800000e+010	    0.00          0.00


    352. HNCO +M  = CO + NH +M 
         k:       1.100000e+013	    0.00      86000.00


    353. H + HNCO  = CO + NH2 
         k:       2.200000e+004	    1.70       3800.00


    354. O + HNCO  = CO + HNO 
         k:       1.500000e+005	    1.57      44012.00


    355. O + HNCO  = CO2 + NH 
         k:       9.800000e+004	    1.41       8524.00


    356. O + HNCO  = OH + NCO 
         k:       2.200000e+003	    2.11      11425.00


    357. OH + HNCO  = H2O + NCO 
         k:       6.400000e+002	    2.00       2563.00


    358. HO2 + HNCO  = H2O2 + NCO 
         k:       3.000000e+008	    0.00      22000.00


    359. O2 + HNCO  = CO2 + HNO 
         k:       1.000000e+009	    0.00      35000.00


    360. NH2 + HNCO  = NH3 + NCO 
         k:       5.000000e+009	    0.00       6200.00


    361. NH + HNCO  = NH2 + NCO 
         k:       3.000000e+010	    0.00      23700.00


    362. H + HOCN  = H2 + NCO 
         k:       2.000000e+004	    2.00       2000.00


    363. O + HOCN  = OH + NCO 
         k:       1.500000e+001	    2.64       4000.00


    364. OH + HOCN  = H2O + NCO 
         k:       6.400000e+002	    2.00       2563.00


    365. H + HCNO  = OH + HCN 
         k:       1.000000e+011	    0.00      12000.00


    366. O + HCNO  = HCO + NO 
         k:       2.000000e+011	    0.00          0.00


    367. OH + HCNO  = CH2O + NO 
         k:       4.000000e+010	    0.00          0.00


    368. NCO +M  = CO + N +M 
         k:       3.100000e+013	   -0.50      48000.00


    369. H + NCO  = CO + NH 
         k:       5.000000e+010	    0.00          0.00


    370. O + NCO  = CO + NO 
         k:       4.700000e+010	    0.00          0.00


    371. OH + NCO  = HCO + NO 
         k:       5.000000e+009	    0.00      15000.00


    372. O2 + NCO  = CO2 + NO 
         k:       2.000000e+009	    0.00      20000.00


    373. H2 + NCO  = H + HNCO 
         k:       7.600000e-001	    3.00       4000.00


    374. HCO + NCO  = CO + HNCO 
         k:       3.600000e+010	    0.00          0.00


    375. NO + NCO  = CO + N2O 
         k:       6.200000e+014	   -1.73        763.00


    376. NO + NCO  = CO2 + N2 
         k:       7.800000e+014	   -1.73        763.00


    377. NO2 + NCO  = CO + 2NO 
         k:       2.500000e+008	    0.00       -707.00


    378. NO2 + NCO  = CO2 + N2O 
         k:       3.000000e+009	    0.00       -707.00


    379. HNO + NCO  = NO + HNCO 
         k:       1.800000e+010	    0.00          0.00


    380. HONO + NCO  = NO2 + HNCO 
         k:       3.600000e+009	    0.00          0.00


    381. N + NCO  = CO + N2 
         k:       2.000000e+010	    0.00          0.00


    382. 2NCO  = 2CO + N2 
         k:       1.800000e+010	    0.00          0.00


    383. O + C2N2  = CN + NCO 
         k:       4.600000e+009	    0.00       8880.00


    384. OH + C2N2  = CN + HOCN 
         k:       1.900000e+008	    0.00       2900.00


    385. O + NCN  = NO + CN 
         k:       1.000000e+011	    0.00          0.00


    386. OH + NCN  = HCN + NO 
         k:       5.000000e+010	    0.00          0.00


    387. H + NCN  = HCN + N 
         k:       1.000000e+011	    0.00          0.00


    388. O2 + NCN  = NO + NCO 
         k:       1.000000e+010	    0.00          0.00


    389. H + CH3CN  = CH3 + HCN 
         k:       4.000000e+004	    2.00       2000.00


    390. H + CH3CN  = H2 + CH2CN 
         k:       3.000000e+004	    2.00       1000.00


    391. O + CH3CN  = CH3 + NCO 
         k:       1.500000e+001	    2.64       4980.00


    392. OH + CH3CN  = H2O + CH2CN 
         k:       2.000000e+004	    2.00       2000.00


    393. O + CH2CN  = CH2O + CN 
         k:       1.000000e+011	    0.00          0.00


    394. CH2OH + CN  = OH + CH2CN 
         k:       5.000000e+010	    0.00          0.00


    395. H2CN +M  = H + HCN +M 
         k:       3.000000e+011	    0.00      22000.00


    396. CO + NO2  = CO2 + NO 
         k:       9.000000e+010	    0.00      33779.00


    397. CO + N2O  = CO2 + N2 
         k:       3.200000e+008	    0.00      20237.00


    398. CO2 + N  = CO + NO 
         k:       1.900000e+008	    0.00       3400.00


    399. CH2O + NCO  = HCO + HNCO 
         k:       6.000000e+009	    0.00          0.00


    400. CH2O + NO2  = HCO + HONO 
         k:       8.000000e-001	    2.77      13730.00


    401. HCO + NO  = CO + HNO 
         k:       7.200000e+009	    0.00          0.00


    402. HCO + NO2  = CO + HONO 
         k:       1.200000e+020	   -3.29       2355.00


    403. HCO + NO2  = H + CO2 + NO 
         k:       8.400000e+012	   -0.75       1930.00


    404. HCO + HNO  = CH2O + NO 
         k:       6.000000e+008	    0.00       2000.00


    405. CH4 + CN  = CH3 + HCN 
         k:       6.200000e+001	    2.64       -437.00


    406. CH4 + NCO  = CH3 + HNCO 
         k:       9.800000e+009	    0.00       8120.00


    407. CH3 + NO  = H2O + HCN 
         k:       1.500000e-004	    3.52       3950.00


    408. CH3 + NO  = OH + H2CN 
         k:       1.500000e-004	    3.52       3950.00


    409. CH3 + NO2  = CH3O + NO 
         k:       4.000000e+010	   -0.20          0.00


    410. CH3 + N  = H + H2CN 
         k:       7.100000e+010	    0.00          0.00


    411. CH3 + CN  = H + CH2CN 
         k:       1.000000e+011	    0.00          0.00


    412. CH3 + HOCN  = OH + CH3CN 
         k:       5.000000e+009	    0.00       2000.00


    413. CH2 + NO  = OH + HCN 
         k:       2.200000e+009	    0.00       -378.00


    414. CH2 + NO  = H + HCNO 
         k:       1.300000e+009	    0.00       -378.00


    415. CH2 + NO2  = CH2O + NO 
         k:       5.900000e+010	    0.00          0.00


    416. CH2 + N  = H + HCN 
         k:       5.000000e+010	    0.00          0.00


    417. CH2 + N2  = HCN + NH 
         k:       1.000000e+010	    0.00      74000.00


    418. N + H2CN  = CH2 + N2 
         k:       2.000000e+010	    0.00          0.00


    419. CH2(S) + NO  = OH + HCN 
         k:       2.000000e+010	    0.00          0.00


    420. CH2(S) + NO  = CH2 + NO 
         k:       1.000000e+011	    0.00          0.00


    421. CH2(S) + HCN  = CH3 + CN 
         k:       5.000000e+010	    0.00          0.00


    422. CH + NO2  = HCO + NO 
         k:       1.000000e+011	    0.00          0.00


    423. CH + NO  = O + HCN 
         k:       4.800000e+010	    0.00          0.00


    424. CH + NO  = HCO + N 
         k:       3.400000e+010	    0.00          0.00


    425. CH + NO  = H + NCO 
         k:       1.900000e+010	    0.00          0.00


    426. CH + N  = H + CN 
         k:       1.300000e+010	    0.00          0.00


    427. CH + N2  = HCN + N 
         k:       3.700000e+004	    1.42      20723.00


    428. CH + N2O  = HCN + NO 
         k:       1.900000e+010	    0.00       -511.00


    429. NO + C  = O + CN 
         k:       2.000000e+010	    0.00          0.00


    430. NO + C  = CO + N 
         k:       2.800000e+010	    0.00          0.00


    431. N2 + C  = N + CN 
         k:       6.300000e+010	    0.00      46019.00


    432. N2O + C  = NO + CN 
         k:       5.100000e+009	    0.00          0.00


    433. C2H6 + CN  = HCN + C2H5 
         k:       1.200000e+002	    2.77      -1788.00


    434. C2H6 + NCO  = C2H5 + HNCO 
         k:       1.500000e-012	    6.89      -2910.00


    435. C2H4 + CN  = HCN + C2H3 
         k:       5.900000e+011	   -0.24          0.00


    436. C2H3 + NO  = C2H2 + HNO 
         k:       1.000000e+009	    0.00       1000.00


    437. C2H3 + N  = CH2 + HCN 
         k:       2.000000e+010	    0.00          0.00


    438. C2H2 + NCO  = HCN + HCCO 
         k:       1.400000e+009	    0.00       1815.00


    439. NO + C2H  = HCO + CN 
         k:       2.100000e+010	    0.00          0.00


    440. CH2CO + CN  = HCN + HCCO 
         k:       2.000000e+010	    0.00          0.00


    441. HCCO + NO  = CO + HCNO 
         k:       7.200000e+009	    0.00          0.00


    442. HCCO + NO  = CO2 + HCN 
         k:       1.600000e+010	    0.00          0.00


    443. HCCO + NO2  = CO2 + HCNO 
         k:       1.600000e+010	    0.00          0.00


    444. HCCO + N  = CO + HCN 
         k:       5.000000e+010	    0.00          0.00


    445. O2 + CH3 (+M)  = CH3O2 (+M) 
         Fall-off (Lindemann)
         k0:      5.400000e+019	   -3.30          0.00
         kInf:    7.800000e+005	    1.20          0.00
         N2                  	enhanced by	   1.100
         H2O                 	enhanced by	  10.000


    446. H + CH3O2  = OH + CH3O 
         k:       1.000000e+011	    0.00          0.00


    447. O + CH3O2  = O2 + CH3O 
         k:       3.600000e+010	    0.00          0.00


    448. OH + CH3O2  = O2 + CH3OH 
         k:       6.000000e+010	    0.00          0.00


    449. HO2 + CH3O2  = O2 + CH3OOH 
         k:       2.500000e+008	    0.00      -1570.00


    450. H2O2 + CH3O2  = HO2 + CH3OOH 
         k:       2.400000e+009	    0.00       9940.00


    451. CH2O + CH3O2  = HCO + CH3OOH 
         k:       2.000000e+009	    0.00      11665.00


    452. CH4 + CH3O2  = CH3 + CH3OOH 
         k:       1.800000e+008	    0.00      18500.00


    453. CH3 + CH3O2  = 2CH3O 
         k:       2.400000e+010	    0.00          0.00


    454. CH3O + CH3O2  = CH2O + CH3OOH 
         k:       3.000000e+008	    0.00          0.00


    455. CH2OH + CH3O2  = CH2O + CH3OOH 
         k:       1.200000e+010	    0.00          0.00


    456. CH3OH + CH3O2  = CH2OH + CH3OOH 
         k:       1.800000e+009	    0.00      13700.00


    457. 2CH3O2  = O2 + 2CH3O 
         k:       1.000000e+008	    0.00        300.00


    458. 2CH3O2  = O2 + CH2O + CH3OH 
         k:       4.000000e+006	    0.00      -2210.00


    459. CH3OOH  = OH + CH3O 
         k:       6.300000e+014	    0.00      42300.00


    460. H + CH3OOH  = H2 + CH3O2 
         k:       8.800000e+007	    0.00       1860.00


    461. H + CH3OOH  = H2O + CH3O 
         k:       8.200000e+007	    0.00       1860.00


    462. O + CH3OOH  = OH + CH3O2 
         k:       1.000000e+009	    0.00       3000.00


    463. OH + CH3OOH  = H2O + CH3O2 
         k:       1.800000e+009	    0.00       -378.00


    464. CH3O2 + NO  = CH3O + NO2 
         k:       2.530000e+009	    0.00       -358.00


    465. CH4 + NO2  = CH3 + HONO 
         k:       1.200000e+010	    0.00      30000.00


    466. CH3NO2 (+M)  = CH3 + NO2 (+M) 
         Fall-off (Troe)
         k0:      1.300000e+014	    0.00      42000.00
         kInf:    1.800000e+016	    0.00      58500.00
         Troe Parameters
         a    1.83e-001
         T*** 1.00e-030
         T*   1.00e+030
         T**  0.00e+000


    467. H + CH3NO2  = CH3 + HONO 
         k:       3.300000e+009	    0.00       3730.00


    468. H + CH3NO2  = OH + CH3NO 
         k:       1.400000e+009	    0.00       3730.00


    469. H + CH3NO2  = H2 + H2CNO2 
         k:       5.400000e-001	    3.50       5200.00


    470. O + CH3NO2  = OH + H2CNO2 
         k:       1.500000e+010	    0.00       5350.00


    471. OH + CH3NO2  = H2O + H2CNO2 
         k:       5.000000e+002	    2.00       1000.00


    472. OH + CH3NO2  = CH3OH + NO2 
         k:       2.000000e+007	    0.00      -1000.00


    473. HO2 + CH3NO2  = H2O2 + H2CNO2 
         k:       3.000000e+009	    0.00      23000.00


    474. O2 + CH3NO2  = HO2 + H2CNO2 
         k:       2.000000e+010	    0.00      57000.00


    475. CH3 + CH3NO2  = CH4 + H2CNO2 
         k:       5.500000e-004	    4.00       8300.00


    476. CH2(S) + CH3NO2  = CH3 + H2CNO2 
         k:       1.200000e+011	    0.00          0.00


    477. CH2 + CH3NO2  = CH3 + H2CNO2 
         k:       6.500000e+009	    0.00       7900.00


    478. CH3O + CH3NO2  = CH3OH + H2CNO2 
         k:       3.000000e+008	    0.00       7000.00


    479. CH3NO2 + NO2  = H2CNO2 + HONO 
         k:       3.000000e+008	    0.00      32000.00


    480. H2CNO2  = CH2O + NO 
         k:       1.000000e+013	    0.00      36000.00


    481. H + H2CNO2  = CH3 + NO2 
         k:       5.000000e+010	    0.00          0.00


    482. O + H2CNO2  = CH2O + NO2 
         k:       5.000000e+010	    0.00          0.00


    483. OH + H2CNO2  = CH2OH + NO2 
         k:       1.000000e+010	    0.00          0.00


    484. OH + H2CNO2  = CH2O + HONO 
         k:       1.000000e+010	    0.00          0.00


