 ----------------------------------------------------------------------------------------------------------------------------------------------------------------------------------------------------------------------------------------------------------
                     SPECIFIC HEAT COEFFICIENTS                                                                     

             Cp = A + B*T + C*T^2 + D*T^3 + E*T^4  [J/kg/K]                                                         

    Species                      Cp(298K)         Cp(1000K)          LT-HT            A(LT)            B(LT)            C(LT)            D(LT)            E(LT)             A(HT)           B(HT)            C(HT)            D(HT)           E(HT)      
 ----------------------------------------------------------------------------------------------------------------------------------------------------------------------------------------------------------------------------------------------------------

    1. H                       2.062119e+004    2.062119e+004    1.000000e+003    2.062119e+004    0.000000e+000    0.000000e+000    0.000000e+000    0.000000e+000    2.062119e+004    0.000000e+000    0.000000e+000    0.000000e+000    0.000000e+000
    2. H2                      1.430289e+004    1.496170e+004    1.000000e+003    9.668461e+003    3.291316e+001   -8.033155e-002    8.313211e-005   -3.042049e-008    1.209569e+004    3.409086e+000   -6.037907e-004    6.355388e-008   -2.840759e-012
    3. O                       1.369608e+003    1.307846e+003    1.000000e+003    1.646505e+003   -1.704217e+000    3.452310e-003   -3.184673e-006    1.097920e-009    1.321893e+003   -1.419588e-002   -2.177639e-006    2.574952e-009   -2.492175e-013
    4. O2                      9.181008e+002    1.090161e+003    1.000000e+003    9.828455e+002   -7.786810e-001    2.558754e-003   -2.515619e-006    8.428607e-010    9.512757e+002    1.705521e-001   -3.667673e-005    5.347512e-009   -3.375707e-013
    5. O3                      8.233298e+002    1.125022e+003    1.401000e+003    4.461960e+002    1.680993e+000   -1.598121e-003    7.222527e-007   -1.262987e-010    1.000883e+003    1.953238e-001   -7.106903e-005    1.149897e-008   -6.866292e-013
    6. OH                      1.757327e+003    1.804775e+003    1.000000e+003    1.951635e+003   -1.173967e+000    2.257639e-003   -1.897427e-006    6.668948e-010    1.387771e+003    5.413205e-001   -1.436905e-004    2.055879e-008   -1.183928e-012
    7. H2O                     1.864380e+003    2.292242e+003    1.000000e+003    1.937796e+003   -9.398604e-001    3.009333e-003   -2.532843e-006    8.178163e-010    1.235534e+003    1.372212e+000   -3.571175e-004    4.358390e-008   -1.970271e-012
    8. HO2                     1.057090e+003    1.442631e+003    1.000000e+003    1.083653e+003   -1.196314e+000    5.329849e-003   -6.115299e-006    2.340742e-009    1.051025e+003    4.738910e-001   -8.723383e-005    4.904267e-009    4.435879e-014
    9. H2O2                    1.246012e+003    1.836819e+003    1.000000e+003    1.045263e+003   -1.326888e-001    4.090393e-003   -5.274353e-006    2.108204e-009    1.117917e+003    9.899526e-001   -3.165027e-004    4.822401e-008   -2.772046e-012
   10. CH                      2.240942e+003    2.478401e+003    1.000000e+003    2.228739e+003    2.068145e-001   -1.078658e-003    2.019492e-006   -8.979866e-010    1.609953e+003    1.127439e+000   -2.947172e-004    3.786409e-008   -2.137735e-012
   11. CH2                     2.458220e+003    3.144535e+003    1.400000e+003    2.185636e+003    8.930565e-001    4.130253e-005    1.395166e-007   -1.149760e-010    2.355430e+003    9.541746e-001   -6.392847e-005   -5.121330e-008    8.476991e-012
   12. CH2(S)                  2.383497e+003    3.141902e+003    1.400000e+003    2.129915e+003    7.795357e-001    1.823103e-004    2.527349e-007   -2.025933e-010    2.415569e+003    9.353026e-001   -6.405301e-005   -5.014191e-008    8.318187e-012
   13. CH3                     2.554532e+003    3.914716e+003    1.000000e+003    2.031382e+003    1.107151e+000    3.199320e-003   -3.864030e-006    1.440893e-009    1.640758e+003    3.203939e+000   -1.089137e-003    1.689820e-007   -9.825744e-012
   14. CH4                     2.224357e+003    4.588704e+003    1.000000e+003    2.668982e+003   -7.085151e+000    2.548815e-002   -2.512240e-005    8.639122e-009    8.475774e+002    5.226368e+000   -1.746144e-003    2.772556e-007   -1.635260e-011
   15. CO                      1.040366e+003    1.183965e+003    1.000000e+003    1.062545e+003   -1.811768e-001    3.018302e-004    2.692348e-007   -2.684685e-010    9.049097e+002    4.012457e-001   -1.442027e-004    2.340684e-008   -1.394572e-012
   16. CO2                     8.436543e+002    1.234312e+003    1.000000e+003    4.452642e+002    1.697339e+000   -1.345546e-003    4.642490e-007   -2.699484e-011    8.759594e+002    5.179336e-001   -1.881514e-004    3.030128e-008   -1.730941e-012
   17. HCO                     1.191976e+003    1.656269e+003    1.000000e+003    1.209487e+003   -9.294746e-001    3.948337e-003   -3.814948e-006    1.242868e-009    1.045529e+003    8.827657e-001   -3.221428e-004    5.338244e-008   -3.265036e-012
   18. HCOO                    8.763631e+002    1.512774e+003    1.685000e+003    2.614664e+002    2.563128e+000   -1.855312e-003    6.221390e-007   -7.864705e-011    1.074573e+003    6.575534e-001   -2.481950e-004    4.127664e-008   -2.515075e-012
   19. CH2O                    1.178406e+003    2.064666e+003    1.000000e+003    1.327418e+003   -2.743654e+000    1.033464e-002   -1.050257e-005    3.648831e-009    8.776570e+002    1.714972e+000   -6.232103e-004    1.013437e-007   -6.096260e-012
   20. CH2OH                   1.558299e+003    2.494105e+003    1.000000e+003    1.035330e+003    1.497995e+000    1.594484e-003   -2.806989e-006    1.173284e-009    1.253217e+003    1.757755e+000   -6.064747e-004    9.519132e-008   -5.584133e-012
   21. CH2OOH                  1.288687e+003    2.164123e+003    1.398000e+003    4.351397e+002    3.633944e+000   -2.934354e-003    1.243258e-006   -2.138656e-010    1.436740e+003    1.060360e+000   -3.560522e-004    5.461169e-008   -3.142250e-012
   22. CH3O                    1.401744e+003    2.602723e+003    1.000000e+003    8.748038e+002    8.849666e-001    4.567623e-003   -6.084242e-006    2.359571e-009    1.142744e+003    2.105177e+000   -7.611572e-004    1.233618e-007   -7.402992e-012
   23. CH3OH                   1.374130e+003    2.798085e+003    1.000000e+003    1.483067e+003   -3.952216e+000    1.692998e-002   -1.844452e-005    6.781776e-009    9.344777e+002    2.657977e+000   -9.341306e-004    1.485610e-007   -8.799888e-012
   24. CH3CO                   1.179474e+003    2.196010e+003    1.000000e+003    8.041967e+002   -4.493153e-002    6.619085e-003   -8.519253e-006    3.336913e-009    1.148277e+003    1.519516e+000   -5.575660e-004    9.130722e-008   -5.524276e-012
   25. CH3HCO                  1.255397e+003    2.556187e+003    1.000000e+003    8.926273e+002   -6.026934e-001    8.971632e-003   -1.084461e-005    4.139228e-009    1.019959e+003    2.212583e+000   -7.976648e-004    1.290446e-007   -7.735389e-012
   26. CH3O2                   1.161260e+003    2.185127e+003    1.381000e+003    2.587255e+002    3.700321e+000   -2.490158e-003    8.249976e-007   -1.087597e-010    1.421320e+003    1.155747e+000   -4.070960e-004    6.446445e-008   -3.792122e-012
   27. CH3OOH                  1.256679e+003    2.307226e+003    1.000000e+003    8.593366e+002    1.598190e-001    5.963297e-003   -7.696360e-006    3.021133e-009    1.066117e+003    1.772231e+000   -6.248093e-004    9.960238e-008   -5.915216e-012
   28. CH3NO                   1.112423e+003    2.168678e+003    1.371000e+003    3.454064e+002    2.953850e+000   -1.330861e-003    1.817260e-007    1.855696e-011    1.177727e+003    1.453146e+000   -4.903755e-004    7.551088e-008   -4.358028e-012
   29. CH3NO2                  9.357038e+002    1.933824e+003    1.382000e+003    4.364938e+001    3.666440e+000   -2.493704e-003    8.208019e-007   -1.033626e-010    1.188728e+003    1.103582e+000   -3.759550e-004    5.828978e-008   -3.381107e-012
   30. CH3ONO                  1.050502e+003    1.963662e+003    1.392000e+003    2.099162e+002    3.516433e+000   -2.626326e-003    1.028450e-006   -1.648112e-010    1.192183e+003    1.122077e+000   -3.740944e-004    5.712642e-008   -3.277580e-012
   31. CH3ONO2                 9.517230e+002    1.856404e+003    1.398000e+003    3.736293e+001    3.901293e+000   -3.159703e-003    1.285006e-006   -2.075546e-010    1.216929e+003    9.377895e-001   -3.147416e-004    4.831539e-008   -2.783338e-012
   32. H2CNO2                  1.062897e+003    1.858708e+003    1.401000e+003    1.842638e+002    3.818065e+000   -3.316664e-003    1.406673e-006   -2.336294e-010    1.400825e+003    6.860530e-001   -2.362133e-004    3.690013e-008   -2.152072e-012
   33. HCN                     1.328582e+003    1.858609e+003    1.000000e+003    7.438244e+002    2.778622e+000   -3.407887e-003    2.455065e-006   -7.110151e-010    1.054139e+003    1.207264e+000   -4.925850e-004    9.727687e-008   -7.484585e-012
   34. C2H2                    1.689427e+003    2.608071e+003    1.000000e+003    2.582315e+002    7.459768e+000   -1.134118e-002    8.945620e-006   -2.714365e-009    1.487619e+003    1.559591e+000   -5.135808e-004    7.886824e-008   -4.426260e-012
   35. C2H3                    1.660012e+003    3.059632e+003    1.400000e+003    7.671876e+002    3.157194e+000   -3.143952e-004   -8.483045e-007    2.979502e-010    2.209167e+003    1.062216e+000   -9.049002e-005   -6.358028e-008    1.131235e-011
   36. C2H4                    1.525024e+003    3.345727e+003    1.000000e+003    3.608822e+002    3.853648e+000    1.038417e-003   -3.306199e-006    1.398978e-009    1.303612e+003    2.851961e+000   -9.384304e-004    1.355838e-007   -7.012021e-012
   37. C2H5                    1.826637e+003    3.754310e+003    1.400000e+003    6.980384e+002    3.932994e+000   -2.446122e-004   -9.003355e-007    2.682255e-010    2.499007e+003    1.560290e+000   -1.077063e-004   -8.954145e-008    1.511835e-011
   38. C2H6                    1.741823e+003    4.075184e+003    1.000000e+003    4.256844e+002    4.158846e+000    1.848347e-003   -3.700433e-006    1.342740e-009    1.300364e+003    3.882839e+000   -1.284895e-003    1.865673e-007   -9.702320e-012
   39. HCCO                    1.179838e+003    1.699646e+003    1.000000e+003    4.731865e+002    3.447067e+000   -4.462089e-003    3.122092e-006   -8.806107e-010    1.184865e+003    7.377611e-001   -2.626122e-004    4.214463e-008   -2.512845e-012
   40. HCCOH                   1.365227e+003    2.029703e+003    1.000000e+003    3.887382e+002    5.060476e+000   -7.668945e-003    6.243478e-006   -1.994045e-009    1.259131e+003    1.088606e+000   -3.728701e-004    5.824181e-008   -3.405652e-012
   41. CH2CO                   1.230601e+003    2.015375e+003    1.000000e+003    4.232918e+002    3.577683e+000   -3.426542e-003    1.834840e-006   -3.938973e-010    1.138828e+003    1.255892e+000   -4.466951e-004    7.161641e-008   -4.266120e-012
   42. N                       1.483983e+003    1.483983e+003    1.000000e+003    1.483983e+003    0.000000e+000    0.000000e+000    0.000000e+000    0.000000e+000    1.434088e+003    1.038139e-001   -7.065167e-005    1.794210e-008   -1.208614e-012
   43. N2                      1.039614e+003    1.166646e+003    1.000000e+003    1.047978e+003   -3.670173e-002   -1.492868e-004    7.227821e-007   -4.181258e-010    8.763043e+002    4.145905e-001   -1.462097e-004    2.332825e-008   -1.367490e-012
   44. NO                      9.952176e+002    1.132762e+003    1.000000e+003    1.168946e+003   -1.285680e+000    3.060303e-003   -2.588205e-006    7.773988e-010    9.035216e+002    3.300213e-001   -1.189070e-004    1.924362e-008   -1.117505e-012
   45. NO2                     8.080036e+002    1.152340e+003    1.000000e+003    7.128029e+002   -2.865338e-001    3.010559e-003   -3.700514e-006    1.416026e-009    8.828193e+002    3.926160e-001   -1.496565e-004    2.846040e-008   -1.899629e-012
   46. NO3                     7.567460e+002    1.235468e+003    1.000000e+003    2.914692e+002    1.406699e+000    1.481389e-003   -3.775620e-006    1.831530e-009    1.003501e+003    3.456609e-001   -1.353639e-004    2.310656e-008   -1.436888e-012
   47. HNO                     1.112119e+003    1.549186e+003    1.000000e+003    7.464633e+002    1.771963e+000   -2.493272e-003    2.530203e-006   -1.006171e-009    9.691745e+002    8.612270e-001   -3.378805e-004    6.078340e-008   -4.118455e-012
   48. HONO                    9.850652e+002    1.475869e+003    1.000000e+003    5.684407e+002    1.437418e+000    2.936238e-004   -1.685162e-006    8.615479e-010    1.024324e+003    6.457881e-001   -2.286541e-004    3.658893e-008   -2.178009e-012
   49. HONO2                   8.203879e+002    1.455613e+003    1.397000e+003    1.180726e+002    3.048229e+000   -2.633050e-003    1.103200e-006   -1.808374e-010    1.112060e+003    5.221049e-001   -1.829344e-004    2.890420e-008   -1.698835e-012
   50. N2O                     8.774833e+002    1.254701e+003    1.000000e+003    4.263965e+002    2.135568e+000   -2.582638e-003    1.829015e-006   -5.536397e-010    9.111230e+002    4.962693e-001   -1.810711e-004    3.022682e-008   -1.846631e-012
   51. AR                      5.203303e+002    5.203303e+002    1.000000e+003    5.203303e+002    0.000000e+000    0.000000e+000    0.000000e+000    0.000000e+000    5.203303e+002    0.000000e+000    0.000000e+000    0.000000e+000    0.000000e+000
   52. C                       1.734961e+003    1.731134e+003    1.000000e+003    1.768140e+003   -2.225804e-001    5.079584e-004   -5.068803e-007    1.844961e-010    1.803682e+003   -1.356331e-001    7.388749e-005   -1.136926e-008    5.667387e-013
   53. C2                      1.798719e+003    1.479717e+003    1.000000e+003    2.992907e+002    1.362085e+001   -4.147131e-002    4.813854e-005   -1.910765e-008    1.312264e+003    1.787719e-001   -8.821512e-006   -2.847295e-009    3.491011e-013
   54. C2H                     1.609086e+003    2.087437e+003    1.400000e+003    1.308667e+003    1.066776e+000   -1.309213e-004   -2.484125e-007    9.132794e-011    1.730214e+003    4.277070e-001   -3.454135e-005   -2.243089e-008    3.903735e-012
   55. C2O                     1.076595e+003    1.427804e+003    1.000000e+003    5.951820e+002    2.490997e+000   -3.814844e-003    3.276203e-006   -1.119733e-009    1.070190e+003    4.929286e-001   -1.581744e-004    2.432037e-008   -1.459623e-012
   56. CH2HCO                  1.276829e+003    2.269200e+003    1.000000e+003    6.584858e+002    2.074236e+000    3.653559e-004   -1.382734e-006    5.538568e-010    1.154245e+003    1.570484e+000   -5.299515e-004    7.862095e-008   -4.203139e-012
   57. C2H2OH                  1.342958e+003    2.399132e+003    1.000000e+003    1.574200e+001    6.111626e+000   -6.583841e-003    3.665904e-006   -8.102987e-010    1.104993e+003    2.067593e+000   -9.727118e-004    2.187411e-007   -1.948306e-011
   58. OCHCHO                  1.038295e+003    1.806646e+003    1.000000e+003    3.591462e+002    2.707564e+000   -1.475994e-003    8.969394e-008    1.262359e-010    7.032460e+002    1.888601e+000   -1.023144e-003    2.644840e-007   -2.654086e-011
   59. C2H5CHO                 1.389603e+003    3.036572e+003    1.000000e+003    1.088619e+003   -1.236913e+000    1.058349e-002   -1.140768e-005    4.009055e-009    4.743879e+002    3.810739e+000   -1.499638e-003    2.693516e-007   -1.826850e-011
   60. C2H5CO                  1.334769e+003    2.761437e+003    1.000000e+003    9.814465e+002   -3.925492e-001    7.273554e-003   -7.287947e-006    2.186932e-009    4.435443e+002    3.385170e+000   -1.257512e-003    2.156054e-007   -1.411105e-011
   61. NH                      1.944247e+003    2.082962e+003    1.000000e+003    1.934176e+003    1.726528e-001   -8.245512e-004    1.374195e-006   -5.735106e-010    1.541452e+003    7.363922e-001   -2.352195e-004    4.338499e-008   -3.048053e-012
   62. NH2                     2.112957e+003    2.705937e+003    1.000000e+003    2.182299e+003   -1.108143e+000    3.771528e-003   -3.077269e-006    9.375223e-010    1.477674e+003    1.630847e+000   -4.663247e-004    6.762594e-008   -3.885861e-012
   63. NH3                     2.091857e+003    3.304568e+003    1.000000e+003    2.100110e+003   -2.329315e+000    1.070816e-002   -1.122150e-005    4.047105e-009    1.326475e+003    2.718549e+000   -8.635519e-004    1.305520e-007   -7.456283e-012
   64. NNH                     1.194241e+003    1.654451e+003    1.000000e+003    1.244703e+003   -1.389384e+000    5.746799e-003   -6.224377e-006    2.276709e-009    1.079131e+003    8.283831e-001   -2.984239e-004    4.825205e-008   -2.891210e-012
   65. N2H2                    1.166851e+003    2.109255e+003    1.000000e+003    1.359624e+003   -2.984454e+000    1.070155e-002   -1.070114e-005    3.733675e-009    3.630208e+002    2.492365e+000   -8.719024e-004    1.332999e-007   -7.528090e-012
   66. H2NO                    1.210723e+003    1.938804e+003    1.500000e+003    6.570635e+002    2.231947e+000   -1.420544e-003    5.910245e-007   -1.206865e-010    1.473075e+003    5.968892e-001   -4.607319e-005   -2.865173e-008    4.828843e-012
   67. CN                      1.120593e+003    1.285374e+003    1.000000e+003    1.154570e+003   -3.053493e-001    6.852441e-004   -1.007154e-007   -1.483755e-010    1.197087e+003    1.388538e-002    9.493016e-005   -2.193877e-008    1.410377e-012
   68. C2N2                    1.096823e+003    1.476714e+003    1.000000e+003    3.721748e+002    4.178927e+000   -7.829425e-003    7.380651e-006   -2.625614e-009    1.071425e+003    5.820224e-001   -2.092207e-004    3.458308e-008   -2.096581e-012
   69. NCN                     1.047824e+003    1.437238e+003    1.000000e+003    5.812499e+002    2.077498e+000   -1.992624e-003    9.878616e-007   -2.167476e-010    1.181462e+003    3.794485e-001   -1.469798e-004    2.482718e-008   -1.520237e-012
   70. CH3CN                   1.268565e+003    2.400049e+003    1.000000e+003    5.103255e+002    2.747830e+000   -5.217997e-004   -6.256954e-007    2.893888e-010    4.845336e+002    3.163290e+000   -1.602427e-003    3.923478e-007   -3.769479e-011
   71. CH2CN                   1.356712e+003    2.153809e+003    1.000000e+003    5.252308e+002    3.761002e+000   -3.936746e-003    2.480030e-006   -6.757074e-010    9.562960e+002    1.961776e+000   -9.782668e-004    2.364874e-007   -2.248391e-011
   72. H2CN                    1.346976e+003    2.259004e+003    1.000000e+003    1.179814e+003   -1.018104e+000    7.685531e-003   -9.036710e-006    3.448473e-009    1.127959e+003    1.622905e+000   -5.792747e-004    9.293860e-008   -5.523879e-012
   73. NCO                     9.597359e+002    1.347424e+003    1.400000e+003    6.648073e+002    1.067232e+000   -1.611677e-004   -3.785246e-007    1.550771e-010    1.201616e+003    1.826033e-001   -1.948275e-005   -9.427403e-009    1.798847e-012
   74. HOCN                    1.024946e+003    1.476836e+003    1.400000e+003    7.322957e+002    1.041212e+000   -1.259638e-004   -2.744428e-007    1.037345e-010    1.163756e+003    3.728763e-001   -2.811803e-005   -2.021001e-008    3.468428e-012
   75. HNCO                    1.089628e+003    1.587344e+003    1.400000e+003    7.456381e+002    1.234916e+000   -1.742438e-004   -3.668265e-007    1.478608e-010    1.264862e+003    3.798777e-001   -3.019805e-005   -2.076090e-008    3.622767e-012
   76. HCNO                    1.128507e+003    1.685144e+003    1.000000e+003    6.154652e+002    1.884608e+000   -2.473957e-004   -1.191003e-006    6.234687e-010    1.293290e+003    4.576790e-001   -4.582877e-005   -2.464874e-008    4.651726e-012

 ----------------------------------------------------------------------------------------------------------------------------------------------------------------------------------------------------------------------------------------------------------


 -------------------------------------------------------------------------------------------------------------------------------------------------------------------------------------------------------------------------------------------------------------------------------------------
                           ENTHALPY COEFFICIENTS                                                                     

             H/(RT) = A + B*T + C*T^2 + D*T^3 + E*T^4 + F/T  [-]                                                         

    Species                   H(298K)[J/kmol]  H(1000K)[J/kmol]      LT-HT            A(LT)            B(LT)            C(LT)            D(LT)            E(LT)           F(LT)             A(HT)            B(HT)            C(HT)           D(HT)             E(HT)            F(HT)      
 -------------------------------------------------------------------------------------------------------------------------------------------------------------------------------------------------------------------------------------------------------------------------------------------

    1. H                       2.179941e+008    2.325859e+008    1.000000e+003    2.500000e+000    0.000000e+000    0.000000e+000    0.000000e+000    0.000000e+000    2.547366e+004    2.500000e+000    0.000000e+000    0.000000e+000    0.000000e+000    0.000000e+000    2.547366e+004
    2. H2                     -4.325316e+003    2.068628e+007    1.000000e+003    2.344303e+000    3.990212e-003   -6.492639e-006    5.039242e-009   -1.475206e-012   -9.179241e+002    2.932831e+000    4.132990e-004   -4.880019e-008    3.852463e-012   -1.377592e-016   -8.130558e+002
    3. O                       2.491703e+008    2.640319e+008    1.000000e+003    3.168267e+000   -1.639659e-003    2.214355e-006   -1.532017e-009    4.225319e-013    2.912226e+004    2.543637e+000   -1.365812e-005   -1.396765e-009    1.238705e-012   -9.591074e-017    2.922601e+004
    4. O2                     -4.406649e+003    2.270681e+007    1.000000e+003    3.782456e+000   -1.498367e-003    3.282434e-006   -2.420324e-009    6.487457e-013   -1.063944e+003    3.660961e+000    3.281828e-004   -4.704983e-008    5.144941e-012   -2.598265e-016   -1.215977e+003
    5. O3                      1.427087e+008    1.769986e+008    1.401000e+003    2.575761e+000    4.851945e-003   -3.075164e-006    1.042339e-009   -1.458172e-013    1.603897e+004    5.777810e+000    5.637740e-004   -1.367537e-007    1.659507e-011   -7.927426e-016    1.505844e+004
    6. OH                      3.934240e+007    6.026563e+007    1.000000e+003    3.992015e+000   -1.200659e-003    1.539313e-006   -9.702833e-010    2.728229e-013    3.615081e+003    2.838646e+000    5.536279e-004   -9.797166e-008    1.051311e-011   -4.843382e-016    3.943959e+003
    7. H2O                    -2.418296e+008   -2.158221e+008    1.000000e+003    4.198635e+000   -1.018201e-003    2.173447e-006   -1.371982e-009    3.543936e-013   -3.029373e+004    2.677039e+000    1.486591e-003   -2.579230e-007    2.360838e-011   -8.537998e-016   -2.988589e+004
    8. HO2                     1.254669e+007    4.210577e+007    1.000000e+003    4.301788e+000   -2.374510e-003    7.052651e-006   -6.068990e-009    1.858413e-012    2.948088e+002    4.172266e+000    9.406049e-004   -1.154310e-007    4.867129e-012    3.521831e-017    6.181885e+001
    9. H2O2                   -1.363156e+008   -9.845240e+007    1.000000e+003    4.276113e+000   -2.714112e-004    5.577857e-006   -5.394270e-009    1.724909e-012   -1.775430e+004    4.573335e+000    2.024920e-003   -4.315983e-007    4.932043e-011   -2.268057e-015   -1.805481e+004
   10. CH                      5.973522e+008    6.185794e+008    1.000000e+003    3.489817e+000    1.619178e-004   -5.629969e-007    7.905433e-010   -2.812181e-013    7.079994e+004    2.520906e+000    8.826863e-004   -1.538253e-007    1.482214e-011   -6.694642e-016    7.113408e+004
   11. CH2                     3.910323e+008    4.186129e+008    1.400000e+003    3.687300e+000    7.533201e-004    2.322662e-008    5.884324e-011   -3.879429e-014    4.586367e+004    3.973752e+000    8.048751e-004   -3.595040e-008   -2.159998e-011    2.860239e-015    4.560897e+004
   12. CH2(S)                  4.288943e+008    4.559914e+008    1.400000e+003    3.593295e+000    6.575619e-004    1.025228e-007    1.065948e-010   -6.835742e-014    5.045155e+004    4.075211e+000    7.889560e-004   -3.602043e-008   -2.114811e-011    2.806657e-015    5.000749e+004
   13. CH3                     1.468518e+008    1.813989e+008    1.000000e+003    3.673338e+000    1.001028e-003    1.928438e-006   -1.746826e-009    5.211120e-013    1.644018e+004    2.966973e+000    2.896834e-003   -6.564936e-007    7.639234e-011   -3.553569e-015    1.653712e+004
   14. CH4                    -7.460493e+007   -3.594848e+007    1.000000e+003    5.149879e+000   -6.835504e-003    1.639338e-005   -1.211860e-008    3.333888e-012   -1.024665e+004    1.635426e+000    5.042215e-003   -1.123079e-006    1.337432e-010   -6.310563e-015   -1.000560e+004
   15. CO                     -1.105337e+008   -8.883940e+007    1.000000e+003    3.579534e+000   -3.051768e-004    3.389381e-007    2.267515e-010   -1.808849e-013   -1.434409e+004    3.048486e+000    6.758641e-004   -1.619314e-007    1.971341e-011   -9.396149e-016   -1.426612e+004
   16. CO2                    -3.935133e+008   -3.601107e+008    1.000000e+003    2.356813e+000    4.492065e-003   -2.374021e-006    6.143252e-010   -2.857710e-014   -4.837197e+004    4.636511e+000    1.370728e-003   -3.319659e-007    4.009667e-011   -1.832397e-015   -4.902490e+004
   17. HCO                     4.199457e+007    7.126357e+007    1.000000e+003    4.221186e+000   -1.621963e-003    4.593315e-006   -3.328602e-009    8.675377e-013    3.839565e+003    3.648962e+000    1.540454e-003   -3.747663e-007    4.657702e-011   -2.279037e-015    3.712090e+003
   18. HCOO                   -1.505414e+008   -1.105731e+008    1.685000e+003    1.415657e+000    6.938772e-003   -3.348405e-006    8.421119e-010   -8.516375e-014   -1.906185e+004    5.818061e+000    1.780096e-003   -4.479341e-007    5.587103e-011   -2.723474e-015   -2.049114e+004
   19. CH2O                   -1.085847e+008   -7.379429e+007    1.000000e+003    4.793704e+000   -4.954076e-003    1.244049e-005   -9.481976e-009    2.635403e-012   -1.430896e+004    3.169481e+000    3.096637e-003   -7.501994e-007    9.149561e-011   -4.403082e-015   -1.447842e+004
   20. CH2OH                  -8.907204e+006    3.654541e+007    1.000000e+003    3.864403e+000    2.795658e-003    1.983821e-006   -2.619294e-009    8.758640e-013   -2.505049e+003    4.677673e+000    3.280439e-003   -7.545621e-007    8.882617e-011   -4.168592e-015   -2.892805e+003
   21. CH2OOH                  6.670776e+007    1.266533e+008    1.398000e+003    2.461485e+000    1.027819e-002   -5.532988e-006    1.758206e-009   -2.419577e-013    6.509959e+003    8.127308e+000    2.999107e-003   -6.713684e-007    7.723144e-011   -3.554997e-015    4.679977e+003
   22. CH3O                    1.631098e+007    6.166067e+007    1.000000e+003    3.265234e+000    1.651583e-003    5.682934e-006   -5.677408e-009    1.761435e-012    7.322958e+002    4.265331e+000    3.928820e-003   -9.470146e-007    1.151130e-010   -5.526381e-015    5.935107e+001
   23. CH3OH                  -2.009454e+008   -1.524699e+008    1.000000e+003    5.715395e+000   -7.615460e-003    2.174806e-005   -1.777022e-008    5.227077e-012   -2.564276e+004    3.601259e+000    5.121611e-003   -1.199974e-006    1.431299e-010   -6.782544e-015   -2.599715e+004
   24. CH3CO                  -1.000756e+007    4.357682e+007    1.000000e+003    4.163426e+000   -1.163081e-004    1.142261e-005   -1.102631e-008    3.455122e-012   -2.657453e+003    5.944773e+000    3.933360e-003   -9.621961e-007    1.181772e-010   -5.719972e-015   -3.787307e+003
   25. CH3HCO                 -1.661973e+008   -1.045420e+008    1.000000e+003    4.729459e+000   -1.596643e-003    1.584497e-005   -1.436465e-008    4.386222e-012   -2.157288e+004    5.404111e+000    5.861529e-003   -1.408771e-006    1.709311e-010   -8.196973e-015   -2.259312e+004
   26. CH3O2                   1.129297e+007    6.972300e+007    1.381000e+003    1.463551e+000    1.046593e-002   -4.695416e-006    1.166705e-009   -1.230457e-013    1.080230e+002    8.040083e+000    3.268897e-003   -7.676162e-007    9.116513e-011   -4.290232e-015   -2.277752e+003
   27. CH3OOH                 -1.245660e+008   -6.186674e+007    1.000000e+003    4.965251e+000    4.617176e-004    1.148532e-005   -1.111740e-008    3.491224e-012   -1.672697e+004    6.160032e+000    5.119978e-003   -1.203384e-006    1.438758e-010   -6.835629e-015   -1.765453e+004
   28. CH3NO                   7.931063e+007    1.335913e+008    1.371000e+003    1.871131e+000    8.000778e-003   -2.403174e-006    2.461109e-010    2.010530e-014    8.332387e+003    6.379968e+000    3.935982e-003   -8.854853e-007    1.022641e-010   -4.721651e-015    6.508539e+003
   29. CH3NO2                 -7.471624e+007   -9.111335e+006    1.382000e+003    3.204486e-001    1.345845e-002   -6.102447e-006    1.506464e-009   -1.517657e-013   -1.012699e+004    8.726960e+000    4.050932e-003   -9.200152e-007    1.069825e-010   -4.964429e-015   -1.309128e+004
   30. CH3ONO                 -6.906671e+007   -7.405761e+005    1.392000e+003    1.541084e+000    1.290782e-002   -6.426991e-006    1.887572e-009   -2.419898e-013   -9.756561e+003    8.752321e+000    4.118822e-003   -9.154620e-007    1.048473e-010   -4.812422e-015   -1.217659e+004
   31. CH3ONO2                -1.090422e+008   -2.772039e+007    1.398000e+003    3.461923e-001    1.807403e-002   -9.758914e-006    2.976608e-009   -3.846261e-013   -1.458729e+004    1.127565e+001    4.344620e-003   -9.720964e-007    1.119185e-010   -5.157894e-015   -1.812579e+004
   32. H2CNO2                  1.526261e+008    2.183514e+008    1.401000e+003    1.330419e+000    1.378358e-002   -7.982316e-006    2.539111e-009   -3.373697e-013    1.692821e+004    1.011423e+001    2.476717e-003   -5.685018e-007    6.660649e-011   -3.107673e-015    1.414945e+004
   33. HCN                     1.334380e+008    1.644978e+008    1.000000e+003    2.417787e+000    4.515928e-003   -3.692423e-006    1.995035e-009   -4.622282e-013    1.501044e+004    3.426457e+000    1.962095e-003   -5.337127e-007    7.904915e-011   -4.865700e-015    1.485552e+004
   34. C2H2                    2.273921e+008    2.684476e+008    1.000000e+003    8.086911e-001    1.168070e-002   -1.183888e-005    7.003642e-009   -1.700089e-012    2.633276e+004    4.658705e+000    2.442047e-003   -5.361188e-007    6.174697e-011   -2.772301e-015    2.566322e+004
   35. C2H3                    2.944857e+008    3.411130e+008    1.400000e+003    2.495574e+000    5.134996e-003   -3.408972e-007   -6.898596e-010    1.938396e-013    3.423281e+004    7.186168e+000    1.727634e-003   -9.811791e-008   -5.170485e-011    7.359555e-015    3.222963e+004
   36. C2H4                    5.228735e+007    1.029287e+008    1.000000e+003    1.217660e+000    6.501338e-003    1.167915e-006   -2.788878e-009    9.440644e-013    5.337383e+003    4.398545e+000    4.811430e-003   -1.055459e-006    1.143691e-010   -4.731881e-015    4.115320e+003
   37. C2H5                    1.204165e+008    1.794913e+008    1.400000e+003    2.439892e+000    6.873606e-003   -2.850022e-007   -7.867481e-010    1.875087e-013    1.315859e+004    8.734916e+000    2.726884e-003   -1.254906e-007   -7.824480e-011    1.056880e-014    1.026527e+004
   38. C2H6                   -8.387030e+007   -1.941503e+007    1.000000e+003    1.539526e+000    7.520420e-003    2.228237e-006   -3.345737e-009    9.712280e-013   -1.124877e+004    4.702885e+000    7.021317e-003   -1.548979e-006    1.686843e-010   -7.017862e-015   -1.267199e+004
   39. HCCO                    1.773933e+008    2.206096e+008    1.000000e+003    2.335012e+000    8.505041e-003   -7.339622e-006    3.851612e-009   -8.691019e-013    2.005030e+004    5.846901e+000    1.820298e-003   -4.319669e-007    5.199230e-011   -2.480004e-015    1.924850e+004
   40. HCCOH                   9.317690e+007    1.453221e+008    1.000000e+003    1.965417e+000    1.279260e-002   -1.292444e-005    7.891584e-009   -2.016334e-012    9.769409e+003    6.366026e+000    2.751936e-003   -6.283967e-007    7.361604e-011   -3.443720e-015    8.918496e+003
   41. CH2CO                  -4.770509e+007    2.389557e+006    1.000000e+003    2.140117e+000    9.044184e-003   -5.774739e-006    2.319187e-009   -3.983002e-013   -7.043051e+003    5.757790e+000    3.174825e-003   -7.528136e-007    9.052116e-011   -4.313806e-015   -7.978611e+003
   42. N                       4.726742e+008    4.872660e+008    1.000000e+003    2.500000e+000    0.000000e+000    0.000000e+000    0.000000e+000    0.000000e+000    5.610464e+004    2.415943e+000    8.744533e-005   -3.967456e-008    7.556561e-012   -4.072197e-016    5.613378e+004
   43. N2                     -4.368695e+003    2.146432e+007    1.000000e+003    3.530963e+000   -6.182975e-005   -1.676645e-007    6.088192e-010   -2.817591e-013   -1.046964e+003    2.952541e+000    6.984419e-004   -1.642086e-007    1.965002e-011   -9.214996e-016   -9.239375e+002
   44. NO                      9.126410e+007    1.135021e+008    1.000000e+003    4.218599e+000   -2.319941e-003    3.681435e-006   -2.335139e-009    5.611097e-013    9.845100e+003    3.260712e+000    5.955057e-004   -1.430409e-007    1.736204e-011   -8.065914e-016    9.921431e+003
   45. NO2                     3.418740e+007    6.692056e+007    1.000000e+003    3.944031e+000   -7.927145e-004    5.552604e-006   -5.118857e-009    1.567011e-012    2.896618e+003    4.884754e+000    1.086198e-003   -2.760230e-007    3.936877e-011   -2.102179e-015    2.316498e+003
   46. NO3                     7.112255e+007    1.179488e+008    1.000000e+003    2.173593e+000    5.245135e-003    3.682422e-006   -7.039046e-009    2.731679e-012    7.392199e+003    7.483477e+000    1.288860e-003   -3.364861e-007    4.307852e-011   -2.143080e-015    5.709194e+003
   47. HNO                     1.087865e+008    1.382196e+008    1.000000e+003    2.784403e+000    3.304823e-003   -3.100074e-006    2.359495e-009   -7.506292e-013    1.202598e+004    3.615144e+000    1.606243e-003   -4.201123e-007    5.668245e-011   -3.072472e-015    1.176911e+004
   48. HONO                   -7.845842e+007   -3.599856e+007    1.000000e+003    3.214171e+000    4.063843e-003    5.534186e-007   -2.382130e-009    9.743012e-013   -1.075324e+004    5.791902e+000    1.825761e-003   -4.309645e-007    5.172179e-011   -2.463051e-015   -1.156559e+004
   49. HONO2                  -1.262907e+008   -7.243188e+007    1.397000e+003    8.948252e-001    1.155066e-002   -6.651613e-006    2.090178e-009   -2.740989e-013   -1.632150e+004    8.427860e+000    1.978412e-003   -4.621291e-007    5.476336e-011   -2.574959e-015   -1.873117e+004
   50. N2O                     8.159374e+007    1.158083e+008    1.000000e+003    2.257150e+000    5.652364e-003   -4.557106e-006    2.420495e-009   -5.861436e-013    8.741775e+003    4.823073e+000    1.313513e-003   -3.195029e-007    4.000178e-011   -1.955046e-015    8.073405e+003
   51. AR                     -3.117923e+003    1.458876e+007    1.000000e+003    2.500000e+000    0.000000e+000    0.000000e+000    0.000000e+000    0.000000e+000   -7.453750e+002    2.500000e+000    0.000000e+000    0.000000e+000    0.000000e+000    0.000000e+000   -7.453750e+002
   52. C                       7.166627e+008    7.312652e+008    1.000000e+003    2.554240e+000   -1.607689e-004    2.445974e-007   -1.830587e-010    5.330429e-014    8.544268e+004    2.605583e+000   -9.796717e-005    3.557907e-008   -4.105985e-012    1.637412e-016    8.541174e+004
   53. C2                      8.308447e+008    8.569079e+008    1.000000e+003    8.647055e-001    1.967656e-002   -3.993939e-005    3.477026e-008   -1.104110e-011    9.873130e+004    3.791371e+000    2.582524e-004   -8.495653e-009   -2.056589e-012    2.017234e-016    9.902306e+004
   54. C2H                     5.532149e+008    5.862252e+008    1.400000e+003    3.939633e+000    1.605721e-003   -1.313759e-007   -1.869563e-010    5.498704e-014    6.522468e+004    5.208666e+000    6.437883e-004   -3.466129e-008   -1.688158e-011    2.350374e-015    6.469777e+004
   55. C2O                     2.910280e+008    3.272038e+008    1.000000e+003    2.864861e+000    5.995108e-003   -6.120816e-006    3.942435e-009   -1.077949e-012    3.374993e+004    5.151272e+000    1.186336e-003   -2.537866e-007    2.926604e-011   -1.405156e-015    3.324189e+004
   56. CH2HCO                  2.509397e+007    8.076797e+007    1.000000e+003    3.409062e+000    5.369287e-003    6.304975e-007   -1.789646e-009    5.734770e-013    1.521477e+003    5.975670e+000    4.065296e-003   -9.145415e-007    1.017576e-010   -4.352034e-015    4.903218e+002
   57. C2H2OH                  1.265856e+008    1.871296e+008    1.000000e+003    8.149828e-002    1.582032e-002   -1.136179e-005    4.744709e-009   -8.390033e-013    1.406078e+004    5.720684e+000    5.352092e-003   -1.678616e-006    2.831125e-010   -2.017324e-014    1.284942e+004
   58. OCHCHO                 -2.072828e+008   -1.461049e+008    1.000000e+003    2.506886e+000    9.449569e-003   -3.434208e-006    1.565188e-010    1.762285e-013   -2.642737e+004    4.908746e+000    6.591337e-003   -2.380558e-006    4.615329e-010   -3.705172e-014   -2.711639e+004
   59. C2H5CHO                -1.920566e+008   -9.880080e+007    1.000000e+003    7.604460e+000   -4.320178e-003    2.464337e-005   -1.992185e-008    5.600985e-012   -2.548979e+004    3.313798e+000    1.330980e-002   -3.491865e-006    4.703834e-010   -2.552262e-014   -2.545960e+004
   60. C2H5CO                 -3.603122e+007    4.953270e+007    1.000000e+003    6.736829e+000   -1.347265e-003    1.664234e-005   -1.250645e-008    3.002301e-012   -6.570337e+003    3.044570e+000    1.161821e-002   -2.877265e-006    3.699888e-010   -1.937217e-014   -6.178721e+003
   61. NH                      3.570255e+008    3.779756e+008    1.000000e+003    3.492908e+000    1.558960e-004   -4.963495e-007    6.204110e-010   -2.071393e-013    4.189429e+004    2.783693e+000    6.649215e-004   -1.415935e-007    1.958713e-011   -1.100889e-015    4.213451e+004
   62. NH2                     1.891285e+008    2.159642e+008    1.000000e+003    4.205560e+000   -1.067764e-003    2.422734e-006   -1.482570e-009    3.613444e-013    2.153522e+004    2.847661e+000    1.571423e-003   -2.995552e-007    3.258089e-011   -1.497707e-015    2.182392e+004
   63. NH3                    -4.594508e+007   -1.337766e+007    1.000000e+003    4.301778e+000   -2.385637e-003    7.311387e-006   -5.746412e-009    1.657985e-012   -6.748064e+003    2.717097e+000    2.784282e-003   -5.896213e-007    6.685431e-011   -3.054628e-015   -6.584520e+003
   64. NNH                     2.495104e+008    2.790007e+008    1.000000e+003    4.344693e+000   -2.424854e-003    6.686486e-006   -5.431616e-009    1.589391e-012    2.879197e+004    3.766754e+000    1.445754e-003   -3.472207e-007    4.210648e-011   -2.018379e-015    2.865070e+004
   65. N2H2                    2.118535e+008    2.466379e+008    1.000000e+003    4.910660e+000   -5.389594e-003    1.288388e-005   -9.662541e-009    2.697042e-012    2.422427e+004    1.311151e+000    4.500936e-003   -1.049706e-006    1.203624e-010   -5.437960e-015    2.478642e+004
   66. H2NO                    6.618175e+007    1.026758e+008    1.500000e+003    2.530589e+000    4.298018e-003   -1.823677e-006    5.690622e-010   -9.296146e-014    6.868030e+003    5.673346e+000    1.149418e-003   -5.914817e-008   -2.758704e-011    3.719524e-015    5.569325e+003
   67. CN                      4.454693e+008    4.673030e+008    1.000000e+003    3.612935e+000   -4.777566e-004    7.147659e-007   -7.879081e-011   -9.286071e-014    5.252534e+004    3.745980e+000    2.172539e-005    9.901995e-008   -1.716295e-011    8.826835e-016    5.235319e+004
   68. C2N2                    3.090897e+008    3.575433e+008    1.000000e+003    2.329253e+000    1.307689e-002   -1.633347e-005    1.154794e-008   -3.286477e-012    3.566844e+004    6.705508e+000    1.821291e-003   -4.364688e-007    5.410949e-011   -2.624287e-015    3.486077e+004
   69. NCN                     4.456911e+008    4.821011e+008    1.000000e+003    2.798080e+000    5.000434e-003   -3.197432e-006    1.188867e-009   -2.086803e-013    5.240217e+004    5.687442e+000    9.133138e-004   -2.358487e-007    2.987890e-011   -1.463654e-015    5.159012e+004
   70. CH3CN                   8.213476e+007    1.372843e+008    1.000000e+003    2.519753e+000    6.783761e-003   -8.588026e-007   -7.723492e-010    2.857738e-013    8.553376e+003    2.392405e+000    7.809437e-003   -2.637350e-006    4.843083e-010   -3.722391e-014    8.499938e+003
   71. CH2CN                   2.577916e+008    3.092490e+008    1.000000e+003    2.529672e+000    9.057069e-003   -6.320192e-006    2.986146e-009   -6.508828e-013    2.959229e+004    4.605815e+000    4.724258e-003   -1.570544e-006    2.847489e-010   -2.165788e-014    2.917149e+004
   72. H2CN                    2.401546e+008    2.767429e+008    1.000000e+003    3.977995e+000   -1.716378e-003    8.637808e-006   -7.617303e-009    2.325454e-012    2.767695e+004    3.803155e+000    2.735987e-003   -6.510498e-007    7.834063e-011   -3.724989e-015    2.732182e+004
   73. NCO                     1.318518e+008    1.670486e+008    1.400000e+003    3.359593e+000    2.696620e-003   -2.714862e-007   -4.782170e-010    1.567359e-013    1.462809e+004    6.072346e+000    4.613915e-004   -3.281858e-008   -1.191031e-011    1.818089e-015    1.359820e+004
   74. HOCN                   -1.475939e+007    2.397161e+007    1.400000e+003    3.789424e+000    2.693991e-003   -2.172757e-007   -3.550410e-010    1.073594e-013   -3.135335e+003    6.022112e+000    9.647650e-004   -4.850097e-008   -2.614528e-011    3.589628e-015   -4.040321e+003
   75. HNCO                   -1.180753e+008   -7.642549e+007    1.400000e+003    3.858467e+000    3.195171e-003   -3.005543e-007   -4.745560e-010    1.530276e-013   -1.562343e+004    6.545307e+000    9.828800e-004   -5.208880e-008   -2.685795e-011    3.749360e-015   -1.664773e+004
   76. HCNO                    1.607955e+008    2.055155e+008    1.000000e+003    3.184859e+000    4.876158e-003   -4.267343e-007   -1.540776e-009    6.452550e-013    1.797907e+004    6.692412e+000    1.184180e-003   -7.905033e-008   -3.188758e-011    4.814274e-015    1.694737e+004

 -------------------------------------------------------------------------------------------------------------------------------------------------------------------------------------------------------------------------------------------------------------------------------------------


 -------------------------------------------------------------------------------------------------------------------------------------------------------------------------------------------------------------------------------------------------------------------------------------------
                             ENTROPY COEFFICIENTS                                                                     

             S/R = A*lnT + B*T + C*T^2 + D*T^3 + E*T^4 + F  [-]                                                         

    Species                 S(298K)[J/kmol/K] S(1000K)[J/kmol/K]     LT-HT            A(LT)            B(LT)            C(LT)            D(LT)            E(LT)           F(LT)             A(HT)            B(HT)            C(HT)           D(HT)             E(HT)            F(HT)      
 -------------------------------------------------------------------------------------------------------------------------------------------------------------------------------------------------------------------------------------------------------------------------------------------

    1. H                       1.147067e+005    1.398717e+005    1.000000e+003    2.500000e+000    0.000000e+000    0.000000e+000    0.000000e+000    0.000000e+000   -4.466829e-001    2.500000e+000    0.000000e+000    0.000000e+000    0.000000e+000    0.000000e+000   -4.466829e-001
    2. H2                      1.306642e+005    1.662337e+005    1.000000e+003    2.344303e+000    7.980425e-003   -9.738958e-006    6.718989e-009   -1.844007e-012    6.830022e-001    2.932831e+000    8.265980e-004   -7.320028e-008    5.136617e-012   -1.721990e-016   -1.024316e+000
    3. O                       1.610485e+005    1.867864e+005    1.000000e+003    3.168267e+000   -3.279319e-003    3.321532e-006   -2.042689e-009    5.281649e-013    2.051933e+000    2.543637e+000   -2.731625e-005   -2.095148e-009    1.651606e-012   -1.198884e-016    4.922295e+000
    4. O2                      2.051335e+005    2.435864e+005    1.000000e+003    3.782456e+000   -2.996734e-003    4.923651e-006   -3.227098e-009    8.109321e-013    3.657676e+000    3.660961e+000    6.563655e-004   -7.057474e-008    6.859922e-012   -3.247831e-016    3.415362e+000
    5. O3                      2.388747e+005    2.962408e+005    1.401000e+003    2.575761e+000    9.703891e-003   -4.612747e-006    1.389786e-009   -1.822715e-013    1.153820e+001    5.777810e+000    1.127548e-003   -2.051305e-007    2.212676e-011   -9.909282e-016   -5.233770e+000
    6. OH                      1.837236e+005    2.197255e+005    1.000000e+003    3.992015e+000   -2.401318e-003    2.308969e-006   -1.293711e-009    3.410287e-013   -1.039255e-001    2.838646e+000    1.107256e-003   -1.469575e-007    1.401747e-011   -6.054227e-016    5.844527e+000
    7. H2O                     1.888111e+005    2.327350e+005    1.000000e+003    4.198635e+000   -2.036402e-003    3.260171e-006   -1.829309e-009    4.429920e-013   -8.490090e-001    2.677039e+000    2.973182e-003   -3.868844e-007    3.147784e-011   -1.067250e-015    6.882550e+000
    8. HO2                     2.290868e+005    2.784795e+005    1.000000e+003    4.301788e+000   -4.749020e-003    1.057898e-005   -8.091987e-009    2.323017e-012    3.716701e+000    4.172266e+000    1.881210e-003   -1.731465e-007    6.489505e-012    4.402288e-017    2.957797e+000
    9. H2O2                    2.345042e+005    2.973346e+005    1.000000e+003    4.276113e+000   -5.428224e-004    8.366785e-006   -7.192360e-009    2.156136e-012    3.435051e+000    4.573335e+000    4.049841e-003   -6.473974e-007    6.576057e-011   -2.835071e-015    7.042785e-001
   10. CH                      1.830217e+005    2.192747e+005    1.000000e+003    3.489817e+000    3.238355e-004   -8.444953e-007    1.054058e-009   -3.515227e-013    2.084011e+000    2.520906e+000    1.765373e-003   -2.307379e-007    1.976286e-011   -8.368302e-016    7.405322e+000
   11. CH2                     1.952852e+005    2.416945e+005    1.400000e+003    3.687300e+000    1.506640e-003    3.483993e-008    7.845766e-011   -4.849287e-014    2.026760e+000    3.973752e+000    1.609750e-003   -5.392560e-008   -2.879997e-011    3.575299e-015    7.554973e-002
   12. CH2(S)                  1.883892e+005    2.338460e+005    1.400000e+003    3.593295e+000    1.315124e-003    1.537842e-007    1.421263e-010   -8.544678e-014    1.778024e+000    4.075211e+000    1.577912e-003   -5.403064e-008   -2.819748e-011    3.508321e-015   -1.548032e+000
   13. CH3                     1.939446e+005    2.510415e+005    1.000000e+003    3.673338e+000    2.002056e-003    2.892657e-006   -2.329102e-009    6.513900e-013    1.601832e+000    2.966973e+000    5.793667e-003   -9.847405e-007    1.018565e-010   -4.441961e-015    4.791880e+000
   14. CH4                     1.863522e+005    2.482787e+005    1.000000e+003    5.149879e+000   -1.367101e-002    2.459007e-005   -1.615813e-008    4.167360e-012   -4.641324e+000    1.635426e+000    1.008443e-002   -1.684618e-006    1.783243e-010   -7.888204e-015    9.993695e+000
   15. CO                      1.976416e+005    2.345446e+005    1.000000e+003    3.579534e+000   -6.103537e-004    5.084071e-007    3.023353e-010   -2.261061e-013    3.508409e+000    3.048486e+000    1.351728e-003   -2.428970e-007    2.628455e-011   -1.174519e-015    6.017098e+000
   16. CO2                     2.137675e+005    2.692860e+005    1.000000e+003    2.356813e+000    8.984130e-003   -3.561032e-006    8.191003e-010   -3.572137e-014    9.900904e+000    4.636511e+000    2.741457e-003   -4.979488e-007    5.346222e-011   -2.290496e-015   -1.934896e+000
   17. HCO                     2.243170e+005    2.730937e+005    1.000000e+003    4.221186e+000   -3.243925e-003    6.889972e-006   -4.438136e-009    1.084422e-012    3.394372e+000    3.648962e+000    3.080908e-003   -5.621494e-007    6.210269e-011   -2.848796e-015    5.061474e+000
   18. HCOO                    2.376946e+005    3.031030e+005    1.685000e+003    1.415657e+000    1.387754e-002   -5.022608e-006    1.122816e-009   -1.064547e-013    1.680460e+001    5.818061e+000    3.560192e-003   -6.719012e-007    7.449471e-011   -3.404343e-015   -6.686489e+000
   19. CH2O                    2.187451e+005    2.753818e+005    1.000000e+003    4.793704e+000   -9.908152e-003    1.866073e-005   -1.264263e-008    3.294254e-012    6.028870e-001    3.169481e+000    6.193274e-003   -1.125299e-006    1.219942e-010   -5.503853e-015    6.042353e+000
   20. CH2OH                   2.438932e+005    3.187341e+005    1.000000e+003    3.864403e+000    5.591316e-003    2.975732e-006   -3.492392e-009    1.094830e-012    5.471065e+000    4.677673e+000    6.560877e-003   -1.131843e-006    1.184349e-010   -5.210740e-015    4.804188e-001
   21. CH2OOH                  2.903793e+005    3.887422e+005    1.398000e+003    2.461485e+000    2.055639e-002   -8.299482e-006    2.344275e-009   -3.024471e-013    1.545287e+001    8.127308e+000    5.998214e-003   -1.007053e-006    1.029753e-010   -4.443747e-015   -1.449804e+001
   22. CH3O                    2.293666e+005    3.029844e+005    1.000000e+003    3.265234e+000    3.303166e-003    8.524401e-006   -7.569877e-009    2.201794e-012    7.425736e+000    4.265331e+000    7.857641e-003   -1.420522e-006    1.534840e-010   -6.907976e-015    3.930995e-001
   23. CH3OH                   2.397867e+005    3.176777e+005    1.000000e+003    5.715395e+000   -1.523092e-002    3.262209e-005   -2.369362e-008    6.533846e-012   -1.504097e+000    3.601259e+000    1.024322e-002   -1.799961e-006    1.908398e-010   -8.478180e-015    4.705603e+000
   24. CH3CO                   2.674221e+005    3.544057e+005    1.000000e+003    4.163426e+000   -2.326161e-004    1.713391e-005   -1.470174e-008    4.318903e-012    7.346828e+000    5.944773e+000    7.866721e-003   -1.443294e-006    1.575696e-010   -7.149965e-015   -5.013675e+000
   25. CH3HCO                  2.639228e+005    3.631512e+005    1.000000e+003    4.729459e+000   -3.193286e-003    2.376746e-005   -1.915287e-008    5.482778e-012    4.103016e+000    5.404111e+000    1.172306e-002   -2.113157e-006    2.279082e-010   -1.024622e-014   -3.480792e+000
   26. CH3O2                   2.686201e+005    3.634899e+005    1.381000e+003    1.463551e+000    2.093187e-002   -7.043124e-006    1.555607e-009   -1.538072e-013    1.831740e+001    8.040083e+000    6.537794e-003   -1.151424e-006    1.215535e-010   -5.362790e-015   -1.735578e+001
   27. CH3OOH                  2.720722e+005    3.739763e+005    1.000000e+003    4.965251e+000    9.234351e-004    1.722798e-005   -1.482320e-008    4.364030e-012    2.988027e+000    6.160032e+000    1.023996e-002   -1.805075e-006    1.918343e-010   -8.544537e-015   -6.191154e+000
   28. CH3NO                   2.656021e+005    3.533874e+005    1.371000e+003    1.871131e+000    1.600156e-002   -3.604761e-006    3.281479e-010    2.513163e-014    1.682735e+001    6.379968e+000    7.871964e-003   -1.328228e-006    1.363522e-010   -5.902064e-015   -8.270809e+000
   29. CH3NO2                  2.750595e+005    3.807370e+005    1.382000e+003    3.204486e-001    2.691689e-002   -9.153671e-006    2.008619e-009   -1.897072e-013    2.399642e+001    8.726960e+000    8.101864e-003   -1.380023e-006    1.426434e-010   -6.205536e-015   -2.138230e+001
   30. CH3ONO                  2.798665e+005    3.908977e+005    1.392000e+003    1.541084e+000    2.581563e-002   -9.640486e-006    2.516762e-009   -3.024872e-013    1.797934e+001    8.752321e+000    8.237644e-003   -1.373193e-006    1.397964e-010   -6.015528e-015   -2.047175e+001
   31. CH3ONO2                 2.997739e+005    4.315035e+005    1.398000e+003    3.461923e-001    3.614806e-002   -1.463837e-005    3.968810e-009   -4.807826e-013    2.450881e+001    1.127565e+001    8.689241e-003   -1.458145e-006    1.492247e-010   -6.447367e-015   -3.339883e+001
   32. H2CNO2                  2.744661e+005    3.819734e+005    1.401000e+003    1.330419e+000    2.756716e-002   -1.197347e-005    3.385481e-009   -4.217122e-013    1.819317e+001    1.011423e+001    4.953433e-003   -8.527526e-007    8.880865e-011   -3.884592e-015   -2.813518e+001
   33. HCN                     2.017315e+005    2.535899e+005    1.000000e+003    2.417787e+000    9.031856e-003   -5.538635e-006    2.660047e-009   -5.777852e-013    8.222891e+000    3.426457e+000    3.924190e-003   -8.005690e-007    1.053989e-010   -6.082125e-015    3.607795e+000
   34. C2H2                    2.008933e+005    2.689069e+005    1.000000e+003    8.086911e-001    2.336140e-002   -1.775832e-005    9.338189e-009   -2.125111e-012    1.393967e+001    4.658705e+000    4.884095e-003   -8.041782e-007    8.232929e-011   -3.465376e-015   -3.997907e+000
   35. C2H3                    2.313479e+005    3.070911e+005    1.400000e+003    2.495574e+000    1.026999e-002   -5.113458e-007   -9.198127e-010    2.422996e-013    1.061463e+001    7.186168e+000    3.455268e-003   -1.471769e-007   -6.893981e-011    9.199444e-015   -1.597757e+001
   36. C2H4                    2.191573e+005    3.002152e+005    1.000000e+003    1.217660e+000    1.300268e-002    1.751872e-006   -3.718505e-009    1.180081e-012    1.548017e+001    4.398545e+000    9.622861e-003   -1.583189e-006    1.524921e-010   -5.914852e-015   -2.462744e+000
   37. C2H5                    2.580163e+005    3.530189e+005    1.400000e+003    2.439892e+000    1.374721e-002   -4.275033e-007   -1.048997e-009    2.343859e-013    1.309915e+001    8.734916e+000    5.453768e-003   -1.882359e-007   -1.043264e-010    1.321100e-014   -2.310409e+001
   38. C2H6                    2.290527e+005    3.315666e+005    1.000000e+003    1.539526e+000    1.504084e-002    3.342356e-006   -4.460983e-009    1.214035e-012    1.410737e+001    4.702885e+000    1.404263e-002   -2.323469e-006    2.249125e-010   -8.772328e-015   -4.543395e+000
   39. HCCO                    2.452614e+005    3.172481e+005    1.000000e+003    2.335012e+000    1.701008e-002   -1.100943e-005    5.135482e-009   -1.086377e-012    1.197673e+001    5.846901e+000    3.640596e-003   -6.479503e-007    6.932306e-011   -3.100006e-015   -5.291653e+000
   40. HCCOH                   2.491118e+005    3.357347e+005    1.000000e+003    1.965417e+000    2.558521e-002   -1.938667e-005    1.052211e-008   -2.520418e-012    1.260275e+001    6.366026e+000    5.503873e-003   -9.425951e-007    9.815471e-011   -4.304650e-015   -8.250471e+000
   41. CH2CO                   2.418690e+005    3.242868e+005    1.000000e+003    2.140117e+000    1.808837e-002   -8.662108e-006    3.092249e-009   -4.978753e-013    1.219870e+001    5.757790e+000    6.349651e-003   -1.129220e-006    1.206949e-010   -5.392258e-015   -6.106404e+000
   42. N                       1.532908e+005    1.784558e+005    1.000000e+003    2.500000e+000    0.000000e+000    0.000000e+000    0.000000e+000    0.000000e+000    4.193909e+000    2.415943e+000    1.748907e-004   -5.951184e-008    1.007541e-011   -5.090246e-016    4.649610e+000
   43. N2                      1.915917e+005    2.281727e+005    1.000000e+003    3.530963e+000   -1.236595e-004   -2.514967e-007    8.117589e-010   -3.521989e-013    2.967439e+000    2.952541e+000    1.396884e-003   -2.463129e-007    2.620003e-011   -1.151874e-015    5.871822e+000
   44. NO                      2.107317e+005    2.485342e+005    1.000000e+003    4.218599e+000   -4.639881e-003    5.522152e-006   -3.113518e-009    7.013872e-013    2.280610e+000    3.260712e+000    1.191011e-003   -2.145613e-007    2.314938e-011   -1.008239e-015    6.369005e+000
   45. NO2                     2.401509e+005    2.946104e+005    1.000000e+003    3.944031e+000   -1.585429e-003    8.328906e-006   -6.825142e-009    1.958764e-012    6.311992e+000    4.884754e+000    2.172395e-003   -4.140345e-007    5.249170e-011   -2.627724e-015   -1.174170e-001
   46. NO3                     2.525979e+005    3.297513e+005    1.000000e+003    2.173593e+000    1.049027e-002    5.523632e-006   -9.385395e-009    3.414599e-012    1.460221e+001    7.483477e+000    2.577720e-003   -5.047292e-007    5.743802e-011   -2.678850e-015   -1.416182e+001
   47. HNO                     2.205928e+005    2.696949e+005    1.000000e+003    2.784403e+000    6.609646e-003   -4.650112e-006    3.145993e-009   -9.382865e-013    9.035629e+000    3.615144e+000    3.212486e-003   -6.301685e-007    7.557660e-011   -3.840590e-015    4.810264e+000
   48. HONO                    2.540459e+005    3.244650e+005    1.000000e+003    3.214171e+000    8.127687e-003    8.301279e-007   -3.176173e-009    1.217876e-012    9.821950e+000    5.791902e+000    3.651521e-003   -6.464468e-007    6.896239e-011   -3.078814e-015   -4.055823e+000
   49. HONO2                   2.643211e+005    3.523073e+005    1.397000e+003    8.948252e-001    2.310131e-002   -9.977420e-006    2.786903e-009   -3.426237e-013    2.062342e+001    8.427860e+000    3.956825e-003   -6.931937e-007    7.301782e-011   -3.218699e-015   -1.919936e+001
   50. N2O                     2.199890e+005    2.769842e+005    1.000000e+003    2.257150e+000    1.130473e-002   -6.835659e-006    3.227327e-009   -7.326796e-013    1.075799e+001    4.823073e+000    2.627025e-003   -4.792544e-007    5.333571e-011   -2.443808e-015   -2.201721e+000
   51. AR                      1.548353e+005    1.800003e+005    1.000000e+003    2.500000e+000    0.000000e+000    0.000000e+000    0.000000e+000    0.000000e+000    4.379675e+000    2.500000e+000    0.000000e+000    0.000000e+000    0.000000e+000    0.000000e+000    4.379675e+000
   52. C                       1.580902e+005    1.832780e+005    1.000000e+003    2.554240e+000   -3.215377e-004    3.668961e-007   -2.440783e-010    6.663036e-014    4.531308e+000    2.605583e+000   -1.959343e-004    5.336861e-008   -5.474647e-012    2.046765e-016    4.192387e+000
   53. C2                      1.993936e+005    2.453291e+005    1.000000e+003    8.647055e-001    3.935312e-002   -5.990909e-005    4.636034e-008   -1.380138e-011    1.153014e+001    3.791371e+000    5.165047e-004   -1.274348e-008   -2.742118e-012    2.521542e-016    2.815180e+000
   54. C2H                     2.091862e+005    2.646432e+005    1.400000e+003    3.939633e+000    3.211441e-003   -1.970638e-007   -2.492751e-010    6.873380e-014    1.781400e+000    5.208666e+000    1.287577e-003   -5.199194e-008   -2.250878e-011    2.937968e-015   -5.372178e+000
   55. C2O                     2.335898e+005    2.942877e+005    1.000000e+003    2.864861e+000    1.199022e-002   -9.181224e-006    5.256580e-009   -1.347436e-012    8.886777e+000    5.151272e+000    2.372672e-003   -3.806799e-007    3.902138e-011   -1.756445e-015   -2.218313e+000
   56. CH2HCO                  2.677808e+005    3.585382e+005    1.000000e+003    3.409062e+000    1.073857e-002    9.457462e-007   -2.386194e-009    7.168463e-013    9.558291e+000    5.975670e+000    8.130591e-003   -1.371812e-006    1.356768e-010   -5.440043e-015   -5.045251e+000
   57. C2H2OH                  2.614722e+005    3.604106e+005    1.000000e+003    8.149828e-002    3.164064e-002   -1.704268e-005    6.326279e-009   -1.048754e-012    2.290898e+001    5.720684e+000    1.070419e-002   -2.517925e-006    3.774833e-010   -2.521655e-014   -4.708178e+000
   58. OCHCHO                  2.714735e+005    3.714969e+005    1.000000e+003    2.506886e+000    1.889914e-002   -5.151311e-006    2.086917e-010    2.202856e-013    1.318704e+001    4.908746e+000    1.318267e-002   -3.570837e-006    6.153772e-010   -4.631464e-014    5.914877e-001
   59. C2H5CHO                 3.044676e+005    4.533779e+005    1.000000e+003    7.604460e+000   -8.640356e-003    3.696505e-005   -2.656247e-008    7.001232e-012   -6.764369e+000    3.313798e+000    2.661961e-002   -5.237798e-006    6.271778e-010   -3.190327e-014    9.660845e+000
   60. C2H5CO                  3.079899e+005    4.451819e+005    1.000000e+003    6.736829e+000   -2.694530e-003    2.496351e-005   -1.667527e-008    3.752876e-012   -2.339873e+000    3.044570e+000    2.323643e-002   -4.315897e-006    4.933183e-010   -2.421521e-014    1.312230e+001
   61. NH                      1.812087e+005    2.171076e+005    1.000000e+003    3.492908e+000    3.117920e-004   -7.445242e-007    8.272147e-010   -2.589242e-013    1.848328e+000    2.783693e+000    1.329843e-003   -2.123902e-007    2.611617e-011   -1.376112e-015    5.740780e+000
   62. NH2                     1.949776e+005    2.401037e+005    1.000000e+003    4.205560e+000   -2.135528e-003    3.634101e-006   -1.976760e-009    4.516805e-013   -1.466323e-001    2.847661e+000    3.142845e-003   -4.493328e-007    4.344119e-011   -1.872134e-015    6.471813e+000
   63. NH3                     1.927513e+005    2.463691e+005    1.000000e+003    4.301778e+000   -4.771273e-003    1.096708e-005   -7.661883e-009    2.072481e-012   -6.906444e-001    2.717097e+000    5.568563e-003   -8.844320e-007    8.913909e-011   -3.818285e-015    6.092898e+000
   64. NNH                     2.244867e+005    2.736674e+005    1.000000e+003    4.344693e+000   -4.849707e-003    1.002973e-005   -7.242155e-009    1.986738e-012    2.977941e+000    3.766754e+000    2.891508e-003   -5.208310e-007    5.614198e-011   -2.522974e-015    4.470507e+000
   65. N2H2                    2.183143e+005    2.747698e+005    1.000000e+003    4.910660e+000   -1.077919e-002    1.932582e-005   -1.288339e-008    3.371302e-012    9.102797e-002    1.311151e+000    9.001873e-003   -1.574559e-006    1.604832e-010   -6.797450e-015    1.640911e+001
   66. H2NO                    2.329826e+005    2.930870e+005    1.500000e+003    2.530589e+000    8.596035e-003   -2.735515e-006    7.587497e-010   -1.162018e-013    1.126651e+001    5.673346e+000    2.298836e-003   -8.872225e-008   -3.678273e-011    4.649405e-015   -6.153540e+000
   67. CN                      2.026276e+005    2.397332e+005    1.000000e+003    3.612935e+000   -9.555133e-004    1.072149e-006   -1.050544e-010   -1.160759e-013    3.980500e+000    3.745980e+000    4.345077e-005    1.485299e-007   -2.288393e-011    1.103354e-015    2.786760e+000
   68. C2N2                    2.420619e+005    3.232900e+005    1.000000e+003    2.329253e+000    2.615378e-002   -2.450020e-005    1.539725e-008   -4.108096e-012    9.850199e+000    6.705508e+000    3.642583e-003   -6.547032e-007    7.214599e-011   -3.280359e-015   -1.049390e+001
   69. NCN                     2.257913e+005    2.866725e+005    1.000000e+003    2.798080e+000    1.000087e-002   -4.796147e-006    1.585156e-009   -2.608504e-013    8.621298e+000    5.687442e+000    1.826628e-003   -3.537731e-007    3.983853e-011   -1.829568e-015   -6.319544e+000
   70. CH3CN                   2.426195e+005    3.320251e+005    1.000000e+003    2.519753e+000    1.356752e-002   -1.288204e-006   -1.029799e-009    3.572173e-013    1.092087e+001    2.392405e+000    1.561887e-002   -3.956025e-006    6.457444e-010   -4.652989e-014    1.114524e+001
   71. CH2CN                   2.499352e+005    3.348198e+005    1.000000e+003    2.529672e+000    1.811414e-002   -9.480288e-006    3.981528e-009   -8.136036e-013    1.099344e+001    4.605815e+000    9.448516e-003   -2.355816e-006    3.796652e-010   -2.707236e-014    1.008442e+000
   72. H2CN                    2.242835e+005    2.842189e+005    1.000000e+003    3.977995e+000   -3.432757e-003    1.295671e-005   -1.015640e-008    2.906818e-012    4.430296e+000    3.803155e+000    5.471975e-003   -9.765746e-007    1.044542e-010   -4.656237e-015    3.317219e+000
   73. NCO                     2.265300e+005    2.851964e+005    1.400000e+003    3.359593e+000    5.393239e-003   -4.072293e-007   -6.376227e-010    1.959199e-013    6.549694e+000    6.072346e+000    9.227829e-004   -4.922787e-008   -1.588041e-011    2.272611e-015   -8.507293e+000
   74. HOCN                    2.479453e+005    3.123439e+005    1.400000e+003    3.789424e+000    5.387981e-003   -3.259135e-007   -4.733880e-010    1.341992e-013    6.667052e+000    6.022112e+000    1.929530e-003   -7.275145e-008   -3.486037e-011    4.487035e-015   -5.866433e+000
   75. HNCO                    2.387381e+005    3.079169e+005    1.400000e+003    3.858467e+000    6.390342e-003   -4.508314e-007   -6.327413e-010    1.912845e-013    4.882493e+000    6.545307e+000    1.965760e-003   -7.813320e-008   -3.581060e-011    4.686700e-015   -1.003880e+001
   76. HCNO                    2.250694e+005    2.992249e+005    1.000000e+003    3.184859e+000    9.752316e-003   -6.401015e-007   -2.054368e-009    8.065687e-013    6.123844e+000    6.692412e+000    2.368360e-003   -1.185755e-007   -4.251677e-011    6.017843e-015   -1.245434e+001

 -------------------------------------------------------------------------------------------------------------------------------------------------------------------------------------------------------------------------------------------------------------------------------------------


