
-----------------------------------------------------------------------------
Status                        Initial             Final
-----------------------------------------------------------------------------
Time[s]                       0                   0.21
Length[m]                     0                   0.21
T[K]                          953.150             953.150
P[atm]                        1.67777             1.67777
V[m3]                         1.00000             1.00000
rho[kg/m3]                    0.60170             0.60170
MW[kg/kmol]                   28.04953            28.04953
H[J/kg]                       -1.279381e+006      -1.279400e+006
U[J/kg]                       -1.561914e+006      -1.561934e+006
E[J/kg]                       -1.279380e+006      -1.279400e+006
Conv.(%) O2                   0.000e+000          3.238e-003
Conv.(%) H2O                  0.000e+000          -2.203e-003
Conv.(%) CH4                  0.000e+000          2.249e-002
Conv.(%) CO2                  0.000e+000          -2.156e-007
Conv.(%) C2H6                 0.000e+000          3.838e-001
Conv.(%) NO                   0.000e+000          1.549e-001
Conv.(%) NO2                  0.000e+000          -5.144e-001
Conv.(%) N2                   0.000e+000          4.850e-011
Total species (kmol/m2/s)     2.145129e-002       2.145130e-002
Element(kmol/m2/s) H          6.018804e-003       6.018804e-003
Element(kmol/m2/s) O          9.265243e-003       9.265243e-003
Element(kmol/m2/s) C          1.509957e-003       1.509957e-003
Element(kmol/m2/s) N          3.064618e-002       3.064618e-002
-----------------------------------------------------------------------------

-----------------------------------------------------------------------------
Mass fractions                Initial             Final
-----------------------------------------------------------------------------
H2                            0.000000e+000       1.487949e-010
H                             0.000000e+000       1.588710e-014
O                             0.000000e+000       3.751718e-012
O2                            9.696527e-002       9.696213e-002
OH                            0.000000e+000       1.254871e-010
H2O                           8.349338e-002       8.349522e-002
HO2                           0.000000e+000       2.192194e-010
H2O2                          0.000000e+000       7.920235e-012
C                             0.000000e+000       2.470975e-034
CH                            0.000000e+000       1.416777e-026
CH2                           0.000000e+000       1.482271e-016
CH2(S)                        0.000000e+000       6.952079e-018
CH3                           0.000000e+000       2.673921e-008
CH4                           2.522311e-003       2.521744e-003
CO                            0.000000e+000       1.579700e-008
CO2                           1.019834e-001       1.019834e-001
HCO                           0.000000e+000       9.110484e-015
CH2O                          0.000000e+000       8.325229e-007
CH2OH                         0.000000e+000       4.329915e-018
CH3O                          0.000000e+000       2.845129e-013
CH3OH                         0.000000e+000       8.523943e-010
C2H                           0.000000e+000       4.483465e-023
C2H2                          0.000000e+000       2.026954e-011
C2H3                          0.000000e+000       1.366416e-015
C2H4                          0.000000e+000       1.950866e-006
C2H5                          0.000000e+000       6.195072e-011
C2H6                          5.252958e-004       5.232795e-004
HCCO                          0.000000e+000       1.161157e-018
CH2CO                         0.000000e+000       4.014580e-010
HCCOH                         0.000000e+000       2.240318e-017
N                             0.000000e+000       4.959603e-020
NH                            0.000000e+000       2.430346e-020
NH2                           0.000000e+000       1.815120e-019
NH3                           0.000000e+000       1.282762e-016
NNH                           0.000000e+000       2.740945e-019
NO                            1.283701e-003       1.281712e-003
NO2                           5.904484e-004       5.934856e-004
N2O                           0.000000e+000       7.052464e-013
HNO                           0.000000e+000       4.642441e-013
CN                            0.000000e+000       1.590660e-020
HCN                           0.000000e+000       6.759219e-009
H2CN                          0.000000e+000       1.704403e-014
HCNN                          0.000000e+000       2.857583e-027
HCNO                          0.000000e+000       3.970066e-012
HOCN                          0.000000e+000       4.029936e-015
HNCO                          0.000000e+000       2.050487e-011
NCO                           0.000000e+000       2.477161e-018
N2                            7.126362e-001       7.126362e-001
AR                            0.000000e+000       0.000000e+000
C3H7                          0.000000e+000       1.907677e-014
C3H8                          0.000000e+000       1.105785e-010
CH2CHO                        0.000000e+000       5.682804e-014
CH3CHO                        0.000000e+000       2.130939e-013
--------------------------------------------------------------

-----------------------------------------------------------------------------
Mole fractions                Initial             Final
-----------------------------------------------------------------------------
H2                            0.000000e+000       2.070252e-009
H                             0.000000e+000       4.420889e-013
O                             0.000000e+000       6.577531e-012
O2                            8.500000e-002       8.499724e-002
OH                            0.000000e+000       2.069650e-010
H2O                           1.300000e-001       1.300029e-001
HO2                           0.000000e+000       1.862994e-010
H2O2                          0.000000e+000       6.531394e-012
C                             0.000000e+000       5.770518e-034
CH                            0.000000e+000       3.052456e-026
CH2                           0.000000e+000       2.964070e-016
CH2(S)                        0.000000e+000       1.390194e-017
CH3                           0.000000e+000       4.988508e-008
CH4                           4.410000e-003       4.409008e-003
CO                            0.000000e+000       1.581929e-008
CO2                           6.500000e-002       6.500000e-002
HCO                           0.000000e+000       8.806422e-015
CH2O                          0.000000e+000       7.777218e-007
CH2OH                         0.000000e+000       3.913517e-018
CH3O                          0.000000e+000       2.571519e-013
CH3OH                         0.000000e+000       7.461849e-010
C2H                           0.000000e+000       5.024333e-023
C2H2                          0.000000e+000       2.183544e-011
C2H3                          0.000000e+000       1.417116e-015
C2H4                          0.000000e+000       1.950555e-006
C2H5                          0.000000e+000       5.979246e-011
C2H6                          4.900000e-004       4.881191e-004
HCCO                          0.000000e+000       7.938261e-019
CH2CO                         0.000000e+000       2.678761e-010
HCCOH                         0.000000e+000       1.494870e-017
N                             0.000000e+000       9.931785e-020
NH                            0.000000e+000       4.540131e-020
NH2                           0.000000e+000       3.177510e-019
NH3                           0.000000e+000       2.112669e-016
NNH                           0.000000e+000       2.649101e-019
NO                            1.200000e-003       1.198141e-003
NO2                           3.600000e-004       3.618518e-004
N2O                           0.000000e+000       4.494542e-013
HNO                           0.000000e+000       4.198694e-013
CN                            0.000000e+000       1.714862e-020
HCN                           0.000000e+000       7.015204e-009
H2CN                          0.000000e+000       1.705347e-014
HCNN                          0.000000e+000       1.953400e-027
HCNO                          0.000000e+000       2.588227e-012
HOCN                          0.000000e+000       2.627258e-015
HNCO                          0.000000e+000       1.336785e-011
NCO                           0.000000e+000       1.653692e-018
N2                            7.135400e-001       7.135400e-001
AR                            0.000000e+000       0.000000e+000
C3H7                          0.000000e+000       1.241835e-014
C3H8                          0.000000e+000       7.033754e-011
CH2CHO                        0.000000e+000       3.703101e-014
CH3CHO                        0.000000e+000       1.356817e-013
-----------------------------------------------------------------------------
