
-----------------------------------------------------------------------------
Status                        Initial             Final
-----------------------------------------------------------------------------
Time[s]                       0                   0.21
Length[m]                     0                   0.21
T[K]                          953.150             953.150
P[atm]                        1.67777             1.67777
V[m3]                         1.00000             1.00000
rho[kg/m3]                    0.60156             0.60156
MW[kg/kmol]                   28.04288            28.04288
H[J/kg]                       -1.283064e+006      -1.283082e+006
U[J/kg]                       -1.565665e+006      -1.565683e+006
E[J/kg]                       -1.283064e+006      -1.283082e+006
Conv.(%) O2                   0.000e+000          3.026e-003
Conv.(%) H2O                  0.000e+000          -2.011e-003
Conv.(%) CH4                  0.000e+000          2.047e-002
Conv.(%) CO2                  0.000e+000          -1.748e-007
Conv.(%) C2H6                 0.000e+000          3.524e-001
Conv.(%) NO                   0.000e+000          5.996e-001
Conv.(%) NO2                  0.000e+000          -1.997e+000
Conv.(%) N2                   0.000e+000          4.374e-011
Total species (kmol/m2/s)     2.145129e-002       2.145129e-002
Element(kmol/m2/s) H          6.018804e-003       6.018804e-003
Element(kmol/m2/s) O          9.234353e-003       9.234353e-003
Element(kmol/m2/s) C          1.509957e-003       1.509957e-003
Element(kmol/m2/s) N          3.067128e-002       3.067128e-002
-----------------------------------------------------------------------------

-----------------------------------------------------------------------------
Mass fractions                Initial             Final
-----------------------------------------------------------------------------
H2                            0.000000e+000       2.425441e-010
H                             0.000000e+000       2.862657e-014
O                             0.000000e+000       3.720258e-012
O2                            9.698826e-002       9.698533e-002
OH                            0.000000e+000       1.249655e-010
H2O                           8.351318e-002       8.351486e-002
HO2                           0.000000e+000       8.589595e-010
H2O2                          0.000000e+000       3.088899e-011
C                             0.000000e+000       1.885948e-032
CH                            0.000000e+000       1.614172e-026
CH2                           0.000000e+000       1.484319e-016
CH2(S)                        0.000000e+000       6.778960e-018
CH3                           0.000000e+000       2.665574e-008
CH4                           2.522909e-003       2.522393e-003
CO                            0.000000e+000       1.360586e-008
CO2                           1.020075e-001       1.020075e-001
HCO                           0.000000e+000       8.350336e-015
CH2O                          0.000000e+000       7.679799e-007
CH2OH                         0.000000e+000       4.518087e-018
CH3O                          0.000000e+000       3.017320e-013
CH3OH                         0.000000e+000       7.737722e-010
C2H                           0.000000e+000       3.715479e-023
C2H2                          0.000000e+000       1.698471e-011
C2H3                          0.000000e+000       1.234119e-015
C2H4                          0.000000e+000       1.786618e-006
C2H5                          0.000000e+000       6.174024e-011
C2H6                          5.254204e-004       5.235691e-004
HCCO                          0.000000e+000       1.004990e-018
CH2CO                         0.000000e+000       3.357348e-010
HCCOH                         0.000000e+000       1.726201e-017
N                             0.000000e+000       1.761226e-020
NH                            0.000000e+000       1.902359e-020
NH2                           0.000000e+000       4.134732e-020
NH3                           0.000000e+000       2.692637e-017
NNH                           0.000000e+000       4.947137e-019
NO                            3.210013e-004       3.190767e-004
NO2                           1.476471e-004       1.505953e-004
N2O                           0.000000e+000       5.065399e-013
HNO                           0.000000e+000       4.071943e-013
CN                            0.000000e+000       3.633686e-021
HCN                           0.000000e+000       1.548006e-009
H2CN                          0.000000e+000       4.228941e-015
HCNN                          0.000000e+000       3.260931e-027
HCNO                          0.000000e+000       8.891685e-013
HOCN                          0.000000e+000       8.459416e-016
HNCO                          0.000000e+000       4.595595e-012
NCO                           0.000000e+000       1.886680e-018
N2                            7.139740e-001       7.139740e-001
AR                            0.000000e+000       0.000000e+000
C3H7                          0.000000e+000       1.723606e-014
C3H8                          0.000000e+000       9.674680e-011
CH2CHO                        0.000000e+000       5.132073e-014
CH3CHO                        0.000000e+000       1.786424e-013
--------------------------------------------------------------

-----------------------------------------------------------------------------
Mole fractions                Initial             Final
-----------------------------------------------------------------------------
H2                            0.000000e+000       3.373827e-009
H                             0.000000e+000       7.964001e-013
O                             0.000000e+000       6.520828e-012
O2                            8.500000e-002       8.499743e-002
OH                            0.000000e+000       2.060559e-010
H2O                           1.300000e-001       1.300026e-001
HO2                           0.000000e+000       7.297975e-010
H2O2                          0.000000e+000       2.546646e-011
C                             0.000000e+000       4.403248e-032
CH                            0.000000e+000       3.476921e-026
CH2                           0.000000e+000       2.967460e-016
CH2(S)                        0.000000e+000       1.355254e-017
CH3                           0.000000e+000       4.971756e-008
CH4                           4.410000e-003       4.409097e-003
CO                            0.000000e+000       1.362183e-008
CO2                           6.500000e-002       6.500000e-002
HCO                           0.000000e+000       8.069731e-015
CH2O                          0.000000e+000       7.172572e-007
CH2OH                         0.000000e+000       4.082624e-018
CH3O                          0.000000e+000       2.726505e-013
CH3OH                         0.000000e+000       6.771986e-010
C2H                           0.000000e+000       4.162713e-023
C2H2                          0.000000e+000       1.829250e-011
C2H3                          0.000000e+000       1.279607e-015
C2H4                          0.000000e+000       1.785909e-006
C2H5                          0.000000e+000       5.957518e-011
C2H6                          4.900000e-004       4.882735e-004
HCCO                          0.000000e+000       6.868996e-019
CH2CO                         0.000000e+000       2.239686e-010
HCCOH                         0.000000e+000       1.151548e-017
N                             0.000000e+000       3.526082e-020
NH                            0.000000e+000       3.552955e-020
NH2                           0.000000e+000       7.236458e-020
NH3                           0.000000e+000       4.433637e-017
NNH                           0.000000e+000       4.780235e-019
NO                            3.000000e-004       2.982013e-004
NO2                           9.000000e-005       9.179711e-005
N2O                           0.000000e+000       3.227419e-013
HNO                           0.000000e+000       3.681854e-013
CN                            0.000000e+000       3.916481e-021
HCN                           0.000000e+000       1.606251e-009
H2CN                          0.000000e+000       4.230280e-015
HCNN                          0.000000e+000       2.228594e-027
HCNO                          0.000000e+000       5.795431e-013
HOCN                          0.000000e+000       5.513687e-016
HNCO                          0.000000e+000       2.995321e-012
NCO                           0.000000e+000       1.259203e-018
N2                            7.147100e-001       7.147100e-001
AR                            0.000000e+000       0.000000e+000
C3H7                          0.000000e+000       1.121745e-014
C3H8                          0.000000e+000       6.152479e-011
CH2CHO                        0.000000e+000       3.343433e-014
CH3CHO                        0.000000e+000       1.137186e-013
-----------------------------------------------------------------------------
